<?xml version="1.0" encoding="UTF-8"?>
<testsuite name="com.vir.controller.AceptanceOCRCriteriaBigFilesIntegrationTest" time="0" tests="1" errors="0" skipped="1" failures="0">
  <properties>
    <property name="java.runtime.name" value="Java(TM) SE Runtime Environment"/>
    <property name="sun.boot.library.path" value="C:\Program Files\Java\jdk1.8.0_261\jre\bin"/>
    <property name="java.vm.version" value="25.261-b12"/>
    <property name="java.vm.vendor" value="Oracle Corporation"/>
    <property name="maven.multiModuleProjectDirectory" value="C:\Users\regin\Desktop\VIRS\Code"/>
    <property name="java.vendor.url" value="http://java.oracle.com/"/>
    <property name="path.separator" value=";"/>
    <property name="guice.disable.misplaced.annotation.check" value="true"/>
    <property name="java.vm.name" value="Java HotSpot(TM) 64-Bit Server VM"/>
    <property name="file.encoding.pkg" value="sun.io"/>
    <property name="user.script" value=""/>
    <property name="user.country" value="US"/>
    <property name="sun.java.launcher" value="SUN_STANDARD"/>
    <property name="sun.os.patch.level" value=""/>
    <property name="java.vm.specification.name" value="Java Virtual Machine Specification"/>
    <property name="user.dir" value="C:\Users\regin\Desktop\VIRS\Code"/>
    <property name="java.runtime.version" value="1.8.0_261-b12"/>
    <property name="java.awt.graphicsenv" value="sun.awt.Win32GraphicsEnvironment"/>
    <property name="java.endorsed.dirs" value="C:\Program Files\Java\jdk1.8.0_261\jre\lib\endorsed"/>
    <property name="os.arch" value="amd64"/>
    <property name="java.io.tmpdir" value="C:\Users\regin\AppData\Local\Temp\"/>
    <property name="ng.production.flag" value="--prod"/>
    <property name="line.separator" value="&#10;"/>
    <property name="java.vm.specification.vendor" value="Oracle Corporation"/>
    <property name="user.variant" value=""/>
    <property name="os.name" value="Windows 10"/>
    <property name="classworlds.conf" value="C:\Users\regin\.m2\wrapper\dists\apache-maven-3.6.3-bin\1iopthnavndlasol9gbrbg6bf2\apache-maven-3.6.3\bin\m2.conf"/>
    <property name="sun.jnu.encoding" value="Cp1252"/>
    <property name="java.library.path" value="C:\Program Files\Java\jdk1.8.0_261\bin;C:\WINDOWS\Sun\Java\bin;C:\WINDOWS\system32;C:\WINDOWS;C:\Python39\Scripts\;C:\Python39\;C:\Program Files\Microsoft MPI\Bin\;C:\Program Files (x86)\Common Files\Intel\Shared Libraries\redist\intel64\compiler;C:\Program Files (x86)\Common Files\Oracle\Java\javapath;C:\Program Files\AdoptOpenJDK\jdk-14.0.1.7-hotspot\bin;C:\windows\system32;C:\windows;C:\windows\System32\Wbem;C:\windows\System32\WindowsPowerShell\v1.0\;C:\windows\System32\OpenSSH\;C:\Program Files (x86)\NVIDIA Corporation\PhysX\Common;C:\Program Files\NVIDIA Corporation\NVIDIA NvDLISR;C:\Program Files\Git\cmd;C:\Program Files\dotnet\;C:\WINDOWS\system32;C:\WINDOWS;C:\WINDOWS\System32\Wbem;C:\WINDOWS\System32\WindowsPowerShell\v1.0\;C:\WINDOWS\System32\OpenSSH\;C:\Program Files (x86)\Microsoft SQL Server\150\Tools\Binn\;C:\Program Files\Microsoft SQL Server\150\Tools\Binn\;C:\Program Files (x86)\Microsoft SQL Server\150\DTS\Binn\;C:\Program Files\Microsoft SQL Server\150\DTS\Binn\;C:\Program Files\Microsoft SQL Server\Client SDK\ODBC\170\Tools\Binn\;C:\Program Files\Azure Data Studio\bin;C:\Program Files\nodejs\;C:\ProgramData\chocolatey\bin;C:\Program Files\MySQL\MySQL Server 8.0\bin\;C:\Program Files\MySQL\MySQL Server 8.0\bin;C:\Users\regin\AppData\Local\Microsoft\WindowsApps;C:\Users\regin\.dotnet\tools;C:\Users\regin\AppData\Roaming\npm\node_modules\@angular\cli\bin;C:\Program Files\Azure Data Studio\bin;C:\Users\regin\AppData\Local\Programs\Microsoft VS Code\bin;C:\Users\regin\AppData\Roaming\npm;C:\Users\regin\AppData\Local\GitHubDesktop\bin;."/>
    <property name="maven.conf" value="C:\Users\regin\.m2\wrapper\dists\apache-maven-3.6.3-bin\1iopthnavndlasol9gbrbg6bf2\apache-maven-3.6.3/conf"/>
    <property name="java.specification.name" value="Java Platform API Specification"/>
    <property name="java.class.version" value="52.0"/>
    <property name="sun.management.compiler" value="HotSpot 64-Bit Tiered Compilers"/>
    <property name="os.version" value="10.0"/>
    <property name="user.home" value="C:\Users\regin"/>
    <property name="user.timezone" value="America/New_York"/>
    <property name="java.awt.printerjob" value="sun.awt.windows.WPrinterJob"/>
    <property name="java.specification.version" value="1.8"/>
    <property name="file.encoding" value="Cp1252"/>
    <property name="npm.executable" value="npm.cmd"/>
    <property name="user.name" value="regin"/>
    <property name="java.class.path" value="C:\Users\regin\Desktop\VIRS\Code\.mvn\wrapper\maven-wrapper.jar"/>
    <property name="java.vm.specification.version" value="1.8"/>
    <property name="sun.arch.data.model" value="64"/>
    <property name="java.home" value="C:\Program Files\Java\jdk1.8.0_261\jre"/>
    <property name="sun.java.command" value="org.apache.maven.wrapper.MavenWrapperMain clean install -P install,prod -Dnpm.executable=npm.cmd -Dng.executable=ng.cmd -Dng.production.flag=--prod"/>
    <property name="ng.executable" value="ng.cmd"/>
    <property name="java.specification.vendor" value="Oracle Corporation"/>
    <property name="user.language" value="en"/>
    <property name="awt.toolkit" value="sun.awt.windows.WToolkit"/>
    <property name="java.vm.info" value="mixed mode"/>
    <property name="java.version" value="1.8.0_261"/>
    <property name="java.ext.dirs" value="C:\Program Files\Java\jdk1.8.0_261\jre\lib\ext;C:\WINDOWS\Sun\Java\lib\ext"/>
    <property name="sun.boot.class.path" value="C:\Program Files\Java\jdk1.8.0_261\jre\lib\resources.jar;C:\Program Files\Java\jdk1.8.0_261\jre\lib\rt.jar;C:\Program Files\Java\jdk1.8.0_261\jre\lib\sunrsasign.jar;C:\Program Files\Java\jdk1.8.0_261\jre\lib\jsse.jar;C:\Program Files\Java\jdk1.8.0_261\jre\lib\jce.jar;C:\Program Files\Java\jdk1.8.0_261\jre\lib\charsets.jar;C:\Program Files\Java\jdk1.8.0_261\jre\lib\jfr.jar;C:\Program Files\Java\jdk1.8.0_261\jre\classes"/>
    <property name="sun.stderr.encoding" value="cp437"/>
    <property name="java.vendor" value="Oracle Corporation"/>
    <property name="maven.home" value="C:\Users\regin\.m2\wrapper\dists\apache-maven-3.6.3-bin\1iopthnavndlasol9gbrbg6bf2\apache-maven-3.6.3"/>
    <property name="file.separator" value="\"/>
    <property name="java.vendor.url.bug" value="http://bugreport.sun.com/bugreport/"/>
    <property name="sun.cpu.endian" value="little"/>
    <property name="sun.io.unicode.encoding" value="UnicodeLittle"/>
    <property name="sun.stdout.encoding" value="cp437"/>
    <property name="sun.desktop" value="windows"/>
    <property name="sun.cpu.isalist" value="amd64"/>
  </properties>
  <testcase name="getAceptanceCriteriaTestResults" classname="com.vir.controller.AceptanceOCRCriteriaBigFilesIntegrationTest" time="0">
    <skipped/>
    <system-out><![CDATA[15:41:28.063 [main] DEBUG org.springframework.test.context.junit4.SpringJUnit4ClassRunner - SpringJUnit4ClassRunner constructor called with [class com.vir.controller.AceptanceOCRCriteriaBigFilesIntegrationTest]
15:41:28.068 [main] DEBUG org.springframework.test.context.BootstrapUtils - Instantiating CacheAwareContextLoaderDelegate from class [org.springframework.test.context.cache.DefaultCacheAwareContextLoaderDelegate]
15:41:28.077 [main] DEBUG org.springframework.test.context.BootstrapUtils - Instantiating BootstrapContext using constructor [public org.springframework.test.context.support.DefaultBootstrapContext(java.lang.Class,org.springframework.test.context.CacheAwareContextLoaderDelegate)]
15:41:28.107 [main] DEBUG org.springframework.test.context.BootstrapUtils - Instantiating TestContextBootstrapper for test class [com.vir.controller.AceptanceOCRCriteriaBigFilesIntegrationTest] from class [org.springframework.boot.test.context.SpringBootTestContextBootstrapper]
15:41:28.135 [main] INFO org.springframework.boot.test.context.SpringBootTestContextBootstrapper - Neither @ContextConfiguration nor @ContextHierarchy found for test class [com.vir.controller.AceptanceOCRCriteriaBigFilesIntegrationTest], using SpringBootContextLoader
15:41:28.141 [main] DEBUG org.springframework.test.context.support.AbstractContextLoader - Did not detect default resource location for test class [com.vir.controller.AceptanceOCRCriteriaBigFilesIntegrationTest]: class path resource [com/vir/controller/AceptanceOCRCriteriaBigFilesIntegrationTest-context.xml] does not exist
15:41:28.143 [main] DEBUG org.springframework.test.context.support.AbstractContextLoader - Did not detect default resource location for test class [com.vir.controller.AceptanceOCRCriteriaBigFilesIntegrationTest]: class path resource [com/vir/controller/AceptanceOCRCriteriaBigFilesIntegrationTestContext.groovy] does not exist
15:41:28.144 [main] INFO org.springframework.test.context.support.AbstractContextLoader - Could not detect default resource locations for test class [com.vir.controller.AceptanceOCRCriteriaBigFilesIntegrationTest]: no resource found for suffixes {-context.xml, Context.groovy}.
15:41:28.146 [main] DEBUG org.springframework.test.context.support.AnnotationConfigContextLoaderUtils - Ignoring class [com.vir.controller.AceptanceOCRCriteriaBigFilesIntegrationTest$Data]; it must be static, non-private, non-final, and annotated with @Configuration to be considered a default configuration class.
15:41:28.147 [main] INFO org.springframework.test.context.support.AnnotationConfigContextLoaderUtils - Could not detect default configuration classes for test class [com.vir.controller.AceptanceOCRCriteriaBigFilesIntegrationTest]: AceptanceOCRCriteriaBigFilesIntegrationTest does not declare any static, non-private, non-final, nested classes annotated with @Configuration.
15:41:28.225 [main] DEBUG org.springframework.core.env.StandardEnvironment - Adding [systemProperties] PropertySource with lowest search precedence
15:41:28.228 [main] DEBUG org.springframework.core.env.StandardEnvironment - Adding [systemEnvironment] PropertySource with lowest search precedence
15:41:28.228 [main] DEBUG org.springframework.core.env.StandardEnvironment - Initialized StandardEnvironment with PropertySources [systemProperties,systemEnvironment]
15:41:28.252 [main] DEBUG org.springframework.core.io.support.PathMatchingResourcePatternResolver - Resolved classpath location [com/vir/controller/] to resources [URL [file:/C:/Users/regin/Desktop/VIRS/Code/VIR-Backend/target/test-classes/com/vir/controller/], URL [file:/C:/Users/regin/Desktop/VIRS/Code/VIR-Backend/target/classes/com/vir/controller/]]
15:41:28.252 [main] DEBUG org.springframework.core.io.support.PathMatchingResourcePatternResolver - Looking for matching resources in directory tree [C:\Users\regin\Desktop\VIRS\Code\VIR-Backend\target\test-classes\com\vir\controller]
15:41:28.252 [main] DEBUG org.springframework.core.io.support.PathMatchingResourcePatternResolver - Searching directory [C:\Users\regin\Desktop\VIRS\Code\VIR-Backend\target\test-classes\com\vir\controller] for files matching pattern [C:/Users/regin/Desktop/VIRS/Code/VIR-Backend/target/test-classes/com/vir/controller/*.class]
15:41:28.264 [main] DEBUG org.springframework.core.io.support.PathMatchingResourcePatternResolver - Looking for matching resources in directory tree [C:\Users\regin\Desktop\VIRS\Code\VIR-Backend\target\classes\com\vir\controller]
15:41:28.264 [main] DEBUG org.springframework.core.io.support.PathMatchingResourcePatternResolver - Searching directory [C:\Users\regin\Desktop\VIRS\Code\VIR-Backend\target\classes\com\vir\controller] for files matching pattern [C:/Users/regin/Desktop/VIRS/Code/VIR-Backend/target/classes/com/vir/controller/*.class]
15:41:28.266 [main] DEBUG org.springframework.core.io.support.PathMatchingResourcePatternResolver - Resolved location pattern [classpath*:com/vir/controller/*.class] to resources [file [C:\Users\regin\Desktop\VIRS\Code\VIR-Backend\target\test-classes\com\vir\controller\AceptanceOCRCriteriaBigFilesIntegrationTest$Data.class], file [C:\Users\regin\Desktop\VIRS\Code\VIR-Backend\target\test-classes\com\vir\controller\AceptanceOCRCriteriaBigFilesIntegrationTest.class], file [C:\Users\regin\Desktop\VIRS\Code\VIR-Backend\target\test-classes\com\vir\controller\AnalizerControlerTest.class], file [C:\Users\regin\Desktop\VIRS\Code\VIR-Backend\target\test-classes\com\vir\controller\AngularRedirectControllerTest.class], file [C:\Users\regin\Desktop\VIRS\Code\VIR-Backend\target\test-classes\com\vir\controller\DictionaryControlerTest.class], file [C:\Users\regin\Desktop\VIRS\Code\VIR-Backend\target\test-classes\com\vir\controller\ExceptionAdviceControllerTest.class], file [C:\Users\regin\Desktop\VIRS\Code\VIR-Backend\target\test-classes\com\vir\controller\ResourceControlerTest.class], file [C:\Users\regin\Desktop\VIRS\Code\VIR-Backend\target\test-classes\com\vir\controller\WordControlerTest.class], file [C:\Users\regin\Desktop\VIRS\Code\VIR-Backend\target\classes\com\vir\controller\AnalyzerController.class], file [C:\Users\regin\Desktop\VIRS\Code\VIR-Backend\target\classes\com\vir\controller\AngularRedirectController.class], file [C:\Users\regin\Desktop\VIRS\Code\VIR-Backend\target\classes\com\vir\controller\DictionaryEntryController.class], file [C:\Users\regin\Desktop\VIRS\Code\VIR-Backend\target\classes\com\vir\controller\ExceptionAdviceController.class], file [C:\Users\regin\Desktop\VIRS\Code\VIR-Backend\target\classes\com\vir\controller\ResourceController.class], file [C:\Users\regin\Desktop\VIRS\Code\VIR-Backend\target\classes\com\vir\controller\UserController.class], file [C:\Users\regin\Desktop\VIRS\Code\VIR-Backend\target\classes\com\vir\controller\WordAdminController.class], file [C:\Users\regin\Desktop\VIRS\Code\VIR-Backend\target\classes\com\vir\controller\WordController.class]]
15:41:28.375 [main] DEBUG org.springframework.core.io.support.PathMatchingResourcePatternResolver - Resolved classpath location [com/vir/] to resources [URL [file:/C:/Users/regin/Desktop/VIRS/Code/VIR-Backend/target/test-classes/com/vir/], URL [file:/C:/Users/regin/Desktop/VIRS/Code/VIR-Backend/target/classes/com/vir/]]
15:41:28.375 [main] DEBUG org.springframework.core.io.support.PathMatchingResourcePatternResolver - Looking for matching resources in directory tree [C:\Users\regin\Desktop\VIRS\Code\VIR-Backend\target\test-classes\com\vir]
15:41:28.376 [main] DEBUG org.springframework.core.io.support.PathMatchingResourcePatternResolver - Searching directory [C:\Users\regin\Desktop\VIRS\Code\VIR-Backend\target\test-classes\com\vir] for files matching pattern [C:/Users/regin/Desktop/VIRS/Code/VIR-Backend/target/test-classes/com/vir/*.class]
15:41:28.377 [main] DEBUG org.springframework.core.io.support.PathMatchingResourcePatternResolver - Looking for matching resources in directory tree [C:\Users\regin\Desktop\VIRS\Code\VIR-Backend\target\classes\com\vir]
15:41:28.377 [main] DEBUG org.springframework.core.io.support.PathMatchingResourcePatternResolver - Searching directory [C:\Users\regin\Desktop\VIRS\Code\VIR-Backend\target\classes\com\vir] for files matching pattern [C:/Users/regin/Desktop/VIRS/Code/VIR-Backend/target/classes/com/vir/*.class]
15:41:28.379 [main] DEBUG org.springframework.core.io.support.PathMatchingResourcePatternResolver - Resolved location pattern [classpath*:com/vir/*.class] to resources [file [C:\Users\regin\Desktop\VIRS\Code\VIR-Backend\target\test-classes\com\vir\ControllerDevTest.class], file [C:\Users\regin\Desktop\VIRS\Code\VIR-Backend\target\test-classes\com\vir\GeneralDevTest.class], file [C:\Users\regin\Desktop\VIRS\Code\VIR-Backend\target\test-classes\com\vir\VirBackendApplicationTests.class], file [C:\Users\regin\Desktop\VIRS\Code\VIR-Backend\target\classes\com\vir\VirBackendApplication.class]]
15:41:28.405 [main] DEBUG org.springframework.context.annotation.ClassPathScanningCandidateComponentProvider - Identified candidate component class: file [C:\Users\regin\Desktop\VIRS\Code\VIR-Backend\target\classes\com\vir\VirBackendApplication.class]
15:41:28.406 [main] INFO org.springframework.boot.test.context.SpringBootTestContextBootstrapper - Found @SpringBootConfiguration com.vir.VirBackendApplication for test class com.vir.controller.AceptanceOCRCriteriaBigFilesIntegrationTest
15:41:28.414 [main] DEBUG org.springframework.boot.test.context.SpringBootTestContextBootstrapper - @TestExecutionListeners is not present for class [com.vir.controller.AceptanceOCRCriteriaBigFilesIntegrationTest]: using defaults.
15:41:28.422 [main] INFO org.springframework.boot.test.context.SpringBootTestContextBootstrapper - Loaded default TestExecutionListener class names from location [META-INF/spring.factories]: [org.springframework.boot.test.mock.mockito.MockitoTestExecutionListener, org.springframework.boot.test.mock.mockito.ResetMocksTestExecutionListener, org.springframework.boot.test.autoconfigure.restdocs.RestDocsTestExecutionListener, org.springframework.boot.test.autoconfigure.web.client.MockRestServiceServerResetTestExecutionListener, org.springframework.boot.test.autoconfigure.web.servlet.MockMvcPrintOnlyOnFailureTestExecutionListener, org.springframework.boot.test.autoconfigure.web.servlet.WebDriverTestExecutionListener, org.springframework.test.context.web.ServletTestExecutionListener, org.springframework.test.context.support.DirtiesContextBeforeModesTestExecutionListener, org.springframework.test.context.support.DependencyInjectionTestExecutionListener, org.springframework.test.context.support.DirtiesContextTestExecutionListener, org.springframework.test.context.transaction.TransactionalTestExecutionListener, org.springframework.test.context.jdbc.SqlScriptsTestExecutionListener]
15:41:28.450 [main] INFO org.springframework.boot.test.context.SpringBootTestContextBootstrapper - Using TestExecutionListeners: [org.springframework.test.context.web.ServletTestExecutionListener@67c27493, org.springframework.test.context.support.DirtiesContextBeforeModesTestExecutionListener@1a482e36, org.springframework.boot.test.autoconfigure.SpringBootDependencyInjectionTestExecutionListener@72967906, org.springframework.test.context.support.DirtiesContextTestExecutionListener@5b8dfcc1, org.springframework.test.context.transaction.TransactionalTestExecutionListener@2f9f7dcf, org.springframework.test.context.jdbc.SqlScriptsTestExecutionListener@747ddf94, org.springframework.boot.test.autoconfigure.web.servlet.MockMvcPrintOnlyOnFailureTestExecutionListener@35e2d654, org.springframework.boot.test.autoconfigure.restdocs.RestDocsTestExecutionListener@1bd4fdd, org.springframework.boot.test.mock.mockito.MockitoTestExecutionListener@55183b20, org.springframework.boot.test.autoconfigure.web.client.MockRestServiceServerResetTestExecutionListener@4f83df68, org.springframework.boot.test.autoconfigure.web.servlet.WebDriverTestExecutionListener@6cf0e0ba, org.springframework.boot.test.mock.mockito.ResetMocksTestExecutionListener@7d8995e]
15:41:28.451 [main] DEBUG org.springframework.test.context.junit4.SpringJUnit4ClassRunner - SpringJUnit4ClassRunner constructor called with [class com.vir.controller.AnalizerControlerTest]
15:41:28.451 [main] DEBUG org.springframework.test.context.BootstrapUtils - Instantiating CacheAwareContextLoaderDelegate from class [org.springframework.test.context.cache.DefaultCacheAwareContextLoaderDelegate]
15:41:28.452 [main] DEBUG org.springframework.test.context.BootstrapUtils - Instantiating BootstrapContext using constructor [public org.springframework.test.context.support.DefaultBootstrapContext(java.lang.Class,org.springframework.test.context.CacheAwareContextLoaderDelegate)]
15:41:28.452 [main] DEBUG org.springframework.test.context.BootstrapUtils - Instantiating TestContextBootstrapper for test class [com.vir.controller.AnalizerControlerTest] from class [org.springframework.boot.test.context.SpringBootTestContextBootstrapper]
15:41:28.453 [main] INFO org.springframework.boot.test.context.SpringBootTestContextBootstrapper - Neither @ContextConfiguration nor @ContextHierarchy found for test class [com.vir.controller.AnalizerControlerTest], using SpringBootContextLoader
15:41:28.454 [main] DEBUG org.springframework.test.context.support.AbstractContextLoader - Did not detect default resource location for test class [com.vir.controller.AnalizerControlerTest]: class path resource [com/vir/controller/AnalizerControlerTest-context.xml] does not exist
15:41:28.455 [main] DEBUG org.springframework.test.context.support.AbstractContextLoader - Did not detect default resource location for test class [com.vir.controller.AnalizerControlerTest]: class path resource [com/vir/controller/AnalizerControlerTestContext.groovy] does not exist
15:41:28.455 [main] INFO org.springframework.test.context.support.AbstractContextLoader - Could not detect default resource locations for test class [com.vir.controller.AnalizerControlerTest]: no resource found for suffixes {-context.xml, Context.groovy}.
15:41:28.456 [main] INFO org.springframework.test.context.support.AnnotationConfigContextLoaderUtils - Could not detect default configuration classes for test class [com.vir.controller.AnalizerControlerTest]: AnalizerControlerTest does not declare any static, non-private, non-final, nested classes annotated with @Configuration.
15:41:28.480 [main] DEBUG org.springframework.core.env.StandardEnvironment - Adding [systemProperties] PropertySource with lowest search precedence
15:41:28.480 [main] DEBUG org.springframework.core.env.StandardEnvironment - Adding [systemEnvironment] PropertySource with lowest search precedence
15:41:28.481 [main] DEBUG org.springframework.core.env.StandardEnvironment - Initialized StandardEnvironment with PropertySources [systemProperties,systemEnvironment]
15:41:28.481 [main] INFO org.springframework.boot.test.context.SpringBootTestContextBootstrapper - Found @SpringBootConfiguration com.vir.VirBackendApplication for test class com.vir.controller.AnalizerControlerTest
15:41:28.482 [main] DEBUG org.springframework.boot.test.context.SpringBootTestContextBootstrapper - @TestExecutionListeners is not present for class [com.vir.controller.AnalizerControlerTest]: using defaults.
15:41:28.487 [main] INFO org.springframework.boot.test.context.SpringBootTestContextBootstrapper - Loaded default TestExecutionListener class names from location [META-INF/spring.factories]: [org.springframework.boot.test.mock.mockito.MockitoTestExecutionListener, org.springframework.boot.test.mock.mockito.ResetMocksTestExecutionListener, org.springframework.boot.test.autoconfigure.restdocs.RestDocsTestExecutionListener, org.springframework.boot.test.autoconfigure.web.client.MockRestServiceServerResetTestExecutionListener, org.springframework.boot.test.autoconfigure.web.servlet.MockMvcPrintOnlyOnFailureTestExecutionListener, org.springframework.boot.test.autoconfigure.web.servlet.WebDriverTestExecutionListener, org.springframework.test.context.web.ServletTestExecutionListener, org.springframework.test.context.support.DirtiesContextBeforeModesTestExecutionListener, org.springframework.test.context.support.DependencyInjectionTestExecutionListener, org.springframework.test.context.support.DirtiesContextTestExecutionListener, org.springframework.test.context.transaction.TransactionalTestExecutionListener, org.springframework.test.context.jdbc.SqlScriptsTestExecutionListener]
15:41:28.494 [main] INFO org.springframework.boot.test.context.SpringBootTestContextBootstrapper - Using TestExecutionListeners: [org.springframework.test.context.web.ServletTestExecutionListener@3eb738bb, org.springframework.test.context.support.DirtiesContextBeforeModesTestExecutionListener@5bda8e08, org.springframework.boot.test.autoconfigure.SpringBootDependencyInjectionTestExecutionListener@1e800aaa, org.springframework.test.context.support.DirtiesContextTestExecutionListener@185a6e9, org.springframework.test.context.transaction.TransactionalTestExecutionListener@6f03482, org.springframework.test.context.jdbc.SqlScriptsTestExecutionListener@9d5509a, org.springframework.boot.test.autoconfigure.web.servlet.MockMvcPrintOnlyOnFailureTestExecutionListener@179ece50, org.springframework.boot.test.autoconfigure.restdocs.RestDocsTestExecutionListener@3b0090a4, org.springframework.boot.test.mock.mockito.MockitoTestExecutionListener@3cd3e762, org.springframework.boot.test.autoconfigure.web.client.MockRestServiceServerResetTestExecutionListener@1fa121e2, org.springframework.boot.test.autoconfigure.web.servlet.WebDriverTestExecutionListener@7eac9008, org.springframework.boot.test.mock.mockito.ResetMocksTestExecutionListener@4116aac9]
15:41:28.495 [main] DEBUG org.springframework.test.context.junit4.SpringJUnit4ClassRunner - SpringJUnit4ClassRunner constructor called with [class com.vir.controller.AngularRedirectControllerTest]
15:41:28.495 [main] DEBUG org.springframework.test.context.BootstrapUtils - Instantiating CacheAwareContextLoaderDelegate from class [org.springframework.test.context.cache.DefaultCacheAwareContextLoaderDelegate]
15:41:28.495 [main] DEBUG org.springframework.test.context.BootstrapUtils - Instantiating BootstrapContext using constructor [public org.springframework.test.context.support.DefaultBootstrapContext(java.lang.Class,org.springframework.test.context.CacheAwareContextLoaderDelegate)]
15:41:28.496 [main] DEBUG org.springframework.test.context.BootstrapUtils - Instantiating TestContextBootstrapper for test class [com.vir.controller.AngularRedirectControllerTest] from class [org.springframework.boot.test.context.SpringBootTestContextBootstrapper]
15:41:28.497 [main] INFO org.springframework.boot.test.context.SpringBootTestContextBootstrapper - Neither @ContextConfiguration nor @ContextHierarchy found for test class [com.vir.controller.AngularRedirectControllerTest], using SpringBootContextLoader
15:41:28.498 [main] DEBUG org.springframework.test.context.support.AbstractContextLoader - Did not detect default resource location for test class [com.vir.controller.AngularRedirectControllerTest]: class path resource [com/vir/controller/AngularRedirectControllerTest-context.xml] does not exist
15:41:28.499 [main] DEBUG org.springframework.test.context.support.AbstractContextLoader - Did not detect default resource location for test class [com.vir.controller.AngularRedirectControllerTest]: class path resource [com/vir/controller/AngularRedirectControllerTestContext.groovy] does not exist
15:41:28.499 [main] INFO org.springframework.test.context.support.AbstractContextLoader - Could not detect default resource locations for test class [com.vir.controller.AngularRedirectControllerTest]: no resource found for suffixes {-context.xml, Context.groovy}.
15:41:28.499 [main] INFO org.springframework.test.context.support.AnnotationConfigContextLoaderUtils - Could not detect default configuration classes for test class [com.vir.controller.AngularRedirectControllerTest]: AngularRedirectControllerTest does not declare any static, non-private, non-final, nested classes annotated with @Configuration.
15:41:28.518 [main] DEBUG org.springframework.core.env.StandardEnvironment - Adding [systemProperties] PropertySource with lowest search precedence
15:41:28.518 [main] DEBUG org.springframework.core.env.StandardEnvironment - Adding [systemEnvironment] PropertySource with lowest search precedence
15:41:28.519 [main] DEBUG org.springframework.core.env.StandardEnvironment - Initialized StandardEnvironment with PropertySources [systemProperties,systemEnvironment]
15:41:28.519 [main] INFO org.springframework.boot.test.context.SpringBootTestContextBootstrapper - Found @SpringBootConfiguration com.vir.VirBackendApplication for test class com.vir.controller.AngularRedirectControllerTest
15:41:28.520 [main] DEBUG org.springframework.boot.test.context.SpringBootTestContextBootstrapper - @TestExecutionListeners is not present for class [com.vir.controller.AngularRedirectControllerTest]: using defaults.
15:41:28.525 [main] INFO org.springframework.boot.test.context.SpringBootTestContextBootstrapper - Loaded default TestExecutionListener class names from location [META-INF/spring.factories]: [org.springframework.boot.test.mock.mockito.MockitoTestExecutionListener, org.springframework.boot.test.mock.mockito.ResetMocksTestExecutionListener, org.springframework.boot.test.autoconfigure.restdocs.RestDocsTestExecutionListener, org.springframework.boot.test.autoconfigure.web.client.MockRestServiceServerResetTestExecutionListener, org.springframework.boot.test.autoconfigure.web.servlet.MockMvcPrintOnlyOnFailureTestExecutionListener, org.springframework.boot.test.autoconfigure.web.servlet.WebDriverTestExecutionListener, org.springframework.test.context.web.ServletTestExecutionListener, org.springframework.test.context.support.DirtiesContextBeforeModesTestExecutionListener, org.springframework.test.context.support.DependencyInjectionTestExecutionListener, org.springframework.test.context.support.DirtiesContextTestExecutionListener, org.springframework.test.context.transaction.TransactionalTestExecutionListener, org.springframework.test.context.jdbc.SqlScriptsTestExecutionListener]
15:41:28.531 [main] INFO org.springframework.boot.test.context.SpringBootTestContextBootstrapper - Using TestExecutionListeners: [org.springframework.test.context.web.ServletTestExecutionListener@192c3f1e, org.springframework.test.context.support.DirtiesContextBeforeModesTestExecutionListener@26b3fd41, org.springframework.boot.test.autoconfigure.SpringBootDependencyInjectionTestExecutionListener@7494f96a, org.springframework.test.context.support.DirtiesContextTestExecutionListener@561b6512, org.springframework.test.context.transaction.TransactionalTestExecutionListener@2e377400, org.springframework.test.context.jdbc.SqlScriptsTestExecutionListener@1757cd72, org.springframework.boot.test.autoconfigure.web.servlet.MockMvcPrintOnlyOnFailureTestExecutionListener@445b295b, org.springframework.boot.test.autoconfigure.restdocs.RestDocsTestExecutionListener@49e5f737, org.springframework.boot.test.mock.mockito.MockitoTestExecutionListener@5c671d7f, org.springframework.boot.test.autoconfigure.web.client.MockRestServiceServerResetTestExecutionListener@757277dc, org.springframework.boot.test.autoconfigure.web.servlet.WebDriverTestExecutionListener@687e99d8, org.springframework.boot.test.mock.mockito.ResetMocksTestExecutionListener@e4487af]
15:41:28.532 [main] DEBUG org.springframework.test.context.junit4.SpringJUnit4ClassRunner - SpringJUnit4ClassRunner constructor called with [class com.vir.controller.DictionaryControlerTest]
15:41:28.532 [main] DEBUG org.springframework.test.context.BootstrapUtils - Instantiating CacheAwareContextLoaderDelegate from class [org.springframework.test.context.cache.DefaultCacheAwareContextLoaderDelegate]
15:41:28.532 [main] DEBUG org.springframework.test.context.BootstrapUtils - Instantiating BootstrapContext using constructor [public org.springframework.test.context.support.DefaultBootstrapContext(java.lang.Class,org.springframework.test.context.CacheAwareContextLoaderDelegate)]
15:41:28.533 [main] DEBUG org.springframework.test.context.BootstrapUtils - Instantiating TestContextBootstrapper for test class [com.vir.controller.DictionaryControlerTest] from class [org.springframework.boot.test.context.SpringBootTestContextBootstrapper]
15:41:28.534 [main] INFO org.springframework.boot.test.context.SpringBootTestContextBootstrapper - Neither @ContextConfiguration nor @ContextHierarchy found for test class [com.vir.controller.DictionaryControlerTest], using SpringBootContextLoader
15:41:28.536 [main] DEBUG org.springframework.test.context.support.AbstractContextLoader - Did not detect default resource location for test class [com.vir.controller.DictionaryControlerTest]: class path resource [com/vir/controller/DictionaryControlerTest-context.xml] does not exist
15:41:28.537 [main] DEBUG org.springframework.test.context.support.AbstractContextLoader - Did not detect default resource location for test class [com.vir.controller.DictionaryControlerTest]: class path resource [com/vir/controller/DictionaryControlerTestContext.groovy] does not exist
15:41:28.537 [main] INFO org.springframework.test.context.support.AbstractContextLoader - Could not detect default resource locations for test class [com.vir.controller.DictionaryControlerTest]: no resource found for suffixes {-context.xml, Context.groovy}.
15:41:28.537 [main] INFO org.springframework.test.context.support.AnnotationConfigContextLoaderUtils - Could not detect default configuration classes for test class [com.vir.controller.DictionaryControlerTest]: DictionaryControlerTest does not declare any static, non-private, non-final, nested classes annotated with @Configuration.
15:41:28.555 [main] DEBUG org.springframework.core.env.StandardEnvironment - Adding [systemProperties] PropertySource with lowest search precedence
15:41:28.556 [main] DEBUG org.springframework.core.env.StandardEnvironment - Adding [systemEnvironment] PropertySource with lowest search precedence
15:41:28.556 [main] DEBUG org.springframework.core.env.StandardEnvironment - Initialized StandardEnvironment with PropertySources [systemProperties,systemEnvironment]
15:41:28.556 [main] INFO org.springframework.boot.test.context.SpringBootTestContextBootstrapper - Found @SpringBootConfiguration com.vir.VirBackendApplication for test class com.vir.controller.DictionaryControlerTest
15:41:28.557 [main] DEBUG org.springframework.boot.test.context.SpringBootTestContextBootstrapper - @TestExecutionListeners is not present for class [com.vir.controller.DictionaryControlerTest]: using defaults.
15:41:28.564 [main] INFO org.springframework.boot.test.context.SpringBootTestContextBootstrapper - Loaded default TestExecutionListener class names from location [META-INF/spring.factories]: [org.springframework.boot.test.mock.mockito.MockitoTestExecutionListener, org.springframework.boot.test.mock.mockito.ResetMocksTestExecutionListener, org.springframework.boot.test.autoconfigure.restdocs.RestDocsTestExecutionListener, org.springframework.boot.test.autoconfigure.web.client.MockRestServiceServerResetTestExecutionListener, org.springframework.boot.test.autoconfigure.web.servlet.MockMvcPrintOnlyOnFailureTestExecutionListener, org.springframework.boot.test.autoconfigure.web.servlet.WebDriverTestExecutionListener, org.springframework.test.context.web.ServletTestExecutionListener, org.springframework.test.context.support.DirtiesContextBeforeModesTestExecutionListener, org.springframework.test.context.support.DependencyInjectionTestExecutionListener, org.springframework.test.context.support.DirtiesContextTestExecutionListener, org.springframework.test.context.transaction.TransactionalTestExecutionListener, org.springframework.test.context.jdbc.SqlScriptsTestExecutionListener]
15:41:28.572 [main] INFO org.springframework.boot.test.context.SpringBootTestContextBootstrapper - Using TestExecutionListeners: [org.springframework.test.context.web.ServletTestExecutionListener@5f683daf, org.springframework.test.context.support.DirtiesContextBeforeModesTestExecutionListener@78ffe6dc, org.springframework.boot.test.autoconfigure.SpringBootDependencyInjectionTestExecutionListener@8317c52, org.springframework.test.context.support.DirtiesContextTestExecutionListener@76f2bbc1, org.springframework.test.context.transaction.TransactionalTestExecutionListener@68e965f5, org.springframework.test.context.jdbc.SqlScriptsTestExecutionListener@6f27a732, org.springframework.boot.test.autoconfigure.web.servlet.MockMvcPrintOnlyOnFailureTestExecutionListener@6c779568, org.springframework.boot.test.autoconfigure.restdocs.RestDocsTestExecutionListener@f381794, org.springframework.boot.test.mock.mockito.MockitoTestExecutionListener@2cdd0d4b, org.springframework.boot.test.autoconfigure.web.client.MockRestServiceServerResetTestExecutionListener@7e9131d5, org.springframework.boot.test.autoconfigure.web.servlet.WebDriverTestExecutionListener@2e1d27ba, org.springframework.boot.test.mock.mockito.ResetMocksTestExecutionListener@61d6015a]
15:41:28.573 [main] DEBUG org.springframework.test.context.junit4.SpringJUnit4ClassRunner - SpringJUnit4ClassRunner constructor called with [class com.vir.controller.ExceptionAdviceControllerTest]
15:41:28.573 [main] DEBUG org.springframework.test.context.BootstrapUtils - Instantiating CacheAwareContextLoaderDelegate from class [org.springframework.test.context.cache.DefaultCacheAwareContextLoaderDelegate]
15:41:28.573 [main] DEBUG org.springframework.test.context.BootstrapUtils - Instantiating BootstrapContext using constructor [public org.springframework.test.context.support.DefaultBootstrapContext(java.lang.Class,org.springframework.test.context.CacheAwareContextLoaderDelegate)]
15:41:28.574 [main] DEBUG org.springframework.test.context.BootstrapUtils - Instantiating TestContextBootstrapper for test class [com.vir.controller.ExceptionAdviceControllerTest] from class [org.springframework.boot.test.context.SpringBootTestContextBootstrapper]
15:41:28.574 [main] INFO org.springframework.boot.test.context.SpringBootTestContextBootstrapper - Neither @ContextConfiguration nor @ContextHierarchy found for test class [com.vir.controller.ExceptionAdviceControllerTest], using SpringBootContextLoader
15:41:28.576 [main] DEBUG org.springframework.test.context.support.AbstractContextLoader - Did not detect default resource location for test class [com.vir.controller.ExceptionAdviceControllerTest]: class path resource [com/vir/controller/ExceptionAdviceControllerTest-context.xml] does not exist
15:41:28.577 [main] DEBUG org.springframework.test.context.support.AbstractContextLoader - Did not detect default resource location for test class [com.vir.controller.ExceptionAdviceControllerTest]: class path resource [com/vir/controller/ExceptionAdviceControllerTestContext.groovy] does not exist
15:41:28.577 [main] INFO org.springframework.test.context.support.AbstractContextLoader - Could not detect default resource locations for test class [com.vir.controller.ExceptionAdviceControllerTest]: no resource found for suffixes {-context.xml, Context.groovy}.
15:41:28.578 [main] INFO org.springframework.test.context.support.AnnotationConfigContextLoaderUtils - Could not detect default configuration classes for test class [com.vir.controller.ExceptionAdviceControllerTest]: ExceptionAdviceControllerTest does not declare any static, non-private, non-final, nested classes annotated with @Configuration.
15:41:28.592 [main] DEBUG org.springframework.core.env.StandardEnvironment - Adding [systemProperties] PropertySource with lowest search precedence
15:41:28.593 [main] DEBUG org.springframework.core.env.StandardEnvironment - Adding [systemEnvironment] PropertySource with lowest search precedence
15:41:28.593 [main] DEBUG org.springframework.core.env.StandardEnvironment - Initialized StandardEnvironment with PropertySources [systemProperties,systemEnvironment]
15:41:28.593 [main] INFO org.springframework.boot.test.context.SpringBootTestContextBootstrapper - Found @SpringBootConfiguration com.vir.VirBackendApplication for test class com.vir.controller.ExceptionAdviceControllerTest
15:41:28.595 [main] DEBUG org.springframework.boot.test.context.SpringBootTestContextBootstrapper - @TestExecutionListeners is not present for class [com.vir.controller.ExceptionAdviceControllerTest]: using defaults.
15:41:28.600 [main] INFO org.springframework.boot.test.context.SpringBootTestContextBootstrapper - Loaded default TestExecutionListener class names from location [META-INF/spring.factories]: [org.springframework.boot.test.mock.mockito.MockitoTestExecutionListener, org.springframework.boot.test.mock.mockito.ResetMocksTestExecutionListener, org.springframework.boot.test.autoconfigure.restdocs.RestDocsTestExecutionListener, org.springframework.boot.test.autoconfigure.web.client.MockRestServiceServerResetTestExecutionListener, org.springframework.boot.test.autoconfigure.web.servlet.MockMvcPrintOnlyOnFailureTestExecutionListener, org.springframework.boot.test.autoconfigure.web.servlet.WebDriverTestExecutionListener, org.springframework.test.context.web.ServletTestExecutionListener, org.springframework.test.context.support.DirtiesContextBeforeModesTestExecutionListener, org.springframework.test.context.support.DependencyInjectionTestExecutionListener, org.springframework.test.context.support.DirtiesContextTestExecutionListener, org.springframework.test.context.transaction.TransactionalTestExecutionListener, org.springframework.test.context.jdbc.SqlScriptsTestExecutionListener]
15:41:28.611 [main] INFO org.springframework.boot.test.context.SpringBootTestContextBootstrapper - Using TestExecutionListeners: [org.springframework.test.context.web.ServletTestExecutionListener@550ee7e5, org.springframework.test.context.support.DirtiesContextBeforeModesTestExecutionListener@5f9b2141, org.springframework.boot.test.autoconfigure.SpringBootDependencyInjectionTestExecutionListener@247d8ae, org.springframework.test.context.support.DirtiesContextTestExecutionListener@48974e45, org.springframework.test.context.transaction.TransactionalTestExecutionListener@6a84a97d, org.springframework.test.context.jdbc.SqlScriptsTestExecutionListener@6c130c45, org.springframework.boot.test.autoconfigure.web.servlet.MockMvcPrintOnlyOnFailureTestExecutionListener@50ad3bc1, org.springframework.boot.test.autoconfigure.restdocs.RestDocsTestExecutionListener@223aa2f7, org.springframework.boot.test.mock.mockito.MockitoTestExecutionListener@6d3a388c, org.springframework.boot.test.autoconfigure.web.client.MockRestServiceServerResetTestExecutionListener@193f604a, org.springframework.boot.test.autoconfigure.web.servlet.WebDriverTestExecutionListener@20f5239f, org.springframework.boot.test.mock.mockito.ResetMocksTestExecutionListener@57af006c]
15:41:28.611 [main] DEBUG org.springframework.test.context.junit4.SpringJUnit4ClassRunner - SpringJUnit4ClassRunner constructor called with [class com.vir.controller.ResourceControlerTest]
15:41:28.611 [main] DEBUG org.springframework.test.context.BootstrapUtils - Instantiating CacheAwareContextLoaderDelegate from class [org.springframework.test.context.cache.DefaultCacheAwareContextLoaderDelegate]
15:41:28.611 [main] DEBUG org.springframework.test.context.BootstrapUtils - Instantiating BootstrapContext using constructor [public org.springframework.test.context.support.DefaultBootstrapContext(java.lang.Class,org.springframework.test.context.CacheAwareContextLoaderDelegate)]
15:41:28.611 [main] DEBUG org.springframework.test.context.BootstrapUtils - Instantiating TestContextBootstrapper for test class [com.vir.controller.ResourceControlerTest] from class [org.springframework.boot.test.context.SpringBootTestContextBootstrapper]
15:41:28.613 [main] INFO org.springframework.boot.test.context.SpringBootTestContextBootstrapper - Neither @ContextConfiguration nor @ContextHierarchy found for test class [com.vir.controller.ResourceControlerTest], using SpringBootContextLoader
15:41:28.613 [main] DEBUG org.springframework.test.context.support.AbstractContextLoader - Did not detect default resource location for test class [com.vir.controller.ResourceControlerTest]: class path resource [com/vir/controller/ResourceControlerTest-context.xml] does not exist
15:41:28.614 [main] DEBUG org.springframework.test.context.support.AbstractContextLoader - Did not detect default resource location for test class [com.vir.controller.ResourceControlerTest]: class path resource [com/vir/controller/ResourceControlerTestContext.groovy] does not exist
15:41:28.614 [main] INFO org.springframework.test.context.support.AbstractContextLoader - Could not detect default resource locations for test class [com.vir.controller.ResourceControlerTest]: no resource found for suffixes {-context.xml, Context.groovy}.
15:41:28.614 [main] INFO org.springframework.test.context.support.AnnotationConfigContextLoaderUtils - Could not detect default configuration classes for test class [com.vir.controller.ResourceControlerTest]: ResourceControlerTest does not declare any static, non-private, non-final, nested classes annotated with @Configuration.
15:41:28.632 [main] DEBUG org.springframework.core.env.StandardEnvironment - Adding [systemProperties] PropertySource with lowest search precedence
15:41:28.632 [main] DEBUG org.springframework.core.env.StandardEnvironment - Adding [systemEnvironment] PropertySource with lowest search precedence
15:41:28.632 [main] DEBUG org.springframework.core.env.StandardEnvironment - Initialized StandardEnvironment with PropertySources [systemProperties,systemEnvironment]
15:41:28.632 [main] INFO org.springframework.boot.test.context.SpringBootTestContextBootstrapper - Found @SpringBootConfiguration com.vir.VirBackendApplication for test class com.vir.controller.ResourceControlerTest
15:41:28.633 [main] DEBUG org.springframework.boot.test.context.SpringBootTestContextBootstrapper - @TestExecutionListeners is not present for class [com.vir.controller.ResourceControlerTest]: using defaults.
15:41:28.640 [main] INFO org.springframework.boot.test.context.SpringBootTestContextBootstrapper - Loaded default TestExecutionListener class names from location [META-INF/spring.factories]: [org.springframework.boot.test.mock.mockito.MockitoTestExecutionListener, org.springframework.boot.test.mock.mockito.ResetMocksTestExecutionListener, org.springframework.boot.test.autoconfigure.restdocs.RestDocsTestExecutionListener, org.springframework.boot.test.autoconfigure.web.client.MockRestServiceServerResetTestExecutionListener, org.springframework.boot.test.autoconfigure.web.servlet.MockMvcPrintOnlyOnFailureTestExecutionListener, org.springframework.boot.test.autoconfigure.web.servlet.WebDriverTestExecutionListener, org.springframework.test.context.web.ServletTestExecutionListener, org.springframework.test.context.support.DirtiesContextBeforeModesTestExecutionListener, org.springframework.test.context.support.DependencyInjectionTestExecutionListener, org.springframework.test.context.support.DirtiesContextTestExecutionListener, org.springframework.test.context.transaction.TransactionalTestExecutionListener, org.springframework.test.context.jdbc.SqlScriptsTestExecutionListener]
15:41:28.646 [main] INFO org.springframework.boot.test.context.SpringBootTestContextBootstrapper - Using TestExecutionListeners: [org.springframework.test.context.web.ServletTestExecutionListener@741a8937, org.springframework.test.context.support.DirtiesContextBeforeModesTestExecutionListener@306e95ec, org.springframework.boot.test.autoconfigure.SpringBootDependencyInjectionTestExecutionListener@52af26ee, org.springframework.test.context.support.DirtiesContextTestExecutionListener@6fd83fc1, org.springframework.test.context.transaction.TransactionalTestExecutionListener@4f2b503c, org.springframework.test.context.jdbc.SqlScriptsTestExecutionListener@bae7dc0, org.springframework.boot.test.autoconfigure.web.servlet.MockMvcPrintOnlyOnFailureTestExecutionListener@209da20d, org.springframework.boot.test.autoconfigure.restdocs.RestDocsTestExecutionListener@e15b7e8, org.springframework.boot.test.mock.mockito.MockitoTestExecutionListener@1b2abca6, org.springframework.boot.test.autoconfigure.web.client.MockRestServiceServerResetTestExecutionListener@6392827e, org.springframework.boot.test.autoconfigure.web.servlet.WebDriverTestExecutionListener@2ed2d9cb, org.springframework.boot.test.mock.mockito.ResetMocksTestExecutionListener@d5b810e]
15:41:28.646 [main] DEBUG org.springframework.test.context.junit4.SpringJUnit4ClassRunner - SpringJUnit4ClassRunner constructor called with [class com.vir.controller.WordControlerTest]
15:41:28.646 [main] DEBUG org.springframework.test.context.BootstrapUtils - Instantiating CacheAwareContextLoaderDelegate from class [org.springframework.test.context.cache.DefaultCacheAwareContextLoaderDelegate]
15:41:28.646 [main] DEBUG org.springframework.test.context.BootstrapUtils - Instantiating BootstrapContext using constructor [public org.springframework.test.context.support.DefaultBootstrapContext(java.lang.Class,org.springframework.test.context.CacheAwareContextLoaderDelegate)]
15:41:28.647 [main] DEBUG org.springframework.test.context.BootstrapUtils - Instantiating TestContextBootstrapper for test class [com.vir.controller.WordControlerTest] from class [org.springframework.boot.test.context.SpringBootTestContextBootstrapper]
15:41:28.647 [main] INFO org.springframework.boot.test.context.SpringBootTestContextBootstrapper - Neither @ContextConfiguration nor @ContextHierarchy found for test class [com.vir.controller.WordControlerTest], using SpringBootContextLoader
15:41:28.648 [main] DEBUG org.springframework.test.context.support.AbstractContextLoader - Did not detect default resource location for test class [com.vir.controller.WordControlerTest]: class path resource [com/vir/controller/WordControlerTest-context.xml] does not exist
15:41:28.650 [main] DEBUG org.springframework.test.context.support.AbstractContextLoader - Did not detect default resource location for test class [com.vir.controller.WordControlerTest]: class path resource [com/vir/controller/WordControlerTestContext.groovy] does not exist
15:41:28.650 [main] INFO org.springframework.test.context.support.AbstractContextLoader - Could not detect default resource locations for test class [com.vir.controller.WordControlerTest]: no resource found for suffixes {-context.xml, Context.groovy}.
15:41:28.650 [main] INFO org.springframework.test.context.support.AnnotationConfigContextLoaderUtils - Could not detect default configuration classes for test class [com.vir.controller.WordControlerTest]: WordControlerTest does not declare any static, non-private, non-final, nested classes annotated with @Configuration.
15:41:28.664 [main] DEBUG org.springframework.core.env.StandardEnvironment - Adding [systemProperties] PropertySource with lowest search precedence
15:41:28.664 [main] DEBUG org.springframework.core.env.StandardEnvironment - Adding [systemEnvironment] PropertySource with lowest search precedence
15:41:28.664 [main] DEBUG org.springframework.core.env.StandardEnvironment - Initialized StandardEnvironment with PropertySources [systemProperties,systemEnvironment]
15:41:28.664 [main] INFO org.springframework.boot.test.context.SpringBootTestContextBootstrapper - Found @SpringBootConfiguration com.vir.VirBackendApplication for test class com.vir.controller.WordControlerTest
15:41:28.664 [main] DEBUG org.springframework.boot.test.context.SpringBootTestContextBootstrapper - @TestExecutionListeners is not present for class [com.vir.controller.WordControlerTest]: using defaults.
15:41:28.672 [main] INFO org.springframework.boot.test.context.SpringBootTestContextBootstrapper - Loaded default TestExecutionListener class names from location [META-INF/spring.factories]: [org.springframework.boot.test.mock.mockito.MockitoTestExecutionListener, org.springframework.boot.test.mock.mockito.ResetMocksTestExecutionListener, org.springframework.boot.test.autoconfigure.restdocs.RestDocsTestExecutionListener, org.springframework.boot.test.autoconfigure.web.client.MockRestServiceServerResetTestExecutionListener, org.springframework.boot.test.autoconfigure.web.servlet.MockMvcPrintOnlyOnFailureTestExecutionListener, org.springframework.boot.test.autoconfigure.web.servlet.WebDriverTestExecutionListener, org.springframework.test.context.web.ServletTestExecutionListener, org.springframework.test.context.support.DirtiesContextBeforeModesTestExecutionListener, org.springframework.test.context.support.DependencyInjectionTestExecutionListener, org.springframework.test.context.support.DirtiesContextTestExecutionListener, org.springframework.test.context.transaction.TransactionalTestExecutionListener, org.springframework.test.context.jdbc.SqlScriptsTestExecutionListener]
15:41:28.677 [main] INFO org.springframework.boot.test.context.SpringBootTestContextBootstrapper - Using TestExecutionListeners: [org.springframework.test.context.web.ServletTestExecutionListener@5824a83d, org.springframework.test.context.support.DirtiesContextBeforeModesTestExecutionListener@537f60bf, org.springframework.boot.test.autoconfigure.SpringBootDependencyInjectionTestExecutionListener@5677323c, org.springframework.test.context.support.DirtiesContextTestExecutionListener@18df8434, org.springframework.test.context.transaction.TransactionalTestExecutionListener@65c7a252, org.springframework.test.context.jdbc.SqlScriptsTestExecutionListener@4d154ccd, org.springframework.boot.test.autoconfigure.web.servlet.MockMvcPrintOnlyOnFailureTestExecutionListener@229c6181, org.springframework.boot.test.autoconfigure.restdocs.RestDocsTestExecutionListener@4686afc2, org.springframework.boot.test.mock.mockito.MockitoTestExecutionListener@1e0b4072, org.springframework.boot.test.autoconfigure.web.client.MockRestServiceServerResetTestExecutionListener@791f145a, org.springframework.boot.test.autoconfigure.web.servlet.WebDriverTestExecutionListener@38cee291, org.springframework.boot.test.mock.mockito.ResetMocksTestExecutionListener@4b45a2f5]
15:41:28.677 [main] DEBUG org.springframework.test.context.junit4.SpringJUnit4ClassRunner - SpringJUnit4ClassRunner constructor called with [class com.vir.model.translator.WordTranslatorTest]
15:41:28.677 [main] DEBUG org.springframework.test.context.BootstrapUtils - Instantiating CacheAwareContextLoaderDelegate from class [org.springframework.test.context.cache.DefaultCacheAwareContextLoaderDelegate]
15:41:28.678 [main] DEBUG org.springframework.test.context.BootstrapUtils - Instantiating BootstrapContext using constructor [public org.springframework.test.context.support.DefaultBootstrapContext(java.lang.Class,org.springframework.test.context.CacheAwareContextLoaderDelegate)]
15:41:28.678 [main] DEBUG org.springframework.test.context.BootstrapUtils - Instantiating TestContextBootstrapper for test class [com.vir.model.translator.WordTranslatorTest] from class [org.springframework.boot.test.context.SpringBootTestContextBootstrapper]
15:41:28.679 [main] INFO org.springframework.boot.test.context.SpringBootTestContextBootstrapper - Neither @ContextConfiguration nor @ContextHierarchy found for test class [com.vir.model.translator.WordTranslatorTest], using SpringBootContextLoader
15:41:28.680 [main] DEBUG org.springframework.test.context.support.AbstractContextLoader - Did not detect default resource location for test class [com.vir.model.translator.WordTranslatorTest]: class path resource [com/vir/model/translator/WordTranslatorTest-context.xml] does not exist
15:41:28.681 [main] DEBUG org.springframework.test.context.support.AbstractContextLoader - Did not detect default resource location for test class [com.vir.model.translator.WordTranslatorTest]: class path resource [com/vir/model/translator/WordTranslatorTestContext.groovy] does not exist
15:41:28.681 [main] INFO org.springframework.test.context.support.AbstractContextLoader - Could not detect default resource locations for test class [com.vir.model.translator.WordTranslatorTest]: no resource found for suffixes {-context.xml, Context.groovy}.
15:41:28.682 [main] INFO org.springframework.test.context.support.AnnotationConfigContextLoaderUtils - Could not detect default configuration classes for test class [com.vir.model.translator.WordTranslatorTest]: WordTranslatorTest does not declare any static, non-private, non-final, nested classes annotated with @Configuration.
15:41:28.691 [main] DEBUG org.springframework.core.env.StandardEnvironment - Adding [systemProperties] PropertySource with lowest search precedence
15:41:28.691 [main] DEBUG org.springframework.core.env.StandardEnvironment - Adding [systemEnvironment] PropertySource with lowest search precedence
15:41:28.691 [main] DEBUG org.springframework.core.env.StandardEnvironment - Initialized StandardEnvironment with PropertySources [systemProperties,systemEnvironment]
15:41:28.692 [main] DEBUG org.springframework.core.io.support.PathMatchingResourcePatternResolver - Resolved classpath location [com/vir/model/translator/] to resources [URL [file:/C:/Users/regin/Desktop/VIRS/Code/VIR-Backend/target/test-classes/com/vir/model/translator/], URL [file:/C:/Users/regin/Desktop/VIRS/Code/VIR-Backend/target/classes/com/vir/model/translator/]]
15:41:28.692 [main] DEBUG org.springframework.core.io.support.PathMatchingResourcePatternResolver - Looking for matching resources in directory tree [C:\Users\regin\Desktop\VIRS\Code\VIR-Backend\target\test-classes\com\vir\model\translator]
15:41:28.692 [main] DEBUG org.springframework.core.io.support.PathMatchingResourcePatternResolver - Searching directory [C:\Users\regin\Desktop\VIRS\Code\VIR-Backend\target\test-classes\com\vir\model\translator] for files matching pattern [C:/Users/regin/Desktop/VIRS/Code/VIR-Backend/target/test-classes/com/vir/model/translator/*.class]
15:41:28.694 [main] DEBUG org.springframework.core.io.support.PathMatchingResourcePatternResolver - Looking for matching resources in directory tree [C:\Users\regin\Desktop\VIRS\Code\VIR-Backend\target\classes\com\vir\model\translator]
15:41:28.694 [main] DEBUG org.springframework.core.io.support.PathMatchingResourcePatternResolver - Searching directory [C:\Users\regin\Desktop\VIRS\Code\VIR-Backend\target\classes\com\vir\model\translator] for files matching pattern [C:/Users/regin/Desktop/VIRS/Code/VIR-Backend/target/classes/com/vir/model/translator/*.class]
15:41:28.695 [main] DEBUG org.springframework.core.io.support.PathMatchingResourcePatternResolver - Resolved location pattern [classpath*:com/vir/model/translator/*.class] to resources [file [C:\Users\regin\Desktop\VIRS\Code\VIR-Backend\target\test-classes\com\vir\model\translator\WordTranslatorTest.class], file [C:\Users\regin\Desktop\VIRS\Code\VIR-Backend\target\classes\com\vir\model\translator\WordTranslator.class]]
15:41:28.718 [main] DEBUG org.springframework.core.io.support.PathMatchingResourcePatternResolver - Resolved classpath location [com/vir/model/] to resources [URL [file:/C:/Users/regin/Desktop/VIRS/Code/VIR-Backend/target/test-classes/com/vir/model/], URL [file:/C:/Users/regin/Desktop/VIRS/Code/VIR-Backend/target/classes/com/vir/model/]]
15:41:28.718 [main] DEBUG org.springframework.core.io.support.PathMatchingResourcePatternResolver - Looking for matching resources in directory tree [C:\Users\regin\Desktop\VIRS\Code\VIR-Backend\target\test-classes\com\vir\model]
15:41:28.718 [main] DEBUG org.springframework.core.io.support.PathMatchingResourcePatternResolver - Searching directory [C:\Users\regin\Desktop\VIRS\Code\VIR-Backend\target\test-classes\com\vir\model] for files matching pattern [C:/Users/regin/Desktop/VIRS/Code/VIR-Backend/target/test-classes/com/vir/model/*.class]
15:41:28.719 [main] DEBUG org.springframework.core.io.support.PathMatchingResourcePatternResolver - Looking for matching resources in directory tree [C:\Users\regin\Desktop\VIRS\Code\VIR-Backend\target\classes\com\vir\model]
15:41:28.719 [main] DEBUG org.springframework.core.io.support.PathMatchingResourcePatternResolver - Searching directory [C:\Users\regin\Desktop\VIRS\Code\VIR-Backend\target\classes\com\vir\model] for files matching pattern [C:/Users/regin/Desktop/VIRS/Code/VIR-Backend/target/classes/com/vir/model/*.class]
15:41:28.721 [main] DEBUG org.springframework.core.io.support.PathMatchingResourcePatternResolver - Resolved location pattern [classpath*:com/vir/model/*.class] to resources [file [C:\Users\regin\Desktop\VIRS\Code\VIR-Backend\target\test-classes\com\vir\model\UserTest.class], file [C:\Users\regin\Desktop\VIRS\Code\VIR-Backend\target\classes\com\vir\model\Count.class], file [C:\Users\regin\Desktop\VIRS\Code\VIR-Backend\target\classes\com\vir\model\Dictionary.class], file [C:\Users\regin\Desktop\VIRS\Code\VIR-Backend\target\classes\com\vir\model\DictionaryEntry.class], file [C:\Users\regin\Desktop\VIRS\Code\VIR-Backend\target\classes\com\vir\model\EmailMessage.class], file [C:\Users\regin\Desktop\VIRS\Code\VIR-Backend\target\classes\com\vir\model\FileType.class], file [C:\Users\regin\Desktop\VIRS\Code\VIR-Backend\target\classes\com\vir\model\ItranslateRequest.class], file [C:\Users\regin\Desktop\VIRS\Code\VIR-Backend\target\classes\com\vir\model\Itranslator.class], file [C:\Users\regin\Desktop\VIRS\Code\VIR-Backend\target\classes\com\vir\model\Percent.class], file [C:\Users\regin\Desktop\VIRS\Code\VIR-Backend\target\classes\com\vir\model\Recovery.class], file [C:\Users\regin\Desktop\VIRS\Code\VIR-Backend\target\classes\com\vir\model\SourceType.class], file [C:\Users\regin\Desktop\VIRS\Code\VIR-Backend\target\classes\com\vir\model\Statistics.class], file [C:\Users\regin\Desktop\VIRS\Code\VIR-Backend\target\classes\com\vir\model\Text.class], file [C:\Users\regin\Desktop\VIRS\Code\VIR-Backend\target\classes\com\vir\model\ThreadValue.class], file [C:\Users\regin\Desktop\VIRS\Code\VIR-Backend\target\classes\com\vir\model\User.class], file [C:\Users\regin\Desktop\VIRS\Code\VIR-Backend\target\classes\com\vir\model\Word.class], file [C:\Users\regin\Desktop\VIRS\Code\VIR-Backend\target\classes\com\vir\model\WordMatch.class]]
15:41:28.747 [main] DEBUG org.springframework.core.io.support.PathMatchingResourcePatternResolver - Resolved classpath location [com/vir/] to resources [URL [file:/C:/Users/regin/Desktop/VIRS/Code/VIR-Backend/target/test-classes/com/vir/], URL [file:/C:/Users/regin/Desktop/VIRS/Code/VIR-Backend/target/classes/com/vir/]]
15:41:28.748 [main] DEBUG org.springframework.core.io.support.PathMatchingResourcePatternResolver - Looking for matching resources in directory tree [C:\Users\regin\Desktop\VIRS\Code\VIR-Backend\target\test-classes\com\vir]
15:41:28.748 [main] DEBUG org.springframework.core.io.support.PathMatchingResourcePatternResolver - Searching directory [C:\Users\regin\Desktop\VIRS\Code\VIR-Backend\target\test-classes\com\vir] for files matching pattern [C:/Users/regin/Desktop/VIRS/Code/VIR-Backend/target/test-classes/com/vir/*.class]
15:41:28.750 [main] DEBUG org.springframework.core.io.support.PathMatchingResourcePatternResolver - Looking for matching resources in directory tree [C:\Users\regin\Desktop\VIRS\Code\VIR-Backend\target\classes\com\vir]
15:41:28.751 [main] DEBUG org.springframework.core.io.support.PathMatchingResourcePatternResolver - Searching directory [C:\Users\regin\Desktop\VIRS\Code\VIR-Backend\target\classes\com\vir] for files matching pattern [C:/Users/regin/Desktop/VIRS/Code/VIR-Backend/target/classes/com/vir/*.class]
15:41:28.752 [main] DEBUG org.springframework.core.io.support.PathMatchingResourcePatternResolver - Resolved location pattern [classpath*:com/vir/*.class] to resources [file [C:\Users\regin\Desktop\VIRS\Code\VIR-Backend\target\test-classes\com\vir\ControllerDevTest.class], file [C:\Users\regin\Desktop\VIRS\Code\VIR-Backend\target\test-classes\com\vir\GeneralDevTest.class], file [C:\Users\regin\Desktop\VIRS\Code\VIR-Backend\target\test-classes\com\vir\VirBackendApplicationTests.class], file [C:\Users\regin\Desktop\VIRS\Code\VIR-Backend\target\classes\com\vir\VirBackendApplication.class]]
15:41:28.759 [main] DEBUG org.springframework.context.annotation.ClassPathScanningCandidateComponentProvider - Identified candidate component class: file [C:\Users\regin\Desktop\VIRS\Code\VIR-Backend\target\classes\com\vir\VirBackendApplication.class]
15:41:28.759 [main] INFO org.springframework.boot.test.context.SpringBootTestContextBootstrapper - Found @SpringBootConfiguration com.vir.VirBackendApplication for test class com.vir.model.translator.WordTranslatorTest
15:41:28.759 [main] DEBUG org.springframework.boot.test.context.SpringBootTestContextBootstrapper - @TestExecutionListeners is not present for class [com.vir.model.translator.WordTranslatorTest]: using defaults.
15:41:28.764 [main] INFO org.springframework.boot.test.context.SpringBootTestContextBootstrapper - Loaded default TestExecutionListener class names from location [META-INF/spring.factories]: [org.springframework.boot.test.mock.mockito.MockitoTestExecutionListener, org.springframework.boot.test.mock.mockito.ResetMocksTestExecutionListener, org.springframework.boot.test.autoconfigure.restdocs.RestDocsTestExecutionListener, org.springframework.boot.test.autoconfigure.web.client.MockRestServiceServerResetTestExecutionListener, org.springframework.boot.test.autoconfigure.web.servlet.MockMvcPrintOnlyOnFailureTestExecutionListener, org.springframework.boot.test.autoconfigure.web.servlet.WebDriverTestExecutionListener, org.springframework.test.context.web.ServletTestExecutionListener, org.springframework.test.context.support.DirtiesContextBeforeModesTestExecutionListener, org.springframework.test.context.support.DependencyInjectionTestExecutionListener, org.springframework.test.context.support.DirtiesContextTestExecutionListener, org.springframework.test.context.transaction.TransactionalTestExecutionListener, org.springframework.test.context.jdbc.SqlScriptsTestExecutionListener]
15:41:28.771 [main] INFO org.springframework.boot.test.context.SpringBootTestContextBootstrapper - Using TestExecutionListeners: [org.springframework.test.context.web.ServletTestExecutionListener@5f049ea1, org.springframework.test.context.support.DirtiesContextBeforeModesTestExecutionListener@72cc7e6f, org.springframework.boot.test.autoconfigure.SpringBootDependencyInjectionTestExecutionListener@5afa3c9, org.springframework.test.context.support.DirtiesContextTestExecutionListener@72035809, org.springframework.test.context.transaction.TransactionalTestExecutionListener@909217e, org.springframework.test.context.jdbc.SqlScriptsTestExecutionListener@18271936, org.springframework.boot.test.autoconfigure.web.servlet.MockMvcPrintOnlyOnFailureTestExecutionListener@606e4010, org.springframework.boot.test.autoconfigure.restdocs.RestDocsTestExecutionListener@8458f04, org.springframework.boot.test.mock.mockito.MockitoTestExecutionListener@48075da3, org.springframework.boot.test.autoconfigure.web.client.MockRestServiceServerResetTestExecutionListener@68c9133c, org.springframework.boot.test.autoconfigure.web.servlet.WebDriverTestExecutionListener@7a35b0f5, org.springframework.boot.test.mock.mockito.ResetMocksTestExecutionListener@5e2c3d18]
15:41:28.775 [main] DEBUG org.springframework.test.context.junit4.SpringJUnit4ClassRunner - SpringJUnit4ClassRunner constructor called with [class com.vir.repository.WordRepositoryTest]
15:41:28.775 [main] DEBUG org.springframework.test.context.BootstrapUtils - Instantiating CacheAwareContextLoaderDelegate from class [org.springframework.test.context.cache.DefaultCacheAwareContextLoaderDelegate]
15:41:28.775 [main] DEBUG org.springframework.test.context.BootstrapUtils - Instantiating BootstrapContext using constructor [public org.springframework.test.context.support.DefaultBootstrapContext(java.lang.Class,org.springframework.test.context.CacheAwareContextLoaderDelegate)]
15:41:28.775 [main] DEBUG org.springframework.test.context.BootstrapUtils - Instantiating TestContextBootstrapper for test class [com.vir.repository.WordRepositoryTest] from class [org.springframework.boot.test.context.SpringBootTestContextBootstrapper]
15:41:28.775 [main] INFO org.springframework.boot.test.context.SpringBootTestContextBootstrapper - Neither @ContextConfiguration nor @ContextHierarchy found for test class [com.vir.repository.WordRepositoryTest], using SpringBootContextLoader
15:41:28.777 [main] DEBUG org.springframework.test.context.support.AbstractContextLoader - Did not detect default resource location for test class [com.vir.repository.WordRepositoryTest]: class path resource [com/vir/repository/WordRepositoryTest-context.xml] does not exist
15:41:28.777 [main] DEBUG org.springframework.test.context.support.AbstractContextLoader - Did not detect default resource location for test class [com.vir.repository.WordRepositoryTest]: class path resource [com/vir/repository/WordRepositoryTestContext.groovy] does not exist
15:41:28.777 [main] INFO org.springframework.test.context.support.AbstractContextLoader - Could not detect default resource locations for test class [com.vir.repository.WordRepositoryTest]: no resource found for suffixes {-context.xml, Context.groovy}.
15:41:28.777 [main] INFO org.springframework.test.context.support.AnnotationConfigContextLoaderUtils - Could not detect default configuration classes for test class [com.vir.repository.WordRepositoryTest]: WordRepositoryTest does not declare any static, non-private, non-final, nested classes annotated with @Configuration.
15:41:28.783 [main] DEBUG org.springframework.core.env.StandardEnvironment - Adding [systemProperties] PropertySource with lowest search precedence
15:41:28.784 [main] DEBUG org.springframework.core.env.StandardEnvironment - Adding [systemEnvironment] PropertySource with lowest search precedence
15:41:28.784 [main] DEBUG org.springframework.core.env.StandardEnvironment - Initialized StandardEnvironment with PropertySources [systemProperties,systemEnvironment]
15:41:28.786 [main] DEBUG org.springframework.core.io.support.PathMatchingResourcePatternResolver - Resolved classpath location [com/vir/repository/] to resources [URL [file:/C:/Users/regin/Desktop/VIRS/Code/VIR-Backend/target/test-classes/com/vir/repository/], URL [file:/C:/Users/regin/Desktop/VIRS/Code/VIR-Backend/target/classes/com/vir/repository/]]
15:41:28.786 [main] DEBUG org.springframework.core.io.support.PathMatchingResourcePatternResolver - Looking for matching resources in directory tree [C:\Users\regin\Desktop\VIRS\Code\VIR-Backend\target\test-classes\com\vir\repository]
15:41:28.786 [main] DEBUG org.springframework.core.io.support.PathMatchingResourcePatternResolver - Searching directory [C:\Users\regin\Desktop\VIRS\Code\VIR-Backend\target\test-classes\com\vir\repository] for files matching pattern [C:/Users/regin/Desktop/VIRS/Code/VIR-Backend/target/test-classes/com/vir/repository/*.class]
15:41:28.787 [main] DEBUG org.springframework.core.io.support.PathMatchingResourcePatternResolver - Looking for matching resources in directory tree [C:\Users\regin\Desktop\VIRS\Code\VIR-Backend\target\classes\com\vir\repository]
15:41:28.787 [main] DEBUG org.springframework.core.io.support.PathMatchingResourcePatternResolver - Searching directory [C:\Users\regin\Desktop\VIRS\Code\VIR-Backend\target\classes\com\vir\repository] for files matching pattern [C:/Users/regin/Desktop/VIRS/Code/VIR-Backend/target/classes/com/vir/repository/*.class]
15:41:28.788 [main] DEBUG org.springframework.core.io.support.PathMatchingResourcePatternResolver - Resolved location pattern [classpath*:com/vir/repository/*.class] to resources [file [C:\Users\regin\Desktop\VIRS\Code\VIR-Backend\target\test-classes\com\vir\repository\WordRepositoryTest.class], file [C:\Users\regin\Desktop\VIRS\Code\VIR-Backend\target\classes\com\vir\repository\RecoveryRepository.class], file [C:\Users\regin\Desktop\VIRS\Code\VIR-Backend\target\classes\com\vir\repository\UserRepository.class], file [C:\Users\regin\Desktop\VIRS\Code\VIR-Backend\target\classes\com\vir\repository\WordRepository.class], file [C:\Users\regin\Desktop\VIRS\Code\VIR-Backend\target\classes\com\vir\repository\WordRepositoryHelper.class]]
15:41:28.801 [main] DEBUG org.springframework.core.io.support.PathMatchingResourcePatternResolver - Resolved classpath location [com/vir/] to resources [URL [file:/C:/Users/regin/Desktop/VIRS/Code/VIR-Backend/target/test-classes/com/vir/], URL [file:/C:/Users/regin/Desktop/VIRS/Code/VIR-Backend/target/classes/com/vir/]]
15:41:28.801 [main] DEBUG org.springframework.core.io.support.PathMatchingResourcePatternResolver - Looking for matching resources in directory tree [C:\Users\regin\Desktop\VIRS\Code\VIR-Backend\target\test-classes\com\vir]
15:41:28.801 [main] DEBUG org.springframework.core.io.support.PathMatchingResourcePatternResolver - Searching directory [C:\Users\regin\Desktop\VIRS\Code\VIR-Backend\target\test-classes\com\vir] for files matching pattern [C:/Users/regin/Desktop/VIRS/Code/VIR-Backend/target/test-classes/com/vir/*.class]
15:41:28.802 [main] DEBUG org.springframework.core.io.support.PathMatchingResourcePatternResolver - Looking for matching resources in directory tree [C:\Users\regin\Desktop\VIRS\Code\VIR-Backend\target\classes\com\vir]
15:41:28.802 [main] DEBUG org.springframework.core.io.support.PathMatchingResourcePatternResolver - Searching directory [C:\Users\regin\Desktop\VIRS\Code\VIR-Backend\target\classes\com\vir] for files matching pattern [C:/Users/regin/Desktop/VIRS/Code/VIR-Backend/target/classes/com/vir/*.class]
15:41:28.803 [main] DEBUG org.springframework.core.io.support.PathMatchingResourcePatternResolver - Resolved location pattern [classpath*:com/vir/*.class] to resources [file [C:\Users\regin\Desktop\VIRS\Code\VIR-Backend\target\test-classes\com\vir\ControllerDevTest.class], file [C:\Users\regin\Desktop\VIRS\Code\VIR-Backend\target\test-classes\com\vir\GeneralDevTest.class], file [C:\Users\regin\Desktop\VIRS\Code\VIR-Backend\target\test-classes\com\vir\VirBackendApplicationTests.class], file [C:\Users\regin\Desktop\VIRS\Code\VIR-Backend\target\classes\com\vir\VirBackendApplication.class]]
15:41:28.808 [main] DEBUG org.springframework.context.annotation.ClassPathScanningCandidateComponentProvider - Identified candidate component class: file [C:\Users\regin\Desktop\VIRS\Code\VIR-Backend\target\classes\com\vir\VirBackendApplication.class]
15:41:28.808 [main] INFO org.springframework.boot.test.context.SpringBootTestContextBootstrapper - Found @SpringBootConfiguration com.vir.VirBackendApplication for test class com.vir.repository.WordRepositoryTest
15:41:28.808 [main] DEBUG org.springframework.boot.test.context.SpringBootTestContextBootstrapper - @TestExecutionListeners is not present for class [com.vir.repository.WordRepositoryTest]: using defaults.
15:41:28.814 [main] INFO org.springframework.boot.test.context.SpringBootTestContextBootstrapper - Loaded default TestExecutionListener class names from location [META-INF/spring.factories]: [org.springframework.boot.test.mock.mockito.MockitoTestExecutionListener, org.springframework.boot.test.mock.mockito.ResetMocksTestExecutionListener, org.springframework.boot.test.autoconfigure.restdocs.RestDocsTestExecutionListener, org.springframework.boot.test.autoconfigure.web.client.MockRestServiceServerResetTestExecutionListener, org.springframework.boot.test.autoconfigure.web.servlet.MockMvcPrintOnlyOnFailureTestExecutionListener, org.springframework.boot.test.autoconfigure.web.servlet.WebDriverTestExecutionListener, org.springframework.test.context.web.ServletTestExecutionListener, org.springframework.test.context.support.DirtiesContextBeforeModesTestExecutionListener, org.springframework.test.context.support.DependencyInjectionTestExecutionListener, org.springframework.test.context.support.DirtiesContextTestExecutionListener, org.springframework.test.context.transaction.TransactionalTestExecutionListener, org.springframework.test.context.jdbc.SqlScriptsTestExecutionListener]
15:41:28.819 [main] INFO org.springframework.boot.test.context.SpringBootTestContextBootstrapper - Using TestExecutionListeners: [org.springframework.test.context.web.ServletTestExecutionListener@5745ca0e, org.springframework.test.context.support.DirtiesContextBeforeModesTestExecutionListener@3ad83a66, org.springframework.boot.test.autoconfigure.SpringBootDependencyInjectionTestExecutionListener@3cce5371, org.springframework.test.context.support.DirtiesContextTestExecutionListener@17bffc17, org.springframework.test.context.transaction.TransactionalTestExecutionListener@6e535154, org.springframework.test.context.jdbc.SqlScriptsTestExecutionListener@15a34df2, org.springframework.boot.test.autoconfigure.web.servlet.MockMvcPrintOnlyOnFailureTestExecutionListener@5b38c1ec, org.springframework.boot.test.autoconfigure.restdocs.RestDocsTestExecutionListener@338fc1d8, org.springframework.boot.test.mock.mockito.MockitoTestExecutionListener@4722ef0c, org.springframework.boot.test.autoconfigure.web.client.MockRestServiceServerResetTestExecutionListener@48e1f6c7, org.springframework.boot.test.autoconfigure.web.servlet.WebDriverTestExecutionListener@55cb6996, org.springframework.boot.test.mock.mockito.ResetMocksTestExecutionListener@1807e3f6]
15:41:28.871 [main] DEBUG org.springframework.test.context.junit4.SpringJUnit4ClassRunner - SpringJUnit4ClassRunner constructor called with [class com.vir.service.impl.dictionary.SimpleDictionaryEntryServiceTest]
15:41:28.871 [main] DEBUG org.springframework.test.context.BootstrapUtils - Instantiating CacheAwareContextLoaderDelegate from class [org.springframework.test.context.cache.DefaultCacheAwareContextLoaderDelegate]
15:41:28.871 [main] DEBUG org.springframework.test.context.BootstrapUtils - Instantiating BootstrapContext using constructor [public org.springframework.test.context.support.DefaultBootstrapContext(java.lang.Class,org.springframework.test.context.CacheAwareContextLoaderDelegate)]
15:41:28.871 [main] DEBUG org.springframework.test.context.BootstrapUtils - Instantiating TestContextBootstrapper for test class [com.vir.service.impl.dictionary.SimpleDictionaryEntryServiceTest] from class [org.springframework.boot.test.context.SpringBootTestContextBootstrapper]
15:41:28.872 [main] INFO org.springframework.boot.test.context.SpringBootTestContextBootstrapper - Neither @ContextConfiguration nor @ContextHierarchy found for test class [com.vir.service.impl.dictionary.SimpleDictionaryEntryServiceTest], using SpringBootContextLoader
15:41:28.873 [main] DEBUG org.springframework.test.context.support.AbstractContextLoader - Did not detect default resource location for test class [com.vir.service.impl.dictionary.SimpleDictionaryEntryServiceTest]: class path resource [com/vir/service/impl/dictionary/SimpleDictionaryEntryServiceTest-context.xml] does not exist
15:41:28.873 [main] DEBUG org.springframework.test.context.support.AbstractContextLoader - Did not detect default resource location for test class [com.vir.service.impl.dictionary.SimpleDictionaryEntryServiceTest]: class path resource [com/vir/service/impl/dictionary/SimpleDictionaryEntryServiceTestContext.groovy] does not exist
15:41:28.873 [main] INFO org.springframework.test.context.support.AbstractContextLoader - Could not detect default resource locations for test class [com.vir.service.impl.dictionary.SimpleDictionaryEntryServiceTest]: no resource found for suffixes {-context.xml, Context.groovy}.
15:41:28.873 [main] INFO org.springframework.test.context.support.AnnotationConfigContextLoaderUtils - Could not detect default configuration classes for test class [com.vir.service.impl.dictionary.SimpleDictionaryEntryServiceTest]: SimpleDictionaryEntryServiceTest does not declare any static, non-private, non-final, nested classes annotated with @Configuration.
15:41:28.891 [main] DEBUG org.springframework.core.env.StandardEnvironment - Adding [systemProperties] PropertySource with lowest search precedence
15:41:28.891 [main] DEBUG org.springframework.core.env.StandardEnvironment - Adding [systemEnvironment] PropertySource with lowest search precedence
15:41:28.891 [main] DEBUG org.springframework.core.env.StandardEnvironment - Initialized StandardEnvironment with PropertySources [systemProperties,systemEnvironment]
15:41:28.891 [main] DEBUG org.springframework.core.io.support.PathMatchingResourcePatternResolver - Resolved classpath location [com/vir/service/impl/dictionary/] to resources [URL [file:/C:/Users/regin/Desktop/VIRS/Code/VIR-Backend/target/test-classes/com/vir/service/impl/dictionary/], URL [file:/C:/Users/regin/Desktop/VIRS/Code/VIR-Backend/target/classes/com/vir/service/impl/dictionary/]]
15:41:28.891 [main] DEBUG org.springframework.core.io.support.PathMatchingResourcePatternResolver - Looking for matching resources in directory tree [C:\Users\regin\Desktop\VIRS\Code\VIR-Backend\target\test-classes\com\vir\service\impl\dictionary]
15:41:28.892 [main] DEBUG org.springframework.core.io.support.PathMatchingResourcePatternResolver - Searching directory [C:\Users\regin\Desktop\VIRS\Code\VIR-Backend\target\test-classes\com\vir\service\impl\dictionary] for files matching pattern [C:/Users/regin/Desktop/VIRS/Code/VIR-Backend/target/test-classes/com/vir/service/impl/dictionary/*.class]
15:41:28.892 [main] DEBUG org.springframework.core.io.support.PathMatchingResourcePatternResolver - Looking for matching resources in directory tree [C:\Users\regin\Desktop\VIRS\Code\VIR-Backend\target\classes\com\vir\service\impl\dictionary]
15:41:28.892 [main] DEBUG org.springframework.core.io.support.PathMatchingResourcePatternResolver - Searching directory [C:\Users\regin\Desktop\VIRS\Code\VIR-Backend\target\classes\com\vir\service\impl\dictionary] for files matching pattern [C:/Users/regin/Desktop/VIRS/Code/VIR-Backend/target/classes/com/vir/service/impl/dictionary/*.class]
15:41:28.893 [main] DEBUG org.springframework.core.io.support.PathMatchingResourcePatternResolver - Resolved location pattern [classpath*:com/vir/service/impl/dictionary/*.class] to resources [file [C:\Users\regin\Desktop\VIRS\Code\VIR-Backend\target\test-classes\com\vir\service\impl\dictionary\SimpleDictionaryEntryServiceTest.class], file [C:\Users\regin\Desktop\VIRS\Code\VIR-Backend\target\test-classes\com\vir\service\impl\dictionary\WikiHtmlCleanerServiceTest.class], file [C:\Users\regin\Desktop\VIRS\Code\VIR-Backend\target\classes\com\vir\service\impl\dictionary\OxfordDictionaryEntryService.class], file [C:\Users\regin\Desktop\VIRS\Code\VIR-Backend\target\classes\com\vir\service\impl\dictionary\SimpleDictionaryEntryService$1.class], file [C:\Users\regin\Desktop\VIRS\Code\VIR-Backend\target\classes\com\vir\service\impl\dictionary\SimpleDictionaryEntryService.class], file [C:\Users\regin\Desktop\VIRS\Code\VIR-Backend\target\classes\com\vir\service\impl\dictionary\WikiDictionaryEntryService.class], file [C:\Users\regin\Desktop\VIRS\Code\VIR-Backend\target\classes\com\vir\service\impl\dictionary\WikiHtmlCleanerService.class]]
15:41:28.900 [main] DEBUG org.springframework.core.io.support.PathMatchingResourcePatternResolver - Resolved classpath location [com/vir/service/impl/] to resources [URL [file:/C:/Users/regin/Desktop/VIRS/Code/VIR-Backend/target/test-classes/com/vir/service/impl/], URL [file:/C:/Users/regin/Desktop/VIRS/Code/VIR-Backend/target/classes/com/vir/service/impl/]]
15:41:28.900 [main] DEBUG org.springframework.core.io.support.PathMatchingResourcePatternResolver - Looking for matching resources in directory tree [C:\Users\regin\Desktop\VIRS\Code\VIR-Backend\target\test-classes\com\vir\service\impl]
15:41:28.900 [main] DEBUG org.springframework.core.io.support.PathMatchingResourcePatternResolver - Searching directory [C:\Users\regin\Desktop\VIRS\Code\VIR-Backend\target\test-classes\com\vir\service\impl] for files matching pattern [C:/Users/regin/Desktop/VIRS/Code/VIR-Backend/target/test-classes/com/vir/service/impl/*.class]
15:41:28.901 [main] DEBUG org.springframework.core.io.support.PathMatchingResourcePatternResolver - Looking for matching resources in directory tree [C:\Users\regin\Desktop\VIRS\Code\VIR-Backend\target\classes\com\vir\service\impl]
15:41:28.901 [main] DEBUG org.springframework.core.io.support.PathMatchingResourcePatternResolver - Searching directory [C:\Users\regin\Desktop\VIRS\Code\VIR-Backend\target\classes\com\vir\service\impl] for files matching pattern [C:/Users/regin/Desktop/VIRS/Code/VIR-Backend/target/classes/com/vir/service/impl/*.class]
15:41:28.902 [main] DEBUG org.springframework.core.io.support.PathMatchingResourcePatternResolver - Resolved location pattern [classpath*:com/vir/service/impl/*.class] to resources [file [C:\Users\regin\Desktop\VIRS\Code\VIR-Backend\target\test-classes\com\vir\service\impl\OcrOptimizerServiceTest.class], file [C:\Users\regin\Desktop\VIRS\Code\VIR-Backend\target\classes\com\vir\service\impl\CSVResourceService.class], file [C:\Users\regin\Desktop\VIRS\Code\VIR-Backend\target\classes\com\vir\service\impl\OcrOptimizerService.class], file [C:\Users\regin\Desktop\VIRS\Code\VIR-Backend\target\classes\com\vir\service\impl\SendEmail.class], file [C:\Users\regin\Desktop\VIRS\Code\VIR-Backend\target\classes\com\vir\service\impl\SimpleWordService.class], file [C:\Users\regin\Desktop\VIRS\Code\VIR-Backend\target\classes\com\vir\service\impl\TesseractConfigurationService.class]]
15:41:28.909 [main] DEBUG org.springframework.core.io.support.PathMatchingResourcePatternResolver - Resolved classpath location [com/vir/service/] to resources [URL [file:/C:/Users/regin/Desktop/VIRS/Code/VIR-Backend/target/test-classes/com/vir/service/], URL [file:/C:/Users/regin/Desktop/VIRS/Code/VIR-Backend/target/classes/com/vir/service/]]
15:41:28.909 [main] DEBUG org.springframework.core.io.support.PathMatchingResourcePatternResolver - Looking for matching resources in directory tree [C:\Users\regin\Desktop\VIRS\Code\VIR-Backend\target\test-classes\com\vir\service]
15:41:28.909 [main] DEBUG org.springframework.core.io.support.PathMatchingResourcePatternResolver - Searching directory [C:\Users\regin\Desktop\VIRS\Code\VIR-Backend\target\test-classes\com\vir\service] for files matching pattern [C:/Users/regin/Desktop/VIRS/Code/VIR-Backend/target/test-classes/com/vir/service/*.class]
15:41:28.909 [main] DEBUG org.springframework.core.io.support.PathMatchingResourcePatternResolver - Looking for matching resources in directory tree [C:\Users\regin\Desktop\VIRS\Code\VIR-Backend\target\classes\com\vir\service]
15:41:28.910 [main] DEBUG org.springframework.core.io.support.PathMatchingResourcePatternResolver - Searching directory [C:\Users\regin\Desktop\VIRS\Code\VIR-Backend\target\classes\com\vir\service] for files matching pattern [C:/Users/regin/Desktop/VIRS/Code/VIR-Backend/target/classes/com/vir/service/*.class]
15:41:28.911 [main] DEBUG org.springframework.core.io.support.PathMatchingResourcePatternResolver - Resolved location pattern [classpath*:com/vir/service/*.class] to resources [file [C:\Users\regin\Desktop\VIRS\Code\VIR-Backend\target\classes\com\vir\service\DictionaryEntryService.class], file [C:\Users\regin\Desktop\VIRS\Code\VIR-Backend\target\classes\com\vir\service\EmailService.class], file [C:\Users\regin\Desktop\VIRS\Code\VIR-Backend\target\classes\com\vir\service\FileProcessorService.class], file [C:\Users\regin\Desktop\VIRS\Code\VIR-Backend\target\classes\com\vir\service\ResourceService.class], file [C:\Users\regin\Desktop\VIRS\Code\VIR-Backend\target\classes\com\vir\service\SendEmailService.class], file [C:\Users\regin\Desktop\VIRS\Code\VIR-Backend\target\classes\com\vir\service\TextProcessorService.class], file [C:\Users\regin\Desktop\VIRS\Code\VIR-Backend\target\classes\com\vir\service\WordService.class]]
15:41:28.917 [main] DEBUG org.springframework.core.io.support.PathMatchingResourcePatternResolver - Resolved classpath location [com/vir/] to resources [URL [file:/C:/Users/regin/Desktop/VIRS/Code/VIR-Backend/target/test-classes/com/vir/], URL [file:/C:/Users/regin/Desktop/VIRS/Code/VIR-Backend/target/classes/com/vir/]]
15:41:28.918 [main] DEBUG org.springframework.core.io.support.PathMatchingResourcePatternResolver - Looking for matching resources in directory tree [C:\Users\regin\Desktop\VIRS\Code\VIR-Backend\target\test-classes\com\vir]
15:41:28.918 [main] DEBUG org.springframework.core.io.support.PathMatchingResourcePatternResolver - Searching directory [C:\Users\regin\Desktop\VIRS\Code\VIR-Backend\target\test-classes\com\vir] for files matching pattern [C:/Users/regin/Desktop/VIRS/Code/VIR-Backend/target/test-classes/com/vir/*.class]
15:41:28.920 [main] DEBUG org.springframework.core.io.support.PathMatchingResourcePatternResolver - Looking for matching resources in directory tree [C:\Users\regin\Desktop\VIRS\Code\VIR-Backend\target\classes\com\vir]
15:41:28.921 [main] DEBUG org.springframework.core.io.support.PathMatchingResourcePatternResolver - Searching directory [C:\Users\regin\Desktop\VIRS\Code\VIR-Backend\target\classes\com\vir] for files matching pattern [C:/Users/regin/Desktop/VIRS/Code/VIR-Backend/target/classes/com/vir/*.class]
15:41:28.922 [main] DEBUG org.springframework.core.io.support.PathMatchingResourcePatternResolver - Resolved location pattern [classpath*:com/vir/*.class] to resources [file [C:\Users\regin\Desktop\VIRS\Code\VIR-Backend\target\test-classes\com\vir\ControllerDevTest.class], file [C:\Users\regin\Desktop\VIRS\Code\VIR-Backend\target\test-classes\com\vir\GeneralDevTest.class], file [C:\Users\regin\Desktop\VIRS\Code\VIR-Backend\target\test-classes\com\vir\VirBackendApplicationTests.class], file [C:\Users\regin\Desktop\VIRS\Code\VIR-Backend\target\classes\com\vir\VirBackendApplication.class]]
15:41:28.927 [main] DEBUG org.springframework.context.annotation.ClassPathScanningCandidateComponentProvider - Identified candidate component class: file [C:\Users\regin\Desktop\VIRS\Code\VIR-Backend\target\classes\com\vir\VirBackendApplication.class]
15:41:28.928 [main] INFO org.springframework.boot.test.context.SpringBootTestContextBootstrapper - Found @SpringBootConfiguration com.vir.VirBackendApplication for test class com.vir.service.impl.dictionary.SimpleDictionaryEntryServiceTest
15:41:28.928 [main] DEBUG org.springframework.boot.test.context.SpringBootTestContextBootstrapper - @TestExecutionListeners is not present for class [com.vir.service.impl.dictionary.SimpleDictionaryEntryServiceTest]: using defaults.
15:41:28.932 [main] INFO org.springframework.boot.test.context.SpringBootTestContextBootstrapper - Loaded default TestExecutionListener class names from location [META-INF/spring.factories]: [org.springframework.boot.test.mock.mockito.MockitoTestExecutionListener, org.springframework.boot.test.mock.mockito.ResetMocksTestExecutionListener, org.springframework.boot.test.autoconfigure.restdocs.RestDocsTestExecutionListener, org.springframework.boot.test.autoconfigure.web.client.MockRestServiceServerResetTestExecutionListener, org.springframework.boot.test.autoconfigure.web.servlet.MockMvcPrintOnlyOnFailureTestExecutionListener, org.springframework.boot.test.autoconfigure.web.servlet.WebDriverTestExecutionListener, org.springframework.test.context.web.ServletTestExecutionListener, org.springframework.test.context.support.DirtiesContextBeforeModesTestExecutionListener, org.springframework.test.context.support.DependencyInjectionTestExecutionListener, org.springframework.test.context.support.DirtiesContextTestExecutionListener, org.springframework.test.context.transaction.TransactionalTestExecutionListener, org.springframework.test.context.jdbc.SqlScriptsTestExecutionListener]
15:41:28.938 [main] INFO org.springframework.boot.test.context.SpringBootTestContextBootstrapper - Using TestExecutionListeners: [org.springframework.test.context.web.ServletTestExecutionListener@7905a0b8, org.springframework.test.context.support.DirtiesContextBeforeModesTestExecutionListener@35a3d49f, org.springframework.boot.test.autoconfigure.SpringBootDependencyInjectionTestExecutionListener@389b0789, org.springframework.test.context.support.DirtiesContextTestExecutionListener@13d9cbf5, org.springframework.test.context.transaction.TransactionalTestExecutionListener@478db956, org.springframework.test.context.jdbc.SqlScriptsTestExecutionListener@6ca18a14, org.springframework.boot.test.autoconfigure.web.servlet.MockMvcPrintOnlyOnFailureTestExecutionListener@c667f46, org.springframework.boot.test.autoconfigure.restdocs.RestDocsTestExecutionListener@51bd8b5c, org.springframework.boot.test.mock.mockito.MockitoTestExecutionListener@7b50df34, org.springframework.boot.test.autoconfigure.web.client.MockRestServiceServerResetTestExecutionListener@1b410b60, org.springframework.boot.test.autoconfigure.web.servlet.WebDriverTestExecutionListener@2462cb01, org.springframework.boot.test.mock.mockito.ResetMocksTestExecutionListener@19b843ba]
15:41:28.940 [main] DEBUG org.springframework.test.context.junit4.SpringJUnit4ClassRunner - SpringJUnit4ClassRunner constructor called with [class com.vir.service.impl.OcrOptimizerServiceTest]
15:41:28.940 [main] DEBUG org.springframework.test.context.BootstrapUtils - Instantiating CacheAwareContextLoaderDelegate from class [org.springframework.test.context.cache.DefaultCacheAwareContextLoaderDelegate]
15:41:28.941 [main] DEBUG org.springframework.test.context.BootstrapUtils - Instantiating BootstrapContext using constructor [public org.springframework.test.context.support.DefaultBootstrapContext(java.lang.Class,org.springframework.test.context.CacheAwareContextLoaderDelegate)]
15:41:28.941 [main] DEBUG org.springframework.test.context.BootstrapUtils - Instantiating TestContextBootstrapper for test class [com.vir.service.impl.OcrOptimizerServiceTest] from class [org.springframework.boot.test.context.SpringBootTestContextBootstrapper]
15:41:28.941 [main] INFO org.springframework.boot.test.context.SpringBootTestContextBootstrapper - Neither @ContextConfiguration nor @ContextHierarchy found for test class [com.vir.service.impl.OcrOptimizerServiceTest], using SpringBootContextLoader
15:41:28.942 [main] DEBUG org.springframework.test.context.support.AbstractContextLoader - Did not detect default resource location for test class [com.vir.service.impl.OcrOptimizerServiceTest]: class path resource [com/vir/service/impl/OcrOptimizerServiceTest-context.xml] does not exist
15:41:28.942 [main] DEBUG org.springframework.test.context.support.AbstractContextLoader - Did not detect default resource location for test class [com.vir.service.impl.OcrOptimizerServiceTest]: class path resource [com/vir/service/impl/OcrOptimizerServiceTestContext.groovy] does not exist
15:41:28.942 [main] INFO org.springframework.test.context.support.AbstractContextLoader - Could not detect default resource locations for test class [com.vir.service.impl.OcrOptimizerServiceTest]: no resource found for suffixes {-context.xml, Context.groovy}.
15:41:28.943 [main] INFO org.springframework.test.context.support.AnnotationConfigContextLoaderUtils - Could not detect default configuration classes for test class [com.vir.service.impl.OcrOptimizerServiceTest]: OcrOptimizerServiceTest does not declare any static, non-private, non-final, nested classes annotated with @Configuration.
15:41:28.948 [main] DEBUG org.springframework.core.env.StandardEnvironment - Adding [systemProperties] PropertySource with lowest search precedence
15:41:28.949 [main] DEBUG org.springframework.core.env.StandardEnvironment - Adding [systemEnvironment] PropertySource with lowest search precedence
15:41:28.949 [main] DEBUG org.springframework.core.env.StandardEnvironment - Initialized StandardEnvironment with PropertySources [systemProperties,systemEnvironment]
15:41:28.950 [main] DEBUG org.springframework.core.io.support.PathMatchingResourcePatternResolver - Resolved classpath location [com/vir/service/impl/] to resources [URL [file:/C:/Users/regin/Desktop/VIRS/Code/VIR-Backend/target/test-classes/com/vir/service/impl/], URL [file:/C:/Users/regin/Desktop/VIRS/Code/VIR-Backend/target/classes/com/vir/service/impl/]]
15:41:28.951 [main] DEBUG org.springframework.core.io.support.PathMatchingResourcePatternResolver - Looking for matching resources in directory tree [C:\Users\regin\Desktop\VIRS\Code\VIR-Backend\target\test-classes\com\vir\service\impl]
15:41:28.951 [main] DEBUG org.springframework.core.io.support.PathMatchingResourcePatternResolver - Searching directory [C:\Users\regin\Desktop\VIRS\Code\VIR-Backend\target\test-classes\com\vir\service\impl] for files matching pattern [C:/Users/regin/Desktop/VIRS/Code/VIR-Backend/target/test-classes/com/vir/service/impl/*.class]
15:41:28.952 [main] DEBUG org.springframework.core.io.support.PathMatchingResourcePatternResolver - Looking for matching resources in directory tree [C:\Users\regin\Desktop\VIRS\Code\VIR-Backend\target\classes\com\vir\service\impl]
15:41:28.953 [main] DEBUG org.springframework.core.io.support.PathMatchingResourcePatternResolver - Searching directory [C:\Users\regin\Desktop\VIRS\Code\VIR-Backend\target\classes\com\vir\service\impl] for files matching pattern [C:/Users/regin/Desktop/VIRS/Code/VIR-Backend/target/classes/com/vir/service/impl/*.class]
15:41:28.954 [main] DEBUG org.springframework.core.io.support.PathMatchingResourcePatternResolver - Resolved location pattern [classpath*:com/vir/service/impl/*.class] to resources [file [C:\Users\regin\Desktop\VIRS\Code\VIR-Backend\target\test-classes\com\vir\service\impl\OcrOptimizerServiceTest.class], file [C:\Users\regin\Desktop\VIRS\Code\VIR-Backend\target\classes\com\vir\service\impl\CSVResourceService.class], file [C:\Users\regin\Desktop\VIRS\Code\VIR-Backend\target\classes\com\vir\service\impl\OcrOptimizerService.class], file [C:\Users\regin\Desktop\VIRS\Code\VIR-Backend\target\classes\com\vir\service\impl\SendEmail.class], file [C:\Users\regin\Desktop\VIRS\Code\VIR-Backend\target\classes\com\vir\service\impl\SimpleWordService.class], file [C:\Users\regin\Desktop\VIRS\Code\VIR-Backend\target\classes\com\vir\service\impl\TesseractConfigurationService.class]]
15:41:28.958 [main] DEBUG org.springframework.core.io.support.PathMatchingResourcePatternResolver - Resolved classpath location [com/vir/service/] to resources [URL [file:/C:/Users/regin/Desktop/VIRS/Code/VIR-Backend/target/test-classes/com/vir/service/], URL [file:/C:/Users/regin/Desktop/VIRS/Code/VIR-Backend/target/classes/com/vir/service/]]
15:41:28.958 [main] DEBUG org.springframework.core.io.support.PathMatchingResourcePatternResolver - Looking for matching resources in directory tree [C:\Users\regin\Desktop\VIRS\Code\VIR-Backend\target\test-classes\com\vir\service]
15:41:28.958 [main] DEBUG org.springframework.core.io.support.PathMatchingResourcePatternResolver - Searching directory [C:\Users\regin\Desktop\VIRS\Code\VIR-Backend\target\test-classes\com\vir\service] for files matching pattern [C:/Users/regin/Desktop/VIRS/Code/VIR-Backend/target/test-classes/com/vir/service/*.class]
15:41:28.959 [main] DEBUG org.springframework.core.io.support.PathMatchingResourcePatternResolver - Looking for matching resources in directory tree [C:\Users\regin\Desktop\VIRS\Code\VIR-Backend\target\classes\com\vir\service]
15:41:28.959 [main] DEBUG org.springframework.core.io.support.PathMatchingResourcePatternResolver - Searching directory [C:\Users\regin\Desktop\VIRS\Code\VIR-Backend\target\classes\com\vir\service] for files matching pattern [C:/Users/regin/Desktop/VIRS/Code/VIR-Backend/target/classes/com/vir/service/*.class]
15:41:28.964 [main] DEBUG org.springframework.core.io.support.PathMatchingResourcePatternResolver - Resolved location pattern [classpath*:com/vir/service/*.class] to resources [file [C:\Users\regin\Desktop\VIRS\Code\VIR-Backend\target\classes\com\vir\service\DictionaryEntryService.class], file [C:\Users\regin\Desktop\VIRS\Code\VIR-Backend\target\classes\com\vir\service\EmailService.class], file [C:\Users\regin\Desktop\VIRS\Code\VIR-Backend\target\classes\com\vir\service\FileProcessorService.class], file [C:\Users\regin\Desktop\VIRS\Code\VIR-Backend\target\classes\com\vir\service\ResourceService.class], file [C:\Users\regin\Desktop\VIRS\Code\VIR-Backend\target\classes\com\vir\service\SendEmailService.class], file [C:\Users\regin\Desktop\VIRS\Code\VIR-Backend\target\classes\com\vir\service\TextProcessorService.class], file [C:\Users\regin\Desktop\VIRS\Code\VIR-Backend\target\classes\com\vir\service\WordService.class]]
15:41:28.970 [main] DEBUG org.springframework.core.io.support.PathMatchingResourcePatternResolver - Resolved classpath location [com/vir/] to resources [URL [file:/C:/Users/regin/Desktop/VIRS/Code/VIR-Backend/target/test-classes/com/vir/], URL [file:/C:/Users/regin/Desktop/VIRS/Code/VIR-Backend/target/classes/com/vir/]]
15:41:28.971 [main] DEBUG org.springframework.core.io.support.PathMatchingResourcePatternResolver - Looking for matching resources in directory tree [C:\Users\regin\Desktop\VIRS\Code\VIR-Backend\target\test-classes\com\vir]
15:41:28.971 [main] DEBUG org.springframework.core.io.support.PathMatchingResourcePatternResolver - Searching directory [C:\Users\regin\Desktop\VIRS\Code\VIR-Backend\target\test-classes\com\vir] for files matching pattern [C:/Users/regin/Desktop/VIRS/Code/VIR-Backend/target/test-classes/com/vir/*.class]
15:41:28.971 [main] DEBUG org.springframework.core.io.support.PathMatchingResourcePatternResolver - Looking for matching resources in directory tree [C:\Users\regin\Desktop\VIRS\Code\VIR-Backend\target\classes\com\vir]
15:41:28.972 [main] DEBUG org.springframework.core.io.support.PathMatchingResourcePatternResolver - Searching directory [C:\Users\regin\Desktop\VIRS\Code\VIR-Backend\target\classes\com\vir] for files matching pattern [C:/Users/regin/Desktop/VIRS/Code/VIR-Backend/target/classes/com/vir/*.class]
15:41:28.972 [main] DEBUG org.springframework.core.io.support.PathMatchingResourcePatternResolver - Resolved location pattern [classpath*:com/vir/*.class] to resources [file [C:\Users\regin\Desktop\VIRS\Code\VIR-Backend\target\test-classes\com\vir\ControllerDevTest.class], file [C:\Users\regin\Desktop\VIRS\Code\VIR-Backend\target\test-classes\com\vir\GeneralDevTest.class], file [C:\Users\regin\Desktop\VIRS\Code\VIR-Backend\target\test-classes\com\vir\VirBackendApplicationTests.class], file [C:\Users\regin\Desktop\VIRS\Code\VIR-Backend\target\classes\com\vir\VirBackendApplication.class]]
15:41:28.976 [main] DEBUG org.springframework.context.annotation.ClassPathScanningCandidateComponentProvider - Identified candidate component class: file [C:\Users\regin\Desktop\VIRS\Code\VIR-Backend\target\classes\com\vir\VirBackendApplication.class]
15:41:28.976 [main] INFO org.springframework.boot.test.context.SpringBootTestContextBootstrapper - Found @SpringBootConfiguration com.vir.VirBackendApplication for test class com.vir.service.impl.OcrOptimizerServiceTest
15:41:28.976 [main] DEBUG org.springframework.boot.test.context.SpringBootTestContextBootstrapper - @TestExecutionListeners is not present for class [com.vir.service.impl.OcrOptimizerServiceTest]: using defaults.
15:41:28.981 [main] INFO org.springframework.boot.test.context.SpringBootTestContextBootstrapper - Loaded default TestExecutionListener class names from location [META-INF/spring.factories]: [org.springframework.boot.test.mock.mockito.MockitoTestExecutionListener, org.springframework.boot.test.mock.mockito.ResetMocksTestExecutionListener, org.springframework.boot.test.autoconfigure.restdocs.RestDocsTestExecutionListener, org.springframework.boot.test.autoconfigure.web.client.MockRestServiceServerResetTestExecutionListener, org.springframework.boot.test.autoconfigure.web.servlet.MockMvcPrintOnlyOnFailureTestExecutionListener, org.springframework.boot.test.autoconfigure.web.servlet.WebDriverTestExecutionListener, org.springframework.test.context.web.ServletTestExecutionListener, org.springframework.test.context.support.DirtiesContextBeforeModesTestExecutionListener, org.springframework.test.context.support.DependencyInjectionTestExecutionListener, org.springframework.test.context.support.DirtiesContextTestExecutionListener, org.springframework.test.context.transaction.TransactionalTestExecutionListener, org.springframework.test.context.jdbc.SqlScriptsTestExecutionListener]
15:41:28.987 [main] INFO org.springframework.boot.test.context.SpringBootTestContextBootstrapper - Using TestExecutionListeners: [org.springframework.test.context.web.ServletTestExecutionListener@3116c353, org.springframework.test.context.support.DirtiesContextBeforeModesTestExecutionListener@f627d13, org.springframework.boot.test.autoconfigure.SpringBootDependencyInjectionTestExecutionListener@4e928fbf, org.springframework.test.context.support.DirtiesContextTestExecutionListener@352ff4da, org.springframework.test.context.transaction.TransactionalTestExecutionListener@3224a577, org.springframework.test.context.jdbc.SqlScriptsTestExecutionListener@2e32ccc5, org.springframework.boot.test.autoconfigure.web.servlet.MockMvcPrintOnlyOnFailureTestExecutionListener@748741cb, org.springframework.boot.test.autoconfigure.restdocs.RestDocsTestExecutionListener@3e44f2a5, org.springframework.boot.test.mock.mockito.MockitoTestExecutionListener@295cf707, org.springframework.boot.test.autoconfigure.web.client.MockRestServiceServerResetTestExecutionListener@1130520d, org.springframework.boot.test.autoconfigure.web.servlet.WebDriverTestExecutionListener@5f77d0f9, org.springframework.boot.test.mock.mockito.ResetMocksTestExecutionListener@463fd068]
15:41:28.987 [main] DEBUG org.springframework.test.context.junit4.SpringJUnit4ClassRunner - SpringJUnit4ClassRunner constructor called with [class com.vir.service.impl.processor.DocProcessorServiceTest]
15:41:28.987 [main] DEBUG org.springframework.test.context.BootstrapUtils - Instantiating CacheAwareContextLoaderDelegate from class [org.springframework.test.context.cache.DefaultCacheAwareContextLoaderDelegate]
15:41:28.988 [main] DEBUG org.springframework.test.context.BootstrapUtils - Instantiating BootstrapContext using constructor [public org.springframework.test.context.support.DefaultBootstrapContext(java.lang.Class,org.springframework.test.context.CacheAwareContextLoaderDelegate)]
15:41:28.988 [main] DEBUG org.springframework.test.context.BootstrapUtils - Instantiating TestContextBootstrapper for test class [com.vir.service.impl.processor.DocProcessorServiceTest] from class [org.springframework.boot.test.context.SpringBootTestContextBootstrapper]
15:41:28.988 [main] INFO org.springframework.boot.test.context.SpringBootTestContextBootstrapper - Neither @ContextConfiguration nor @ContextHierarchy found for test class [com.vir.service.impl.processor.DocProcessorServiceTest], using SpringBootContextLoader
15:41:28.989 [main] DEBUG org.springframework.test.context.support.AbstractContextLoader - Did not detect default resource location for test class [com.vir.service.impl.processor.DocProcessorServiceTest]: class path resource [com/vir/service/impl/processor/DocProcessorServiceTest-context.xml] does not exist
15:41:28.989 [main] DEBUG org.springframework.test.context.support.AbstractContextLoader - Did not detect default resource location for test class [com.vir.service.impl.processor.DocProcessorServiceTest]: class path resource [com/vir/service/impl/processor/DocProcessorServiceTestContext.groovy] does not exist
15:41:28.990 [main] INFO org.springframework.test.context.support.AbstractContextLoader - Could not detect default resource locations for test class [com.vir.service.impl.processor.DocProcessorServiceTest]: no resource found for suffixes {-context.xml, Context.groovy}.
15:41:28.990 [main] INFO org.springframework.test.context.support.AnnotationConfigContextLoaderUtils - Could not detect default configuration classes for test class [com.vir.service.impl.processor.DocProcessorServiceTest]: DocProcessorServiceTest does not declare any static, non-private, non-final, nested classes annotated with @Configuration.
15:41:28.995 [main] DEBUG org.springframework.core.env.StandardEnvironment - Adding [systemProperties] PropertySource with lowest search precedence
15:41:28.995 [main] DEBUG org.springframework.core.env.StandardEnvironment - Adding [systemEnvironment] PropertySource with lowest search precedence
15:41:28.995 [main] DEBUG org.springframework.core.env.StandardEnvironment - Initialized StandardEnvironment with PropertySources [systemProperties,systemEnvironment]
15:41:28.996 [main] DEBUG org.springframework.core.io.support.PathMatchingResourcePatternResolver - Resolved classpath location [com/vir/service/impl/processor/] to resources [URL [file:/C:/Users/regin/Desktop/VIRS/Code/VIR-Backend/target/test-classes/com/vir/service/impl/processor/], URL [file:/C:/Users/regin/Desktop/VIRS/Code/VIR-Backend/target/classes/com/vir/service/impl/processor/]]
15:41:28.996 [main] DEBUG org.springframework.core.io.support.PathMatchingResourcePatternResolver - Looking for matching resources in directory tree [C:\Users\regin\Desktop\VIRS\Code\VIR-Backend\target\test-classes\com\vir\service\impl\processor]
15:41:28.996 [main] DEBUG org.springframework.core.io.support.PathMatchingResourcePatternResolver - Searching directory [C:\Users\regin\Desktop\VIRS\Code\VIR-Backend\target\test-classes\com\vir\service\impl\processor] for files matching pattern [C:/Users/regin/Desktop/VIRS/Code/VIR-Backend/target/test-classes/com/vir/service/impl/processor/*.class]
15:41:28.997 [main] DEBUG org.springframework.core.io.support.PathMatchingResourcePatternResolver - Looking for matching resources in directory tree [C:\Users\regin\Desktop\VIRS\Code\VIR-Backend\target\classes\com\vir\service\impl\processor]
15:41:28.998 [main] DEBUG org.springframework.core.io.support.PathMatchingResourcePatternResolver - Searching directory [C:\Users\regin\Desktop\VIRS\Code\VIR-Backend\target\classes\com\vir\service\impl\processor] for files matching pattern [C:/Users/regin/Desktop/VIRS/Code/VIR-Backend/target/classes/com/vir/service/impl/processor/*.class]
15:41:28.999 [main] DEBUG org.springframework.core.io.support.PathMatchingResourcePatternResolver - Resolved location pattern [classpath*:com/vir/service/impl/processor/*.class] to resources [file [C:\Users\regin\Desktop\VIRS\Code\VIR-Backend\target\test-classes\com\vir\service\impl\processor\DocProcessorServiceTest.class], file [C:\Users\regin\Desktop\VIRS\Code\VIR-Backend\target\test-classes\com\vir\service\impl\processor\ImgProcessorServiceIT.class], file [C:\Users\regin\Desktop\VIRS\Code\VIR-Backend\target\test-classes\com\vir\service\impl\processor\ImgProcessorServiceTest$LOG_TYPE.class], file [C:\Users\regin\Desktop\VIRS\Code\VIR-Backend\target\test-classes\com\vir\service\impl\processor\ImgProcessorServiceTest.class], file [C:\Users\regin\Desktop\VIRS\Code\VIR-Backend\target\test-classes\com\vir\service\impl\processor\OptimizedTextProcessorServiceTest.class], file [C:\Users\regin\Desktop\VIRS\Code\VIR-Backend\target\test-classes\com\vir\service\impl\processor\PdfProcessorServiceIT.class], file [C:\Users\regin\Desktop\VIRS\Code\VIR-Backend\target\test-classes\com\vir\service\impl\processor\PdfProcessorServiceTest.class], file [C:\Users\regin\Desktop\VIRS\Code\VIR-Backend\target\test-classes\com\vir\service\impl\processor\SimpleTextProcessorServiceTest.class], file [C:\Users\regin\Desktop\VIRS\Code\VIR-Backend\target\test-classes\com\vir\service\impl\processor\SimpleWordServiceTest.class], file [C:\Users\regin\Desktop\VIRS\Code\VIR-Backend\target\classes\com\vir\service\impl\processor\DocProcessorService.class], file [C:\Users\regin\Desktop\VIRS\Code\VIR-Backend\target\classes\com\vir\service\impl\processor\ImgProcessorService$StopWatchOutputOptions.class], file [C:\Users\regin\Desktop\VIRS\Code\VIR-Backend\target\classes\com\vir\service\impl\processor\ImgProcessorService.class], file [C:\Users\regin\Desktop\VIRS\Code\VIR-Backend\target\classes\com\vir\service\impl\processor\OptimizedTextProcessorService.class], file [C:\Users\regin\Desktop\VIRS\Code\VIR-Backend\target\classes\com\vir\service\impl\processor\PdfProcessorService.class], file [C:\Users\regin\Desktop\VIRS\Code\VIR-Backend\target\classes\com\vir\service\impl\processor\SimpleFileProcessorService$1.class], file [C:\Users\regin\Desktop\VIRS\Code\VIR-Backend\target\classes\com\vir\service\impl\processor\SimpleFileProcessorService.class], file [C:\Users\regin\Desktop\VIRS\Code\VIR-Backend\target\classes\com\vir\service\impl\processor\SimpleTextProcessorService.class]]
15:41:29.015 [main] DEBUG org.springframework.core.io.support.PathMatchingResourcePatternResolver - Resolved classpath location [com/vir/service/impl/] to resources [URL [file:/C:/Users/regin/Desktop/VIRS/Code/VIR-Backend/target/test-classes/com/vir/service/impl/], URL [file:/C:/Users/regin/Desktop/VIRS/Code/VIR-Backend/target/classes/com/vir/service/impl/]]
15:41:29.015 [main] DEBUG org.springframework.core.io.support.PathMatchingResourcePatternResolver - Looking for matching resources in directory tree [C:\Users\regin\Desktop\VIRS\Code\VIR-Backend\target\test-classes\com\vir\service\impl]
15:41:29.016 [main] DEBUG org.springframework.core.io.support.PathMatchingResourcePatternResolver - Searching directory [C:\Users\regin\Desktop\VIRS\Code\VIR-Backend\target\test-classes\com\vir\service\impl] for files matching pattern [C:/Users/regin/Desktop/VIRS/Code/VIR-Backend/target/test-classes/com/vir/service/impl/*.class]
15:41:29.016 [main] DEBUG org.springframework.core.io.support.PathMatchingResourcePatternResolver - Looking for matching resources in directory tree [C:\Users\regin\Desktop\VIRS\Code\VIR-Backend\target\classes\com\vir\service\impl]
15:41:29.017 [main] DEBUG org.springframework.core.io.support.PathMatchingResourcePatternResolver - Searching directory [C:\Users\regin\Desktop\VIRS\Code\VIR-Backend\target\classes\com\vir\service\impl] for files matching pattern [C:/Users/regin/Desktop/VIRS/Code/VIR-Backend/target/classes/com/vir/service/impl/*.class]
15:41:29.018 [main] DEBUG org.springframework.core.io.support.PathMatchingResourcePatternResolver - Resolved location pattern [classpath*:com/vir/service/impl/*.class] to resources [file [C:\Users\regin\Desktop\VIRS\Code\VIR-Backend\target\test-classes\com\vir\service\impl\OcrOptimizerServiceTest.class], file [C:\Users\regin\Desktop\VIRS\Code\VIR-Backend\target\classes\com\vir\service\impl\CSVResourceService.class], file [C:\Users\regin\Desktop\VIRS\Code\VIR-Backend\target\classes\com\vir\service\impl\OcrOptimizerService.class], file [C:\Users\regin\Desktop\VIRS\Code\VIR-Backend\target\classes\com\vir\service\impl\SendEmail.class], file [C:\Users\regin\Desktop\VIRS\Code\VIR-Backend\target\classes\com\vir\service\impl\SimpleWordService.class], file [C:\Users\regin\Desktop\VIRS\Code\VIR-Backend\target\classes\com\vir\service\impl\TesseractConfigurationService.class]]
15:41:29.023 [main] DEBUG org.springframework.core.io.support.PathMatchingResourcePatternResolver - Resolved classpath location [com/vir/service/] to resources [URL [file:/C:/Users/regin/Desktop/VIRS/Code/VIR-Backend/target/test-classes/com/vir/service/], URL [file:/C:/Users/regin/Desktop/VIRS/Code/VIR-Backend/target/classes/com/vir/service/]]
15:41:29.023 [main] DEBUG org.springframework.core.io.support.PathMatchingResourcePatternResolver - Looking for matching resources in directory tree [C:\Users\regin\Desktop\VIRS\Code\VIR-Backend\target\test-classes\com\vir\service]
15:41:29.023 [main] DEBUG org.springframework.core.io.support.PathMatchingResourcePatternResolver - Searching directory [C:\Users\regin\Desktop\VIRS\Code\VIR-Backend\target\test-classes\com\vir\service] for files matching pattern [C:/Users/regin/Desktop/VIRS/Code/VIR-Backend/target/test-classes/com/vir/service/*.class]
15:41:29.024 [main] DEBUG org.springframework.core.io.support.PathMatchingResourcePatternResolver - Looking for matching resources in directory tree [C:\Users\regin\Desktop\VIRS\Code\VIR-Backend\target\classes\com\vir\service]
15:41:29.024 [main] DEBUG org.springframework.core.io.support.PathMatchingResourcePatternResolver - Searching directory [C:\Users\regin\Desktop\VIRS\Code\VIR-Backend\target\classes\com\vir\service] for files matching pattern [C:/Users/regin/Desktop/VIRS/Code/VIR-Backend/target/classes/com/vir/service/*.class]
15:41:29.025 [main] DEBUG org.springframework.core.io.support.PathMatchingResourcePatternResolver - Resolved location pattern [classpath*:com/vir/service/*.class] to resources [file [C:\Users\regin\Desktop\VIRS\Code\VIR-Backend\target\classes\com\vir\service\DictionaryEntryService.class], file [C:\Users\regin\Desktop\VIRS\Code\VIR-Backend\target\classes\com\vir\service\EmailService.class], file [C:\Users\regin\Desktop\VIRS\Code\VIR-Backend\target\classes\com\vir\service\FileProcessorService.class], file [C:\Users\regin\Desktop\VIRS\Code\VIR-Backend\target\classes\com\vir\service\ResourceService.class], file [C:\Users\regin\Desktop\VIRS\Code\VIR-Backend\target\classes\com\vir\service\SendEmailService.class], file [C:\Users\regin\Desktop\VIRS\Code\VIR-Backend\target\classes\com\vir\service\TextProcessorService.class], file [C:\Users\regin\Desktop\VIRS\Code\VIR-Backend\target\classes\com\vir\service\WordService.class]]
15:41:29.029 [main] DEBUG org.springframework.core.io.support.PathMatchingResourcePatternResolver - Resolved classpath location [com/vir/] to resources [URL [file:/C:/Users/regin/Desktop/VIRS/Code/VIR-Backend/target/test-classes/com/vir/], URL [file:/C:/Users/regin/Desktop/VIRS/Code/VIR-Backend/target/classes/com/vir/]]
15:41:29.029 [main] DEBUG org.springframework.core.io.support.PathMatchingResourcePatternResolver - Looking for matching resources in directory tree [C:\Users\regin\Desktop\VIRS\Code\VIR-Backend\target\test-classes\com\vir]
15:41:29.029 [main] DEBUG org.springframework.core.io.support.PathMatchingResourcePatternResolver - Searching directory [C:\Users\regin\Desktop\VIRS\Code\VIR-Backend\target\test-classes\com\vir] for files matching pattern [C:/Users/regin/Desktop/VIRS/Code/VIR-Backend/target/test-classes/com/vir/*.class]
15:41:29.030 [main] DEBUG org.springframework.core.io.support.PathMatchingResourcePatternResolver - Looking for matching resources in directory tree [C:\Users\regin\Desktop\VIRS\Code\VIR-Backend\target\classes\com\vir]
15:41:29.030 [main] DEBUG org.springframework.core.io.support.PathMatchingResourcePatternResolver - Searching directory [C:\Users\regin\Desktop\VIRS\Code\VIR-Backend\target\classes\com\vir] for files matching pattern [C:/Users/regin/Desktop/VIRS/Code/VIR-Backend/target/classes/com/vir/*.class]
15:41:29.030 [main] DEBUG org.springframework.core.io.support.PathMatchingResourcePatternResolver - Resolved location pattern [classpath*:com/vir/*.class] to resources [file [C:\Users\regin\Desktop\VIRS\Code\VIR-Backend\target\test-classes\com\vir\ControllerDevTest.class], file [C:\Users\regin\Desktop\VIRS\Code\VIR-Backend\target\test-classes\com\vir\GeneralDevTest.class], file [C:\Users\regin\Desktop\VIRS\Code\VIR-Backend\target\test-classes\com\vir\VirBackendApplicationTests.class], file [C:\Users\regin\Desktop\VIRS\Code\VIR-Backend\target\classes\com\vir\VirBackendApplication.class]]
15:41:29.034 [main] DEBUG org.springframework.context.annotation.ClassPathScanningCandidateComponentProvider - Identified candidate component class: file [C:\Users\regin\Desktop\VIRS\Code\VIR-Backend\target\classes\com\vir\VirBackendApplication.class]
15:41:29.035 [main] INFO org.springframework.boot.test.context.SpringBootTestContextBootstrapper - Found @SpringBootConfiguration com.vir.VirBackendApplication for test class com.vir.service.impl.processor.DocProcessorServiceTest
15:41:29.036 [main] DEBUG org.springframework.boot.test.context.SpringBootTestContextBootstrapper - @TestExecutionListeners is not present for class [com.vir.service.impl.processor.DocProcessorServiceTest]: using defaults.
15:41:29.040 [main] INFO org.springframework.boot.test.context.SpringBootTestContextBootstrapper - Loaded default TestExecutionListener class names from location [META-INF/spring.factories]: [org.springframework.boot.test.mock.mockito.MockitoTestExecutionListener, org.springframework.boot.test.mock.mockito.ResetMocksTestExecutionListener, org.springframework.boot.test.autoconfigure.restdocs.RestDocsTestExecutionListener, org.springframework.boot.test.autoconfigure.web.client.MockRestServiceServerResetTestExecutionListener, org.springframework.boot.test.autoconfigure.web.servlet.MockMvcPrintOnlyOnFailureTestExecutionListener, org.springframework.boot.test.autoconfigure.web.servlet.WebDriverTestExecutionListener, org.springframework.test.context.web.ServletTestExecutionListener, org.springframework.test.context.support.DirtiesContextBeforeModesTestExecutionListener, org.springframework.test.context.support.DependencyInjectionTestExecutionListener, org.springframework.test.context.support.DirtiesContextTestExecutionListener, org.springframework.test.context.transaction.TransactionalTestExecutionListener, org.springframework.test.context.jdbc.SqlScriptsTestExecutionListener]
15:41:29.044 [main] INFO org.springframework.boot.test.context.SpringBootTestContextBootstrapper - Using TestExecutionListeners: [org.springframework.test.context.web.ServletTestExecutionListener@11bb571c, org.springframework.test.context.support.DirtiesContextBeforeModesTestExecutionListener@7c51f34b, org.springframework.boot.test.autoconfigure.SpringBootDependencyInjectionTestExecutionListener@5495333e, org.springframework.test.context.support.DirtiesContextTestExecutionListener@2a225dd7, org.springframework.test.context.transaction.TransactionalTestExecutionListener@61eaec38, org.springframework.test.context.jdbc.SqlScriptsTestExecutionListener@125290e5, org.springframework.boot.test.autoconfigure.web.servlet.MockMvcPrintOnlyOnFailureTestExecutionListener@6fa34d52, org.springframework.boot.test.autoconfigure.restdocs.RestDocsTestExecutionListener@57576994, org.springframework.boot.test.mock.mockito.MockitoTestExecutionListener@616ac46a, org.springframework.boot.test.autoconfigure.web.client.MockRestServiceServerResetTestExecutionListener@67b9b51a, org.springframework.boot.test.autoconfigure.web.servlet.WebDriverTestExecutionListener@1205bd62, org.springframework.boot.test.mock.mockito.ResetMocksTestExecutionListener@7ef27d7f]
15:41:29.047 [main] DEBUG org.springframework.test.context.junit4.SpringJUnit4ClassRunner - SpringJUnit4ClassRunner constructor called with [class com.vir.service.impl.processor.OptimizedTextProcessorServiceTest]
15:41:29.047 [main] DEBUG org.springframework.test.context.BootstrapUtils - Instantiating CacheAwareContextLoaderDelegate from class [org.springframework.test.context.cache.DefaultCacheAwareContextLoaderDelegate]
15:41:29.047 [main] DEBUG org.springframework.test.context.BootstrapUtils - Instantiating BootstrapContext using constructor [public org.springframework.test.context.support.DefaultBootstrapContext(java.lang.Class,org.springframework.test.context.CacheAwareContextLoaderDelegate)]
15:41:29.047 [main] DEBUG org.springframework.test.context.BootstrapUtils - Instantiating TestContextBootstrapper for test class [com.vir.service.impl.processor.OptimizedTextProcessorServiceTest] from class [org.springframework.boot.test.context.SpringBootTestContextBootstrapper]
15:41:29.047 [main] INFO org.springframework.boot.test.context.SpringBootTestContextBootstrapper - Neither @ContextConfiguration nor @ContextHierarchy found for test class [com.vir.service.impl.processor.OptimizedTextProcessorServiceTest], using SpringBootContextLoader
15:41:29.048 [main] DEBUG org.springframework.test.context.support.AbstractContextLoader - Did not detect default resource location for test class [com.vir.service.impl.processor.OptimizedTextProcessorServiceTest]: class path resource [com/vir/service/impl/processor/OptimizedTextProcessorServiceTest-context.xml] does not exist
15:41:29.049 [main] DEBUG org.springframework.test.context.support.AbstractContextLoader - Did not detect default resource location for test class [com.vir.service.impl.processor.OptimizedTextProcessorServiceTest]: class path resource [com/vir/service/impl/processor/OptimizedTextProcessorServiceTestContext.groovy] does not exist
15:41:29.050 [main] INFO org.springframework.test.context.support.AbstractContextLoader - Could not detect default resource locations for test class [com.vir.service.impl.processor.OptimizedTextProcessorServiceTest]: no resource found for suffixes {-context.xml, Context.groovy}.
15:41:29.050 [main] INFO org.springframework.test.context.support.AnnotationConfigContextLoaderUtils - Could not detect default configuration classes for test class [com.vir.service.impl.processor.OptimizedTextProcessorServiceTest]: OptimizedTextProcessorServiceTest does not declare any static, non-private, non-final, nested classes annotated with @Configuration.
15:41:29.057 [main] DEBUG org.springframework.core.env.StandardEnvironment - Adding [systemProperties] PropertySource with lowest search precedence
15:41:29.057 [main] DEBUG org.springframework.core.env.StandardEnvironment - Adding [systemEnvironment] PropertySource with lowest search precedence
15:41:29.057 [main] DEBUG org.springframework.core.env.StandardEnvironment - Initialized StandardEnvironment with PropertySources [systemProperties,systemEnvironment]
15:41:29.057 [main] INFO org.springframework.boot.test.context.SpringBootTestContextBootstrapper - Found @SpringBootConfiguration com.vir.VirBackendApplication for test class com.vir.service.impl.processor.OptimizedTextProcessorServiceTest
15:41:29.057 [main] DEBUG org.springframework.boot.test.context.SpringBootTestContextBootstrapper - @TestExecutionListeners is not present for class [com.vir.service.impl.processor.OptimizedTextProcessorServiceTest]: using defaults.
15:41:29.061 [main] INFO org.springframework.boot.test.context.SpringBootTestContextBootstrapper - Loaded default TestExecutionListener class names from location [META-INF/spring.factories]: [org.springframework.boot.test.mock.mockito.MockitoTestExecutionListener, org.springframework.boot.test.mock.mockito.ResetMocksTestExecutionListener, org.springframework.boot.test.autoconfigure.restdocs.RestDocsTestExecutionListener, org.springframework.boot.test.autoconfigure.web.client.MockRestServiceServerResetTestExecutionListener, org.springframework.boot.test.autoconfigure.web.servlet.MockMvcPrintOnlyOnFailureTestExecutionListener, org.springframework.boot.test.autoconfigure.web.servlet.WebDriverTestExecutionListener, org.springframework.test.context.web.ServletTestExecutionListener, org.springframework.test.context.support.DirtiesContextBeforeModesTestExecutionListener, org.springframework.test.context.support.DependencyInjectionTestExecutionListener, org.springframework.test.context.support.DirtiesContextTestExecutionListener, org.springframework.test.context.transaction.TransactionalTestExecutionListener, org.springframework.test.context.jdbc.SqlScriptsTestExecutionListener]
15:41:29.066 [main] INFO org.springframework.boot.test.context.SpringBootTestContextBootstrapper - Using TestExecutionListeners: [org.springframework.test.context.web.ServletTestExecutionListener@332729ad, org.springframework.test.context.support.DirtiesContextBeforeModesTestExecutionListener@75d2da2d, org.springframework.boot.test.autoconfigure.SpringBootDependencyInjectionTestExecutionListener@4278284b, org.springframework.test.context.support.DirtiesContextTestExecutionListener@9573584, org.springframework.test.context.transaction.TransactionalTestExecutionListener@3370f42, org.springframework.test.context.jdbc.SqlScriptsTestExecutionListener@6057aebb, org.springframework.boot.test.autoconfigure.web.servlet.MockMvcPrintOnlyOnFailureTestExecutionListener@63eef88a, org.springframework.boot.test.autoconfigure.restdocs.RestDocsTestExecutionListener@53251a66, org.springframework.boot.test.mock.mockito.MockitoTestExecutionListener@6853425f, org.springframework.boot.test.autoconfigure.web.client.MockRestServiceServerResetTestExecutionListener@352c1b98, org.springframework.boot.test.autoconfigure.web.servlet.WebDriverTestExecutionListener@21129f1f, org.springframework.boot.test.mock.mockito.ResetMocksTestExecutionListener@5a9f4771]
15:41:29.067 [main] DEBUG org.springframework.test.context.junit4.SpringJUnit4ClassRunner - SpringJUnit4ClassRunner constructor called with [class com.vir.service.impl.processor.PdfProcessorServiceTest]
15:41:29.067 [main] DEBUG org.springframework.test.context.BootstrapUtils - Instantiating CacheAwareContextLoaderDelegate from class [org.springframework.test.context.cache.DefaultCacheAwareContextLoaderDelegate]
15:41:29.067 [main] DEBUG org.springframework.test.context.BootstrapUtils - Instantiating BootstrapContext using constructor [public org.springframework.test.context.support.DefaultBootstrapContext(java.lang.Class,org.springframework.test.context.CacheAwareContextLoaderDelegate)]
15:41:29.067 [main] DEBUG org.springframework.test.context.BootstrapUtils - Instantiating TestContextBootstrapper for test class [com.vir.service.impl.processor.PdfProcessorServiceTest] from class [org.springframework.boot.test.context.SpringBootTestContextBootstrapper]
15:41:29.068 [main] INFO org.springframework.boot.test.context.SpringBootTestContextBootstrapper - Neither @ContextConfiguration nor @ContextHierarchy found for test class [com.vir.service.impl.processor.PdfProcessorServiceTest], using SpringBootContextLoader
15:41:29.071 [main] DEBUG org.springframework.test.context.support.AbstractContextLoader - Did not detect default resource location for test class [com.vir.service.impl.processor.PdfProcessorServiceTest]: class path resource [com/vir/service/impl/processor/PdfProcessorServiceTest-context.xml] does not exist
15:41:29.071 [main] DEBUG org.springframework.test.context.support.AbstractContextLoader - Did not detect default resource location for test class [com.vir.service.impl.processor.PdfProcessorServiceTest]: class path resource [com/vir/service/impl/processor/PdfProcessorServiceTestContext.groovy] does not exist
15:41:29.071 [main] INFO org.springframework.test.context.support.AbstractContextLoader - Could not detect default resource locations for test class [com.vir.service.impl.processor.PdfProcessorServiceTest]: no resource found for suffixes {-context.xml, Context.groovy}.
15:41:29.071 [main] INFO org.springframework.test.context.support.AnnotationConfigContextLoaderUtils - Could not detect default configuration classes for test class [com.vir.service.impl.processor.PdfProcessorServiceTest]: PdfProcessorServiceTest does not declare any static, non-private, non-final, nested classes annotated with @Configuration.
15:41:29.087 [main] DEBUG org.springframework.core.env.StandardEnvironment - Adding [systemProperties] PropertySource with lowest search precedence
15:41:29.087 [main] DEBUG org.springframework.core.env.StandardEnvironment - Adding [systemEnvironment] PropertySource with lowest search precedence
15:41:29.087 [main] DEBUG org.springframework.core.env.StandardEnvironment - Initialized StandardEnvironment with PropertySources [systemProperties,systemEnvironment]
15:41:29.087 [main] INFO org.springframework.boot.test.context.SpringBootTestContextBootstrapper - Found @SpringBootConfiguration com.vir.VirBackendApplication for test class com.vir.service.impl.processor.PdfProcessorServiceTest
15:41:29.088 [main] DEBUG org.springframework.boot.test.context.SpringBootTestContextBootstrapper - @TestExecutionListeners is not present for class [com.vir.service.impl.processor.PdfProcessorServiceTest]: using defaults.
15:41:29.094 [main] INFO org.springframework.boot.test.context.SpringBootTestContextBootstrapper - Loaded default TestExecutionListener class names from location [META-INF/spring.factories]: [org.springframework.boot.test.mock.mockito.MockitoTestExecutionListener, org.springframework.boot.test.mock.mockito.ResetMocksTestExecutionListener, org.springframework.boot.test.autoconfigure.restdocs.RestDocsTestExecutionListener, org.springframework.boot.test.autoconfigure.web.client.MockRestServiceServerResetTestExecutionListener, org.springframework.boot.test.autoconfigure.web.servlet.MockMvcPrintOnlyOnFailureTestExecutionListener, org.springframework.boot.test.autoconfigure.web.servlet.WebDriverTestExecutionListener, org.springframework.test.context.web.ServletTestExecutionListener, org.springframework.test.context.support.DirtiesContextBeforeModesTestExecutionListener, org.springframework.test.context.support.DependencyInjectionTestExecutionListener, org.springframework.test.context.support.DirtiesContextTestExecutionListener, org.springframework.test.context.transaction.TransactionalTestExecutionListener, org.springframework.test.context.jdbc.SqlScriptsTestExecutionListener]
15:41:29.100 [main] INFO org.springframework.boot.test.context.SpringBootTestContextBootstrapper - Using TestExecutionListeners: [org.springframework.test.context.web.ServletTestExecutionListener@4b213651, org.springframework.test.context.support.DirtiesContextBeforeModesTestExecutionListener@4241e0f4, org.springframework.boot.test.autoconfigure.SpringBootDependencyInjectionTestExecutionListener@4ebff610, org.springframework.test.context.support.DirtiesContextTestExecutionListener@60410cd, org.springframework.test.context.transaction.TransactionalTestExecutionListener@44d52de2, org.springframework.test.context.jdbc.SqlScriptsTestExecutionListener@95e33cc, org.springframework.boot.test.autoconfigure.web.servlet.MockMvcPrintOnlyOnFailureTestExecutionListener@38604b81, org.springframework.boot.test.autoconfigure.restdocs.RestDocsTestExecutionListener@1e44b638, org.springframework.boot.test.mock.mockito.MockitoTestExecutionListener@7393222f, org.springframework.boot.test.autoconfigure.web.client.MockRestServiceServerResetTestExecutionListener@babafc2, org.springframework.boot.test.autoconfigure.web.servlet.WebDriverTestExecutionListener@31add175, org.springframework.boot.test.mock.mockito.ResetMocksTestExecutionListener@ae3540e]
15:41:29.100 [main] DEBUG org.springframework.test.context.junit4.SpringJUnit4ClassRunner - SpringJUnit4ClassRunner constructor called with [class com.vir.service.impl.processor.SimpleTextProcessorServiceTest]
15:41:29.100 [main] DEBUG org.springframework.test.context.BootstrapUtils - Instantiating CacheAwareContextLoaderDelegate from class [org.springframework.test.context.cache.DefaultCacheAwareContextLoaderDelegate]
15:41:29.100 [main] DEBUG org.springframework.test.context.BootstrapUtils - Instantiating BootstrapContext using constructor [public org.springframework.test.context.support.DefaultBootstrapContext(java.lang.Class,org.springframework.test.context.CacheAwareContextLoaderDelegate)]
15:41:29.101 [main] DEBUG org.springframework.test.context.BootstrapUtils - Instantiating TestContextBootstrapper for test class [com.vir.service.impl.processor.SimpleTextProcessorServiceTest] from class [org.springframework.boot.test.context.SpringBootTestContextBootstrapper]
15:41:29.102 [main] INFO org.springframework.boot.test.context.SpringBootTestContextBootstrapper - Neither @ContextConfiguration nor @ContextHierarchy found for test class [com.vir.service.impl.processor.SimpleTextProcessorServiceTest], using SpringBootContextLoader
15:41:29.103 [main] DEBUG org.springframework.test.context.support.AbstractContextLoader - Did not detect default resource location for test class [com.vir.service.impl.processor.SimpleTextProcessorServiceTest]: class path resource [com/vir/service/impl/processor/SimpleTextProcessorServiceTest-context.xml] does not exist
15:41:29.104 [main] DEBUG org.springframework.test.context.support.AbstractContextLoader - Did not detect default resource location for test class [com.vir.service.impl.processor.SimpleTextProcessorServiceTest]: class path resource [com/vir/service/impl/processor/SimpleTextProcessorServiceTestContext.groovy] does not exist
15:41:29.104 [main] INFO org.springframework.test.context.support.AbstractContextLoader - Could not detect default resource locations for test class [com.vir.service.impl.processor.SimpleTextProcessorServiceTest]: no resource found for suffixes {-context.xml, Context.groovy}.
15:41:29.104 [main] INFO org.springframework.test.context.support.AnnotationConfigContextLoaderUtils - Could not detect default configuration classes for test class [com.vir.service.impl.processor.SimpleTextProcessorServiceTest]: SimpleTextProcessorServiceTest does not declare any static, non-private, non-final, nested classes annotated with @Configuration.
15:41:29.111 [main] DEBUG org.springframework.core.env.StandardEnvironment - Adding [systemProperties] PropertySource with lowest search precedence
15:41:29.111 [main] DEBUG org.springframework.core.env.StandardEnvironment - Adding [systemEnvironment] PropertySource with lowest search precedence
15:41:29.112 [main] DEBUG org.springframework.core.env.StandardEnvironment - Initialized StandardEnvironment with PropertySources [systemProperties,systemEnvironment]
15:41:29.112 [main] INFO org.springframework.boot.test.context.SpringBootTestContextBootstrapper - Found @SpringBootConfiguration com.vir.VirBackendApplication for test class com.vir.service.impl.processor.SimpleTextProcessorServiceTest
15:41:29.112 [main] DEBUG org.springframework.boot.test.context.SpringBootTestContextBootstrapper - @TestExecutionListeners is not present for class [com.vir.service.impl.processor.SimpleTextProcessorServiceTest]: using defaults.
15:41:29.116 [main] INFO org.springframework.boot.test.context.SpringBootTestContextBootstrapper - Loaded default TestExecutionListener class names from location [META-INF/spring.factories]: [org.springframework.boot.test.mock.mockito.MockitoTestExecutionListener, org.springframework.boot.test.mock.mockito.ResetMocksTestExecutionListener, org.springframework.boot.test.autoconfigure.restdocs.RestDocsTestExecutionListener, org.springframework.boot.test.autoconfigure.web.client.MockRestServiceServerResetTestExecutionListener, org.springframework.boot.test.autoconfigure.web.servlet.MockMvcPrintOnlyOnFailureTestExecutionListener, org.springframework.boot.test.autoconfigure.web.servlet.WebDriverTestExecutionListener, org.springframework.test.context.web.ServletTestExecutionListener, org.springframework.test.context.support.DirtiesContextBeforeModesTestExecutionListener, org.springframework.test.context.support.DependencyInjectionTestExecutionListener, org.springframework.test.context.support.DirtiesContextTestExecutionListener, org.springframework.test.context.transaction.TransactionalTestExecutionListener, org.springframework.test.context.jdbc.SqlScriptsTestExecutionListener]
15:41:29.121 [main] INFO org.springframework.boot.test.context.SpringBootTestContextBootstrapper - Using TestExecutionListeners: [org.springframework.test.context.web.ServletTestExecutionListener@67d18ed7, org.springframework.test.context.support.DirtiesContextBeforeModesTestExecutionListener@2c78d320, org.springframework.boot.test.autoconfigure.SpringBootDependencyInjectionTestExecutionListener@132e0cc, org.springframework.test.context.support.DirtiesContextTestExecutionListener@7b205dbd, org.springframework.test.context.transaction.TransactionalTestExecutionListener@106cc338, org.springframework.test.context.jdbc.SqlScriptsTestExecutionListener@7a67e3c6, org.springframework.boot.test.autoconfigure.web.servlet.MockMvcPrintOnlyOnFailureTestExecutionListener@6cc558c6, org.springframework.boot.test.autoconfigure.restdocs.RestDocsTestExecutionListener@15713d56, org.springframework.boot.test.mock.mockito.MockitoTestExecutionListener@63f259c3, org.springframework.boot.test.autoconfigure.web.client.MockRestServiceServerResetTestExecutionListener@26ceffa8, org.springframework.boot.test.autoconfigure.web.servlet.WebDriverTestExecutionListener@600b90df, org.springframework.boot.test.mock.mockito.ResetMocksTestExecutionListener@7c8c9a05]
15:41:29.123 [main] DEBUG org.springframework.test.context.junit4.SpringJUnit4ClassRunner - SpringJUnit4ClassRunner constructor called with [class com.vir.service.impl.processor.SimpleWordServiceTest]
15:41:29.123 [main] DEBUG org.springframework.test.context.BootstrapUtils - Instantiating CacheAwareContextLoaderDelegate from class [org.springframework.test.context.cache.DefaultCacheAwareContextLoaderDelegate]
15:41:29.123 [main] DEBUG org.springframework.test.context.BootstrapUtils - Instantiating BootstrapContext using constructor [public org.springframework.test.context.support.DefaultBootstrapContext(java.lang.Class,org.springframework.test.context.CacheAwareContextLoaderDelegate)]
15:41:29.124 [main] DEBUG org.springframework.test.context.BootstrapUtils - Instantiating TestContextBootstrapper for test class [com.vir.service.impl.processor.SimpleWordServiceTest] from class [org.springframework.boot.test.context.SpringBootTestContextBootstrapper]
15:41:29.124 [main] INFO org.springframework.boot.test.context.SpringBootTestContextBootstrapper - Neither @ContextConfiguration nor @ContextHierarchy found for test class [com.vir.service.impl.processor.SimpleWordServiceTest], using SpringBootContextLoader
15:41:29.125 [main] DEBUG org.springframework.test.context.support.AbstractContextLoader - Did not detect default resource location for test class [com.vir.service.impl.processor.SimpleWordServiceTest]: class path resource [com/vir/service/impl/processor/SimpleWordServiceTest-context.xml] does not exist
15:41:29.125 [main] DEBUG org.springframework.test.context.support.AbstractContextLoader - Did not detect default resource location for test class [com.vir.service.impl.processor.SimpleWordServiceTest]: class path resource [com/vir/service/impl/processor/SimpleWordServiceTestContext.groovy] does not exist
15:41:29.125 [main] INFO org.springframework.test.context.support.AbstractContextLoader - Could not detect default resource locations for test class [com.vir.service.impl.processor.SimpleWordServiceTest]: no resource found for suffixes {-context.xml, Context.groovy}.
15:41:29.125 [main] INFO org.springframework.test.context.support.AnnotationConfigContextLoaderUtils - Could not detect default configuration classes for test class [com.vir.service.impl.processor.SimpleWordServiceTest]: SimpleWordServiceTest does not declare any static, non-private, non-final, nested classes annotated with @Configuration.
15:41:29.133 [main] DEBUG org.springframework.core.env.StandardEnvironment - Adding [systemProperties] PropertySource with lowest search precedence
15:41:29.133 [main] DEBUG org.springframework.core.env.StandardEnvironment - Adding [systemEnvironment] PropertySource with lowest search precedence
15:41:29.133 [main] DEBUG org.springframework.core.env.StandardEnvironment - Initialized StandardEnvironment with PropertySources [systemProperties,systemEnvironment]
15:41:29.133 [main] INFO org.springframework.boot.test.context.SpringBootTestContextBootstrapper - Found @SpringBootConfiguration com.vir.VirBackendApplication for test class com.vir.service.impl.processor.SimpleWordServiceTest
15:41:29.134 [main] DEBUG org.springframework.boot.test.context.SpringBootTestContextBootstrapper - @TestExecutionListeners is not present for class [com.vir.service.impl.processor.SimpleWordServiceTest]: using defaults.
15:41:29.139 [main] INFO org.springframework.boot.test.context.SpringBootTestContextBootstrapper - Loaded default TestExecutionListener class names from location [META-INF/spring.factories]: [org.springframework.boot.test.mock.mockito.MockitoTestExecutionListener, org.springframework.boot.test.mock.mockito.ResetMocksTestExecutionListener, org.springframework.boot.test.autoconfigure.restdocs.RestDocsTestExecutionListener, org.springframework.boot.test.autoconfigure.web.client.MockRestServiceServerResetTestExecutionListener, org.springframework.boot.test.autoconfigure.web.servlet.MockMvcPrintOnlyOnFailureTestExecutionListener, org.springframework.boot.test.autoconfigure.web.servlet.WebDriverTestExecutionListener, org.springframework.test.context.web.ServletTestExecutionListener, org.springframework.test.context.support.DirtiesContextBeforeModesTestExecutionListener, org.springframework.test.context.support.DependencyInjectionTestExecutionListener, org.springframework.test.context.support.DirtiesContextTestExecutionListener, org.springframework.test.context.transaction.TransactionalTestExecutionListener, org.springframework.test.context.jdbc.SqlScriptsTestExecutionListener]
15:41:29.144 [main] INFO org.springframework.boot.test.context.SpringBootTestContextBootstrapper - Using TestExecutionListeners: [org.springframework.test.context.web.ServletTestExecutionListener@2ef14fe, org.springframework.test.context.support.DirtiesContextBeforeModesTestExecutionListener@77102b91, org.springframework.boot.test.autoconfigure.SpringBootDependencyInjectionTestExecutionListener@45312be2, org.springframework.test.context.support.DirtiesContextTestExecutionListener@7fb95505, org.springframework.test.context.transaction.TransactionalTestExecutionListener@58be6e8, org.springframework.test.context.jdbc.SqlScriptsTestExecutionListener@7331196b, org.springframework.boot.test.autoconfigure.web.servlet.MockMvcPrintOnlyOnFailureTestExecutionListener@3f9342d4, org.springframework.boot.test.autoconfigure.restdocs.RestDocsTestExecutionListener@ab7395e, org.springframework.boot.test.mock.mockito.MockitoTestExecutionListener@50d13246, org.springframework.boot.test.autoconfigure.web.client.MockRestServiceServerResetTestExecutionListener@2bd08376, org.springframework.boot.test.autoconfigure.web.servlet.WebDriverTestExecutionListener@e70f13a, org.springframework.boot.test.mock.mockito.ResetMocksTestExecutionListener@3d3e5463]
15:41:29.144 [main] DEBUG org.springframework.test.context.junit4.SpringJUnit4ClassRunner - SpringJUnit4ClassRunner constructor called with [class com.vir.VirBackendApplicationTests]
15:41:29.144 [main] DEBUG org.springframework.test.context.BootstrapUtils - Instantiating CacheAwareContextLoaderDelegate from class [org.springframework.test.context.cache.DefaultCacheAwareContextLoaderDelegate]
15:41:29.144 [main] DEBUG org.springframework.test.context.BootstrapUtils - Instantiating BootstrapContext using constructor [public org.springframework.test.context.support.DefaultBootstrapContext(java.lang.Class,org.springframework.test.context.CacheAwareContextLoaderDelegate)]
15:41:29.145 [main] DEBUG org.springframework.test.context.BootstrapUtils - Instantiating TestContextBootstrapper for test class [com.vir.VirBackendApplicationTests] from class [org.springframework.boot.test.context.SpringBootTestContextBootstrapper]
15:41:29.145 [main] INFO org.springframework.boot.test.context.SpringBootTestContextBootstrapper - Neither @ContextConfiguration nor @ContextHierarchy found for test class [com.vir.VirBackendApplicationTests], using SpringBootContextLoader
15:41:29.145 [main] DEBUG org.springframework.test.context.support.AbstractContextLoader - Did not detect default resource location for test class [com.vir.VirBackendApplicationTests]: class path resource [com/vir/VirBackendApplicationTests-context.xml] does not exist
15:41:29.146 [main] DEBUG org.springframework.test.context.support.AbstractContextLoader - Did not detect default resource location for test class [com.vir.VirBackendApplicationTests]: class path resource [com/vir/VirBackendApplicationTestsContext.groovy] does not exist
15:41:29.146 [main] INFO org.springframework.test.context.support.AbstractContextLoader - Could not detect default resource locations for test class [com.vir.VirBackendApplicationTests]: no resource found for suffixes {-context.xml, Context.groovy}.
15:41:29.147 [main] INFO org.springframework.test.context.support.AnnotationConfigContextLoaderUtils - Could not detect default configuration classes for test class [com.vir.VirBackendApplicationTests]: VirBackendApplicationTests does not declare any static, non-private, non-final, nested classes annotated with @Configuration.
15:41:29.154 [main] DEBUG org.springframework.core.env.StandardEnvironment - Adding [systemProperties] PropertySource with lowest search precedence
15:41:29.154 [main] DEBUG org.springframework.core.env.StandardEnvironment - Adding [systemEnvironment] PropertySource with lowest search precedence
15:41:29.154 [main] DEBUG org.springframework.core.env.StandardEnvironment - Initialized StandardEnvironment with PropertySources [systemProperties,systemEnvironment]
15:41:29.154 [main] DEBUG org.springframework.core.io.support.PathMatchingResourcePatternResolver - Resolved classpath location [com/vir/] to resources [URL [file:/C:/Users/regin/Desktop/VIRS/Code/VIR-Backend/target/test-classes/com/vir/], URL [file:/C:/Users/regin/Desktop/VIRS/Code/VIR-Backend/target/classes/com/vir/]]
15:41:29.155 [main] DEBUG org.springframework.core.io.support.PathMatchingResourcePatternResolver - Looking for matching resources in directory tree [C:\Users\regin\Desktop\VIRS\Code\VIR-Backend\target\test-classes\com\vir]
15:41:29.155 [main] DEBUG org.springframework.core.io.support.PathMatchingResourcePatternResolver - Searching directory [C:\Users\regin\Desktop\VIRS\Code\VIR-Backend\target\test-classes\com\vir] for files matching pattern [C:/Users/regin/Desktop/VIRS/Code/VIR-Backend/target/test-classes/com/vir/*.class]
15:41:29.156 [main] DEBUG org.springframework.core.io.support.PathMatchingResourcePatternResolver - Looking for matching resources in directory tree [C:\Users\regin\Desktop\VIRS\Code\VIR-Backend\target\classes\com\vir]
15:41:29.156 [main] DEBUG org.springframework.core.io.support.PathMatchingResourcePatternResolver - Searching directory [C:\Users\regin\Desktop\VIRS\Code\VIR-Backend\target\classes\com\vir] for files matching pattern [C:/Users/regin/Desktop/VIRS/Code/VIR-Backend/target/classes/com/vir/*.class]
15:41:29.157 [main] DEBUG org.springframework.core.io.support.PathMatchingResourcePatternResolver - Resolved location pattern [classpath*:com/vir/*.class] to resources [file [C:\Users\regin\Desktop\VIRS\Code\VIR-Backend\target\test-classes\com\vir\ControllerDevTest.class], file [C:\Users\regin\Desktop\VIRS\Code\VIR-Backend\target\test-classes\com\vir\GeneralDevTest.class], file [C:\Users\regin\Desktop\VIRS\Code\VIR-Backend\target\test-classes\com\vir\VirBackendApplicationTests.class], file [C:\Users\regin\Desktop\VIRS\Code\VIR-Backend\target\classes\com\vir\VirBackendApplication.class]]
15:41:29.160 [main] DEBUG org.springframework.context.annotation.ClassPathScanningCandidateComponentProvider - Identified candidate component class: file [C:\Users\regin\Desktop\VIRS\Code\VIR-Backend\target\classes\com\vir\VirBackendApplication.class]
15:41:29.161 [main] INFO org.springframework.boot.test.context.SpringBootTestContextBootstrapper - Found @SpringBootConfiguration com.vir.VirBackendApplication for test class com.vir.VirBackendApplicationTests
15:41:29.161 [main] DEBUG org.springframework.boot.test.context.SpringBootTestContextBootstrapper - @TestExecutionListeners is not present for class [com.vir.VirBackendApplicationTests]: using defaults.
15:41:29.167 [main] INFO org.springframework.boot.test.context.SpringBootTestContextBootstrapper - Loaded default TestExecutionListener class names from location [META-INF/spring.factories]: [org.springframework.boot.test.mock.mockito.MockitoTestExecutionListener, org.springframework.boot.test.mock.mockito.ResetMocksTestExecutionListener, org.springframework.boot.test.autoconfigure.restdocs.RestDocsTestExecutionListener, org.springframework.boot.test.autoconfigure.web.client.MockRestServiceServerResetTestExecutionListener, org.springframework.boot.test.autoconfigure.web.servlet.MockMvcPrintOnlyOnFailureTestExecutionListener, org.springframework.boot.test.autoconfigure.web.servlet.WebDriverTestExecutionListener, org.springframework.test.context.web.ServletTestExecutionListener, org.springframework.test.context.support.DirtiesContextBeforeModesTestExecutionListener, org.springframework.test.context.support.DependencyInjectionTestExecutionListener, org.springframework.test.context.support.DirtiesContextTestExecutionListener, org.springframework.test.context.transaction.TransactionalTestExecutionListener, org.springframework.test.context.jdbc.SqlScriptsTestExecutionListener]
15:41:29.173 [main] INFO org.springframework.boot.test.context.SpringBootTestContextBootstrapper - Using TestExecutionListeners: [org.springframework.test.context.web.ServletTestExecutionListener@33308786, org.springframework.test.context.support.DirtiesContextBeforeModesTestExecutionListener@4f9a2c08, org.springframework.boot.test.autoconfigure.SpringBootDependencyInjectionTestExecutionListener@a87f8ec, org.springframework.test.context.support.DirtiesContextTestExecutionListener@5443d039, org.springframework.test.context.transaction.TransactionalTestExecutionListener@63787180, org.springframework.test.context.jdbc.SqlScriptsTestExecutionListener@7d1cfb8b, org.springframework.boot.test.autoconfigure.web.servlet.MockMvcPrintOnlyOnFailureTestExecutionListener@48e92c5c, org.springframework.boot.test.autoconfigure.restdocs.RestDocsTestExecutionListener@2e1ef60, org.springframework.boot.test.mock.mockito.MockitoTestExecutionListener@22356acd, org.springframework.boot.test.autoconfigure.web.client.MockRestServiceServerResetTestExecutionListener@386f0da3, org.springframework.boot.test.autoconfigure.web.servlet.WebDriverTestExecutionListener@39655d3e, org.springframework.boot.test.mock.mockito.ResetMocksTestExecutionListener@34f22f9d]
15:41:29.176 [main] DEBUG org.springframework.test.annotation.ProfileValueUtils - Retrieved @ProfileValueSourceConfiguration [null] for test class [com.vir.controller.AceptanceOCRCriteriaBigFilesIntegrationTest]
15:41:29.177 [main] DEBUG org.springframework.test.annotation.ProfileValueUtils - Retrieved ProfileValueSource type [class org.springframework.test.annotation.SystemProfileValueSource] for class [com.vir.controller.AceptanceOCRCriteriaBigFilesIntegrationTest]
15:41:29.177 [main] DEBUG org.springframework.test.annotation.ProfileValueUtils - Retrieved @ProfileValueSourceConfiguration [null] for test class [com.vir.controller.AnalizerControlerTest]
15:41:29.177 [main] DEBUG org.springframework.test.annotation.ProfileValueUtils - Retrieved ProfileValueSource type [class org.springframework.test.annotation.SystemProfileValueSource] for class [com.vir.controller.AnalizerControlerTest]
15:41:29.177 [main] DEBUG org.springframework.test.annotation.ProfileValueUtils - Retrieved @ProfileValueSourceConfiguration [null] for test class [com.vir.controller.AngularRedirectControllerTest]
15:41:29.177 [main] DEBUG org.springframework.test.annotation.ProfileValueUtils - Retrieved ProfileValueSource type [class org.springframework.test.annotation.SystemProfileValueSource] for class [com.vir.controller.AngularRedirectControllerTest]
15:41:29.178 [main] DEBUG org.springframework.test.annotation.ProfileValueUtils - Retrieved @ProfileValueSourceConfiguration [null] for test class [com.vir.controller.DictionaryControlerTest]
15:41:29.178 [main] DEBUG org.springframework.test.annotation.ProfileValueUtils - Retrieved ProfileValueSource type [class org.springframework.test.annotation.SystemProfileValueSource] for class [com.vir.controller.DictionaryControlerTest]
15:41:29.178 [main] DEBUG org.springframework.test.annotation.ProfileValueUtils - Retrieved @ProfileValueSourceConfiguration [null] for test class [com.vir.controller.ExceptionAdviceControllerTest]
15:41:29.178 [main] DEBUG org.springframework.test.annotation.ProfileValueUtils - Retrieved ProfileValueSource type [class org.springframework.test.annotation.SystemProfileValueSource] for class [com.vir.controller.ExceptionAdviceControllerTest]
15:41:29.178 [main] DEBUG org.springframework.test.annotation.ProfileValueUtils - Retrieved @ProfileValueSourceConfiguration [null] for test class [com.vir.controller.ResourceControlerTest]
15:41:29.178 [main] DEBUG org.springframework.test.annotation.ProfileValueUtils - Retrieved ProfileValueSource type [class org.springframework.test.annotation.SystemProfileValueSource] for class [com.vir.controller.ResourceControlerTest]
15:41:29.178 [main] DEBUG org.springframework.test.annotation.ProfileValueUtils - Retrieved @ProfileValueSourceConfiguration [null] for test class [com.vir.controller.WordControlerTest]
15:41:29.178 [main] DEBUG org.springframework.test.annotation.ProfileValueUtils - Retrieved ProfileValueSource type [class org.springframework.test.annotation.SystemProfileValueSource] for class [com.vir.controller.WordControlerTest]
15:41:29.178 [main] DEBUG org.springframework.test.annotation.ProfileValueUtils - Retrieved @ProfileValueSourceConfiguration [null] for test class [com.vir.model.translator.WordTranslatorTest]
15:41:29.178 [main] DEBUG org.springframework.test.annotation.ProfileValueUtils - Retrieved ProfileValueSource type [class org.springframework.test.annotation.SystemProfileValueSource] for class [com.vir.model.translator.WordTranslatorTest]
15:41:29.178 [main] DEBUG org.springframework.test.annotation.ProfileValueUtils - Retrieved @ProfileValueSourceConfiguration [null] for test class [com.vir.repository.WordRepositoryTest]
15:41:29.178 [main] DEBUG org.springframework.test.annotation.ProfileValueUtils - Retrieved ProfileValueSource type [class org.springframework.test.annotation.SystemProfileValueSource] for class [com.vir.repository.WordRepositoryTest]
15:41:29.179 [main] DEBUG org.springframework.test.annotation.ProfileValueUtils - Retrieved @ProfileValueSourceConfiguration [null] for test class [com.vir.service.impl.dictionary.SimpleDictionaryEntryServiceTest]
15:41:29.179 [main] DEBUG org.springframework.test.annotation.ProfileValueUtils - Retrieved ProfileValueSource type [class org.springframework.test.annotation.SystemProfileValueSource] for class [com.vir.service.impl.dictionary.SimpleDictionaryEntryServiceTest]
15:41:29.179 [main] DEBUG org.springframework.test.annotation.ProfileValueUtils - Retrieved @ProfileValueSourceConfiguration [null] for test class [com.vir.service.impl.OcrOptimizerServiceTest]
15:41:29.179 [main] DEBUG org.springframework.test.annotation.ProfileValueUtils - Retrieved ProfileValueSource type [class org.springframework.test.annotation.SystemProfileValueSource] for class [com.vir.service.impl.OcrOptimizerServiceTest]
15:41:29.179 [main] DEBUG org.springframework.test.annotation.ProfileValueUtils - Retrieved @ProfileValueSourceConfiguration [null] for test class [com.vir.service.impl.processor.DocProcessorServiceTest]
15:41:29.179 [main] DEBUG org.springframework.test.annotation.ProfileValueUtils - Retrieved ProfileValueSource type [class org.springframework.test.annotation.SystemProfileValueSource] for class [com.vir.service.impl.processor.DocProcessorServiceTest]
15:41:29.179 [main] DEBUG org.springframework.test.annotation.ProfileValueUtils - Retrieved @ProfileValueSourceConfiguration [null] for test class [com.vir.service.impl.processor.OptimizedTextProcessorServiceTest]
15:41:29.179 [main] DEBUG org.springframework.test.annotation.ProfileValueUtils - Retrieved ProfileValueSource type [class org.springframework.test.annotation.SystemProfileValueSource] for class [com.vir.service.impl.processor.OptimizedTextProcessorServiceTest]
15:41:29.180 [main] DEBUG org.springframework.test.annotation.ProfileValueUtils - Retrieved @ProfileValueSourceConfiguration [null] for test class [com.vir.service.impl.processor.PdfProcessorServiceTest]
15:41:29.180 [main] DEBUG org.springframework.test.annotation.ProfileValueUtils - Retrieved ProfileValueSource type [class org.springframework.test.annotation.SystemProfileValueSource] for class [com.vir.service.impl.processor.PdfProcessorServiceTest]
15:41:29.180 [main] DEBUG org.springframework.test.annotation.ProfileValueUtils - Retrieved @ProfileValueSourceConfiguration [null] for test class [com.vir.service.impl.processor.SimpleTextProcessorServiceTest]
15:41:29.180 [main] DEBUG org.springframework.test.annotation.ProfileValueUtils - Retrieved ProfileValueSource type [class org.springframework.test.annotation.SystemProfileValueSource] for class [com.vir.service.impl.processor.SimpleTextProcessorServiceTest]
15:41:29.180 [main] DEBUG org.springframework.test.annotation.ProfileValueUtils - Retrieved @ProfileValueSourceConfiguration [null] for test class [com.vir.service.impl.processor.SimpleWordServiceTest]
15:41:29.180 [main] DEBUG org.springframework.test.annotation.ProfileValueUtils - Retrieved ProfileValueSource type [class org.springframework.test.annotation.SystemProfileValueSource] for class [com.vir.service.impl.processor.SimpleWordServiceTest]
15:41:29.180 [main] DEBUG org.springframework.test.annotation.ProfileValueUtils - Retrieved @ProfileValueSourceConfiguration [null] for test class [com.vir.VirBackendApplicationTests]
15:41:29.180 [main] DEBUG org.springframework.test.annotation.ProfileValueUtils - Retrieved ProfileValueSource type [class org.springframework.test.annotation.SystemProfileValueSource] for class [com.vir.VirBackendApplicationTests]
15:41:29.188 [main] DEBUG org.springframework.test.context.junit4.SpringJUnit4ClassRunner - SpringJUnit4ClassRunner constructor called with [class com.vir.controller.AceptanceOCRCriteriaBigFilesIntegrationTest]
15:41:29.188 [main] DEBUG org.springframework.test.context.BootstrapUtils - Instantiating CacheAwareContextLoaderDelegate from class [org.springframework.test.context.cache.DefaultCacheAwareContextLoaderDelegate]
15:41:29.188 [main] DEBUG org.springframework.test.context.BootstrapUtils - Instantiating BootstrapContext using constructor [public org.springframework.test.context.support.DefaultBootstrapContext(java.lang.Class,org.springframework.test.context.CacheAwareContextLoaderDelegate)]
15:41:29.189 [main] DEBUG org.springframework.test.context.BootstrapUtils - Instantiating TestContextBootstrapper for test class [com.vir.controller.AceptanceOCRCriteriaBigFilesIntegrationTest] from class [org.springframework.boot.test.context.SpringBootTestContextBootstrapper]
15:41:29.189 [main] INFO org.springframework.boot.test.context.SpringBootTestContextBootstrapper - Neither @ContextConfiguration nor @ContextHierarchy found for test class [com.vir.controller.AceptanceOCRCriteriaBigFilesIntegrationTest], using SpringBootContextLoader
15:41:29.190 [main] DEBUG org.springframework.test.context.support.AbstractContextLoader - Did not detect default resource location for test class [com.vir.controller.AceptanceOCRCriteriaBigFilesIntegrationTest]: class path resource [com/vir/controller/AceptanceOCRCriteriaBigFilesIntegrationTest-context.xml] does not exist
15:41:29.191 [main] DEBUG org.springframework.test.context.support.AbstractContextLoader - Did not detect default resource location for test class [com.vir.controller.AceptanceOCRCriteriaBigFilesIntegrationTest]: class path resource [com/vir/controller/AceptanceOCRCriteriaBigFilesIntegrationTestContext.groovy] does not exist
15:41:29.191 [main] INFO org.springframework.test.context.support.AbstractContextLoader - Could not detect default resource locations for test class [com.vir.controller.AceptanceOCRCriteriaBigFilesIntegrationTest]: no resource found for suffixes {-context.xml, Context.groovy}.
15:41:29.191 [main] DEBUG org.springframework.test.context.support.AnnotationConfigContextLoaderUtils - Ignoring class [com.vir.controller.AceptanceOCRCriteriaBigFilesIntegrationTest$Data]; it must be static, non-private, non-final, and annotated with @Configuration to be considered a default configuration class.
15:41:29.191 [main] INFO org.springframework.test.context.support.AnnotationConfigContextLoaderUtils - Could not detect default configuration classes for test class [com.vir.controller.AceptanceOCRCriteriaBigFilesIntegrationTest]: AceptanceOCRCriteriaBigFilesIntegrationTest does not declare any static, non-private, non-final, nested classes annotated with @Configuration.
15:41:29.196 [main] DEBUG org.springframework.core.env.StandardEnvironment - Adding [systemProperties] PropertySource with lowest search precedence
15:41:29.196 [main] DEBUG org.springframework.core.env.StandardEnvironment - Adding [systemEnvironment] PropertySource with lowest search precedence
15:41:29.196 [main] DEBUG org.springframework.core.env.StandardEnvironment - Initialized StandardEnvironment with PropertySources [systemProperties,systemEnvironment]
15:41:29.196 [main] INFO org.springframework.boot.test.context.SpringBootTestContextBootstrapper - Found @SpringBootConfiguration com.vir.VirBackendApplication for test class com.vir.controller.AceptanceOCRCriteriaBigFilesIntegrationTest
15:41:29.197 [main] DEBUG org.springframework.boot.test.context.SpringBootTestContextBootstrapper - @TestExecutionListeners is not present for class [com.vir.controller.AceptanceOCRCriteriaBigFilesIntegrationTest]: using defaults.
15:41:29.202 [main] INFO org.springframework.boot.test.context.SpringBootTestContextBootstrapper - Loaded default TestExecutionListener class names from location [META-INF/spring.factories]: [org.springframework.boot.test.mock.mockito.MockitoTestExecutionListener, org.springframework.boot.test.mock.mockito.ResetMocksTestExecutionListener, org.springframework.boot.test.autoconfigure.restdocs.RestDocsTestExecutionListener, org.springframework.boot.test.autoconfigure.web.client.MockRestServiceServerResetTestExecutionListener, org.springframework.boot.test.autoconfigure.web.servlet.MockMvcPrintOnlyOnFailureTestExecutionListener, org.springframework.boot.test.autoconfigure.web.servlet.WebDriverTestExecutionListener, org.springframework.test.context.web.ServletTestExecutionListener, org.springframework.test.context.support.DirtiesContextBeforeModesTestExecutionListener, org.springframework.test.context.support.DependencyInjectionTestExecutionListener, org.springframework.test.context.support.DirtiesContextTestExecutionListener, org.springframework.test.context.transaction.TransactionalTestExecutionListener, org.springframework.test.context.jdbc.SqlScriptsTestExecutionListener]
15:41:29.206 [main] INFO org.springframework.boot.test.context.SpringBootTestContextBootstrapper - Using TestExecutionListeners: [org.springframework.test.context.web.ServletTestExecutionListener@691939c9, org.springframework.test.context.support.DirtiesContextBeforeModesTestExecutionListener@4f1bfe23, org.springframework.boot.test.autoconfigure.SpringBootDependencyInjectionTestExecutionListener@e19bb76, org.springframework.test.context.support.DirtiesContextTestExecutionListener@512535ff, org.springframework.test.context.transaction.TransactionalTestExecutionListener@71529963, org.springframework.test.context.jdbc.SqlScriptsTestExecutionListener@61a88b8c, org.springframework.boot.test.autoconfigure.web.servlet.MockMvcPrintOnlyOnFailureTestExecutionListener@22295ec4, org.springframework.boot.test.autoconfigure.restdocs.RestDocsTestExecutionListener@5adb0db3, org.springframework.boot.test.mock.mockito.MockitoTestExecutionListener@3f270e0a, org.springframework.boot.test.autoconfigure.web.client.MockRestServiceServerResetTestExecutionListener@1a760689, org.springframework.boot.test.autoconfigure.web.servlet.WebDriverTestExecutionListener@7241a47d, org.springframework.boot.test.mock.mockito.ResetMocksTestExecutionListener@70f59913]
15:41:29.207 [main] DEBUG org.springframework.test.annotation.ProfileValueUtils - Retrieved @ProfileValueSourceConfiguration [null] for test class [com.vir.controller.AceptanceOCRCriteriaBigFilesIntegrationTest]
15:41:29.207 [main] DEBUG org.springframework.test.annotation.ProfileValueUtils - Retrieved ProfileValueSource type [class org.springframework.test.annotation.SystemProfileValueSource] for class [com.vir.controller.AceptanceOCRCriteriaBigFilesIntegrationTest]
15:41:29.207 [main] DEBUG org.springframework.test.annotation.ProfileValueUtils - Retrieved @ProfileValueSourceConfiguration [null] for test class [com.vir.controller.AceptanceOCRCriteriaBigFilesIntegrationTest]
15:41:29.207 [main] DEBUG org.springframework.test.annotation.ProfileValueUtils - Retrieved ProfileValueSource type [class org.springframework.test.annotation.SystemProfileValueSource] for class [com.vir.controller.AceptanceOCRCriteriaBigFilesIntegrationTest]
]]></system-out>
  </testcase>
</testsuite>