<?xml version="1.0" encoding="UTF-8"?>
<testsuite name="com.vir.controller.AceptanceOCRCriteriaBigFilesIntegrationTest" time="0" tests="1" errors="0" skipped="1" failures="0">
  <properties>
    <property name="java.runtime.name" value="Java(TM) SE Runtime Environment"/>
    <property name="sun.boot.library.path" value="C:\Program Files\Java\jdk1.8.0_341\jre\bin"/>
    <property name="java.vm.version" value="25.341-b10"/>
    <property name="java.vm.vendor" value="Oracle Corporation"/>
    <property name="maven.multiModuleProjectDirectory" value="C:\Users\Windows 10\VIRS-Vocabulary-In-Reading\Code\VIRS 9.0 Final Code\Code"/>
    <property name="java.vendor.url" value="http://java.oracle.com/"/>
    <property name="path.separator" value=";"/>
    <property name="guice.disable.misplaced.annotation.check" value="true"/>
    <property name="java.vm.name" value="Java HotSpot(TM) 64-Bit Server VM"/>
    <property name="file.encoding.pkg" value="sun.io"/>
    <property name="user.script" value=""/>
    <property name="user.country" value="US"/>
    <property name="sun.java.launcher" value="SUN_STANDARD"/>
    <property name="sun.os.patch.level" value=""/>
    <property name="java.vm.specification.name" value="Java Virtual Machine Specification"/>
    <property name="user.dir" value="C:\Users\Windows 10\VIRS-Vocabulary-In-Reading\Code\VIRS 9.0 Final Code\Code"/>
    <property name="java.runtime.version" value="1.8.0_341-b10"/>
    <property name="java.awt.graphicsenv" value="sun.awt.Win32GraphicsEnvironment"/>
    <property name="java.endorsed.dirs" value="C:\Program Files\Java\jdk1.8.0_341\jre\lib\endorsed"/>
    <property name="os.arch" value="amd64"/>
    <property name="java.io.tmpdir" value="C:\Users\WINDOW~1\AppData\Local\Temp\"/>
    <property name="ng.production.flag" value="--prod"/>
    <property name="line.separator" value="&#10;"/>
    <property name="java.vm.specification.vendor" value="Oracle Corporation"/>
    <property name="user.variant" value=""/>
    <property name="os.name" value="Windows 10"/>
    <property name="classworlds.conf" value="C:\Users\Windows 10\.m2\wrapper\dists\apache-maven-3.6.3-bin\1iopthnavndlasol9gbrbg6bf2\apache-maven-3.6.3\bin\m2.conf"/>
    <property name="sun.jnu.encoding" value="Cp1252"/>
    <property name="java.library.path" value="C:\Program Files\Java\jdk1.8.0_341\bin;C:\WINDOWS\Sun\Java\bin;C:\WINDOWS\system32;C:\WINDOWS;C:\Program Files\Java\jdk1.8.0_341\bin;C:\Program Files (x86)\Common Files\Oracle\Java\javapath;C:\WINDOWS\system32;C:\WINDOWS;C:\WINDOWS\System32\Wbem;C:\WINDOWS\System32\WindowsPowerShell\v1.0\;C:\WINDOWS\System32\OpenSSH\;C:\Program Files\NVIDIA Corporation\NVIDIA NvDLISR;C:\Program Files (x86)\NVIDIA Corporation\PhysX\Common;C:\WINDOWS\system32;C:\WINDOWS;C:\WINDOWS\System32\Wbem;C:\WINDOWS\System32\WindowsPowerShell\v1.0\;C:\WINDOWS\System32\OpenSSH\;C:\Program Files\Git\cmd;C:\Users\Windows 10\AppData\Local\Programs\Python\Python310\Scripts;C:\Users\Windows 10\AppData\Local\Programs\Python\Python310;C:\Program Files\PuTTY\;C:\x86_64-8.1.0-release-posix-seh-rt_v6-rev0\mingw64\bin;C:\Program Files\dotnet\;C:\Program Files (x86)\BaseX\bin;C:\Program Files (x86)\nodejs\;C:\Program Files\Java\jdk1.8.0_341\bin;C:\Program Files\MySQL\MySQL Shell 8.0\bin\;C:\Users\Windows 10\AppData\Local\Microsoft\WindowsApps;;C:\Users\Windows 10\AppData\Local\Programs\Microsoft VS Code\bin;C:\Users\Windows 10\AppData\Roaming\npm;."/>
    <property name="maven.conf" value="C:\Users\Windows 10\.m2\wrapper\dists\apache-maven-3.6.3-bin\1iopthnavndlasol9gbrbg6bf2\apache-maven-3.6.3/conf"/>
    <property name="java.specification.name" value="Java Platform API Specification"/>
    <property name="java.class.version" value="52.0"/>
    <property name="sun.management.compiler" value="HotSpot 64-Bit Tiered Compilers"/>
    <property name="os.version" value="10.0"/>
    <property name="user.home" value="C:\Users\Windows 10"/>
    <property name="user.timezone" value="America/New_York"/>
    <property name="java.awt.printerjob" value="sun.awt.windows.WPrinterJob"/>
    <property name="java.specification.version" value="1.8"/>
    <property name="file.encoding" value="Cp1252"/>
    <property name="npm.executable" value="npm.cmd"/>
    <property name="user.name" value="Windows 10"/>
    <property name="java.class.path" value="C:\Users\Windows 10\VIRS-Vocabulary-In-Reading\Code\VIRS 9.0 Final Code\Code\.mvn\wrapper\maven-wrapper.jar"/>
    <property name="java.vm.specification.version" value="1.8"/>
    <property name="sun.arch.data.model" value="64"/>
    <property name="java.home" value="C:\Program Files\Java\jdk1.8.0_341\jre"/>
    <property name="sun.java.command" value="org.apache.maven.wrapper.MavenWrapperMain clean install -P install,test,prod -Dnpm.executable=npm.cmd -Dng.executable=ng.cmd -Dng.production.flag=--prod"/>
    <property name="ng.executable" value="ng.cmd"/>
    <property name="java.specification.vendor" value="Oracle Corporation"/>
    <property name="user.language" value="en"/>
    <property name="awt.toolkit" value="sun.awt.windows.WToolkit"/>
    <property name="java.vm.info" value="mixed mode"/>
    <property name="java.version" value="1.8.0_341"/>
    <property name="java.ext.dirs" value="C:\Program Files\Java\jdk1.8.0_341\jre\lib\ext;C:\WINDOWS\Sun\Java\lib\ext"/>
    <property name="sun.boot.class.path" value="C:\Program Files\Java\jdk1.8.0_341\jre\lib\resources.jar;C:\Program Files\Java\jdk1.8.0_341\jre\lib\rt.jar;C:\Program Files\Java\jdk1.8.0_341\jre\lib\jsse.jar;C:\Program Files\Java\jdk1.8.0_341\jre\lib\jce.jar;C:\Program Files\Java\jdk1.8.0_341\jre\lib\charsets.jar;C:\Program Files\Java\jdk1.8.0_341\jre\lib\jfr.jar;C:\Program Files\Java\jdk1.8.0_341\jre\classes"/>
    <property name="sun.stderr.encoding" value="cp437"/>
    <property name="java.vendor" value="Oracle Corporation"/>
    <property name="maven.home" value="C:\Users\Windows 10\.m2\wrapper\dists\apache-maven-3.6.3-bin\1iopthnavndlasol9gbrbg6bf2\apache-maven-3.6.3"/>
    <property name="file.separator" value="\"/>
    <property name="java.vendor.url.bug" value="http://bugreport.sun.com/bugreport/"/>
    <property name="sun.cpu.endian" value="little"/>
    <property name="sun.io.unicode.encoding" value="UnicodeLittle"/>
    <property name="sun.stdout.encoding" value="cp437"/>
    <property name="sun.desktop" value="windows"/>
    <property name="sun.cpu.isalist" value="amd64"/>
  </properties>
  <testcase name="getAceptanceCriteriaTestResults" classname="com.vir.controller.AceptanceOCRCriteriaBigFilesIntegrationTest" time="0">
    <skipped/>
    <system-out><![CDATA[04:47:56.006 [main] DEBUG org.springframework.test.context.junit4.SpringJUnit4ClassRunner - SpringJUnit4ClassRunner constructor called with [class com.vir.controller.AceptanceOCRCriteriaBigFilesIntegrationTest]
04:47:56.013 [main] DEBUG org.springframework.test.context.BootstrapUtils - Instantiating CacheAwareContextLoaderDelegate from class [org.springframework.test.context.cache.DefaultCacheAwareContextLoaderDelegate]
04:47:56.021 [main] DEBUG org.springframework.test.context.BootstrapUtils - Instantiating BootstrapContext using constructor [public org.springframework.test.context.support.DefaultBootstrapContext(java.lang.Class,org.springframework.test.context.CacheAwareContextLoaderDelegate)]
04:47:56.038 [main] DEBUG org.springframework.test.context.BootstrapUtils - Instantiating TestContextBootstrapper for test class [com.vir.controller.AceptanceOCRCriteriaBigFilesIntegrationTest] from class [org.springframework.boot.test.context.SpringBootTestContextBootstrapper]
04:47:56.057 [main] INFO org.springframework.boot.test.context.SpringBootTestContextBootstrapper - Neither @ContextConfiguration nor @ContextHierarchy found for test class [com.vir.controller.AceptanceOCRCriteriaBigFilesIntegrationTest], using SpringBootContextLoader
04:47:56.062 [main] DEBUG org.springframework.test.context.support.AbstractContextLoader - Did not detect default resource location for test class [com.vir.controller.AceptanceOCRCriteriaBigFilesIntegrationTest]: class path resource [com/vir/controller/AceptanceOCRCriteriaBigFilesIntegrationTest-context.xml] does not exist
04:47:56.063 [main] DEBUG org.springframework.test.context.support.AbstractContextLoader - Did not detect default resource location for test class [com.vir.controller.AceptanceOCRCriteriaBigFilesIntegrationTest]: class path resource [com/vir/controller/AceptanceOCRCriteriaBigFilesIntegrationTestContext.groovy] does not exist
04:47:56.063 [main] INFO org.springframework.test.context.support.AbstractContextLoader - Could not detect default resource locations for test class [com.vir.controller.AceptanceOCRCriteriaBigFilesIntegrationTest]: no resource found for suffixes {-context.xml, Context.groovy}.
04:47:56.065 [main] DEBUG org.springframework.test.context.support.AnnotationConfigContextLoaderUtils - Ignoring class [com.vir.controller.AceptanceOCRCriteriaBigFilesIntegrationTest$Data]; it must be static, non-private, non-final, and annotated with @Configuration to be considered a default configuration class.
04:47:56.066 [main] INFO org.springframework.test.context.support.AnnotationConfigContextLoaderUtils - Could not detect default configuration classes for test class [com.vir.controller.AceptanceOCRCriteriaBigFilesIntegrationTest]: AceptanceOCRCriteriaBigFilesIntegrationTest does not declare any static, non-private, non-final, nested classes annotated with @Configuration.
04:47:56.124 [main] DEBUG org.springframework.core.env.StandardEnvironment - Adding [systemProperties] PropertySource with lowest search precedence
04:47:56.127 [main] DEBUG org.springframework.core.env.StandardEnvironment - Adding [systemEnvironment] PropertySource with lowest search precedence
04:47:56.127 [main] DEBUG org.springframework.core.env.StandardEnvironment - Initialized StandardEnvironment with PropertySources [systemProperties,systemEnvironment]
04:47:56.139 [main] DEBUG org.springframework.core.io.support.PathMatchingResourcePatternResolver - Resolved classpath location [com/vir/controller/] to resources [URL [file:/C:/Users/Windows%2010/VIRS-Vocabulary-In-Reading/Code/VIRS%209.0%20Final%20Code/Code/VIR-Backend/target/test-classes/com/vir/controller/], URL [file:/C:/Users/Windows%2010/VIRS-Vocabulary-In-Reading/Code/VIRS%209.0%20Final%20Code/Code/VIR-Backend/target/classes/com/vir/controller/]]
04:47:56.140 [main] DEBUG org.springframework.core.io.support.PathMatchingResourcePatternResolver - Looking for matching resources in directory tree [C:\Users\Windows 10\VIRS-Vocabulary-In-Reading\Code\VIRS 9.0 Final Code\Code\VIR-Backend\target\test-classes\com\vir\controller]
04:47:56.140 [main] DEBUG org.springframework.core.io.support.PathMatchingResourcePatternResolver - Searching directory [C:\Users\Windows 10\VIRS-Vocabulary-In-Reading\Code\VIRS 9.0 Final Code\Code\VIR-Backend\target\test-classes\com\vir\controller] for files matching pattern [C:/Users/Windows 10/VIRS-Vocabulary-In-Reading/Code/VIRS 9.0 Final Code/Code/VIR-Backend/target/test-classes/com/vir/controller/*.class]
04:47:56.145 [main] DEBUG org.springframework.core.io.support.PathMatchingResourcePatternResolver - Looking for matching resources in directory tree [C:\Users\Windows 10\VIRS-Vocabulary-In-Reading\Code\VIRS 9.0 Final Code\Code\VIR-Backend\target\classes\com\vir\controller]
04:47:56.145 [main] DEBUG org.springframework.core.io.support.PathMatchingResourcePatternResolver - Searching directory [C:\Users\Windows 10\VIRS-Vocabulary-In-Reading\Code\VIRS 9.0 Final Code\Code\VIR-Backend\target\classes\com\vir\controller] for files matching pattern [C:/Users/Windows 10/VIRS-Vocabulary-In-Reading/Code/VIRS 9.0 Final Code/Code/VIR-Backend/target/classes/com/vir/controller/*.class]
04:47:56.148 [main] DEBUG org.springframework.core.io.support.PathMatchingResourcePatternResolver - Resolved location pattern [classpath*:com/vir/controller/*.class] to resources [file [C:\Users\Windows 10\VIRS-Vocabulary-In-Reading\Code\VIRS 9.0 Final Code\Code\VIR-Backend\target\test-classes\com\vir\controller\AceptanceOCRCriteriaBigFilesIntegrationTest$Data.class], file [C:\Users\Windows 10\VIRS-Vocabulary-In-Reading\Code\VIRS 9.0 Final Code\Code\VIR-Backend\target\test-classes\com\vir\controller\AceptanceOCRCriteriaBigFilesIntegrationTest.class], file [C:\Users\Windows 10\VIRS-Vocabulary-In-Reading\Code\VIRS 9.0 Final Code\Code\VIR-Backend\target\test-classes\com\vir\controller\AnalizerControlerTest.class], file [C:\Users\Windows 10\VIRS-Vocabulary-In-Reading\Code\VIRS 9.0 Final Code\Code\VIR-Backend\target\test-classes\com\vir\controller\AngularRedirectControllerTest.class], file [C:\Users\Windows 10\VIRS-Vocabulary-In-Reading\Code\VIRS 9.0 Final Code\Code\VIR-Backend\target\test-classes\com\vir\controller\DictionaryControlerTest.class], file [C:\Users\Windows 10\VIRS-Vocabulary-In-Reading\Code\VIRS 9.0 Final Code\Code\VIR-Backend\target\test-classes\com\vir\controller\ExceptionAdviceControllerTest.class], file [C:\Users\Windows 10\VIRS-Vocabulary-In-Reading\Code\VIRS 9.0 Final Code\Code\VIR-Backend\target\test-classes\com\vir\controller\ResourceControlerTest.class], file [C:\Users\Windows 10\VIRS-Vocabulary-In-Reading\Code\VIRS 9.0 Final Code\Code\VIR-Backend\target\test-classes\com\vir\controller\WordControlerTest.class], file [C:\Users\Windows 10\VIRS-Vocabulary-In-Reading\Code\VIRS 9.0 Final Code\Code\VIR-Backend\target\classes\com\vir\controller\AnalyzerController.class], file [C:\Users\Windows 10\VIRS-Vocabulary-In-Reading\Code\VIRS 9.0 Final Code\Code\VIR-Backend\target\classes\com\vir\controller\AngularRedirectController.class], file [C:\Users\Windows 10\VIRS-Vocabulary-In-Reading\Code\VIRS 9.0 Final Code\Code\VIR-Backend\target\classes\com\vir\controller\DictionaryEntryController.class], file [C:\Users\Windows 10\VIRS-Vocabulary-In-Reading\Code\VIRS 9.0 Final Code\Code\VIR-Backend\target\classes\com\vir\controller\DownloadController.class], file [C:\Users\Windows 10\VIRS-Vocabulary-In-Reading\Code\VIRS 9.0 Final Code\Code\VIR-Backend\target\classes\com\vir\controller\ExceptionAdviceController.class], file [C:\Users\Windows 10\VIRS-Vocabulary-In-Reading\Code\VIRS 9.0 Final Code\Code\VIR-Backend\target\classes\com\vir\controller\ResourceController.class], file [C:\Users\Windows 10\VIRS-Vocabulary-In-Reading\Code\VIRS 9.0 Final Code\Code\VIR-Backend\target\classes\com\vir\controller\UserController.class], file [C:\Users\Windows 10\VIRS-Vocabulary-In-Reading\Code\VIRS 9.0 Final Code\Code\VIR-Backend\target\classes\com\vir\controller\WordAdminController.class], file [C:\Users\Windows 10\VIRS-Vocabulary-In-Reading\Code\VIRS 9.0 Final Code\Code\VIR-Backend\target\classes\com\vir\controller\WordController.class]]
04:47:56.232 [main] DEBUG org.springframework.core.io.support.PathMatchingResourcePatternResolver - Resolved classpath location [com/vir/] to resources [URL [file:/C:/Users/Windows%2010/VIRS-Vocabulary-In-Reading/Code/VIRS%209.0%20Final%20Code/Code/VIR-Backend/target/test-classes/com/vir/], URL [file:/C:/Users/Windows%2010/VIRS-Vocabulary-In-Reading/Code/VIRS%209.0%20Final%20Code/Code/VIR-Backend/target/classes/com/vir/]]
04:47:56.233 [main] DEBUG org.springframework.core.io.support.PathMatchingResourcePatternResolver - Looking for matching resources in directory tree [C:\Users\Windows 10\VIRS-Vocabulary-In-Reading\Code\VIRS 9.0 Final Code\Code\VIR-Backend\target\test-classes\com\vir]
04:47:56.233 [main] DEBUG org.springframework.core.io.support.PathMatchingResourcePatternResolver - Searching directory [C:\Users\Windows 10\VIRS-Vocabulary-In-Reading\Code\VIRS 9.0 Final Code\Code\VIR-Backend\target\test-classes\com\vir] for files matching pattern [C:/Users/Windows 10/VIRS-Vocabulary-In-Reading/Code/VIRS 9.0 Final Code/Code/VIR-Backend/target/test-classes/com/vir/*.class]
04:47:56.234 [main] DEBUG org.springframework.core.io.support.PathMatchingResourcePatternResolver - Looking for matching resources in directory tree [C:\Users\Windows 10\VIRS-Vocabulary-In-Reading\Code\VIRS 9.0 Final Code\Code\VIR-Backend\target\classes\com\vir]
04:47:56.235 [main] DEBUG org.springframework.core.io.support.PathMatchingResourcePatternResolver - Searching directory [C:\Users\Windows 10\VIRS-Vocabulary-In-Reading\Code\VIRS 9.0 Final Code\Code\VIR-Backend\target\classes\com\vir] for files matching pattern [C:/Users/Windows 10/VIRS-Vocabulary-In-Reading/Code/VIRS 9.0 Final Code/Code/VIR-Backend/target/classes/com/vir/*.class]
04:47:56.236 [main] DEBUG org.springframework.core.io.support.PathMatchingResourcePatternResolver - Resolved location pattern [classpath*:com/vir/*.class] to resources [file [C:\Users\Windows 10\VIRS-Vocabulary-In-Reading\Code\VIRS 9.0 Final Code\Code\VIR-Backend\target\test-classes\com\vir\ControllerDevTest.class], file [C:\Users\Windows 10\VIRS-Vocabulary-In-Reading\Code\VIRS 9.0 Final Code\Code\VIR-Backend\target\test-classes\com\vir\GeneralDevTest.class], file [C:\Users\Windows 10\VIRS-Vocabulary-In-Reading\Code\VIRS 9.0 Final Code\Code\VIR-Backend\target\test-classes\com\vir\VirBackendApplicationTests.class], file [C:\Users\Windows 10\VIRS-Vocabulary-In-Reading\Code\VIRS 9.0 Final Code\Code\VIR-Backend\target\classes\com\vir\VirBackendApplication.class]]
04:47:56.261 [main] DEBUG org.springframework.context.annotation.ClassPathScanningCandidateComponentProvider - Identified candidate component class: file [C:\Users\Windows 10\VIRS-Vocabulary-In-Reading\Code\VIRS 9.0 Final Code\Code\VIR-Backend\target\classes\com\vir\VirBackendApplication.class]
04:47:56.262 [main] INFO org.springframework.boot.test.context.SpringBootTestContextBootstrapper - Found @SpringBootConfiguration com.vir.VirBackendApplication for test class com.vir.controller.AceptanceOCRCriteriaBigFilesIntegrationTest
04:47:56.267 [main] DEBUG org.springframework.boot.test.context.SpringBootTestContextBootstrapper - @TestExecutionListeners is not present for class [com.vir.controller.AceptanceOCRCriteriaBigFilesIntegrationTest]: using defaults.
04:47:56.275 [main] INFO org.springframework.boot.test.context.SpringBootTestContextBootstrapper - Loaded default TestExecutionListener class names from location [META-INF/spring.factories]: [org.springframework.boot.test.mock.mockito.MockitoTestExecutionListener, org.springframework.boot.test.mock.mockito.ResetMocksTestExecutionListener, org.springframework.boot.test.autoconfigure.restdocs.RestDocsTestExecutionListener, org.springframework.boot.test.autoconfigure.web.client.MockRestServiceServerResetTestExecutionListener, org.springframework.boot.test.autoconfigure.web.servlet.MockMvcPrintOnlyOnFailureTestExecutionListener, org.springframework.boot.test.autoconfigure.web.servlet.WebDriverTestExecutionListener, org.springframework.test.context.web.ServletTestExecutionListener, org.springframework.test.context.support.DirtiesContextBeforeModesTestExecutionListener, org.springframework.test.context.support.DependencyInjectionTestExecutionListener, org.springframework.test.context.support.DirtiesContextTestExecutionListener, org.springframework.test.context.transaction.TransactionalTestExecutionListener, org.springframework.test.context.jdbc.SqlScriptsTestExecutionListener]
04:47:56.304 [main] INFO org.springframework.boot.test.context.SpringBootTestContextBootstrapper - Using TestExecutionListeners: [org.springframework.test.context.web.ServletTestExecutionListener@35e2d654, org.springframework.test.context.support.DirtiesContextBeforeModesTestExecutionListener@1bd4fdd, org.springframework.boot.test.autoconfigure.SpringBootDependencyInjectionTestExecutionListener@55183b20, org.springframework.test.context.support.DirtiesContextTestExecutionListener@4f83df68, org.springframework.test.context.transaction.TransactionalTestExecutionListener@6cf0e0ba, org.springframework.test.context.jdbc.SqlScriptsTestExecutionListener@7d8995e, org.springframework.boot.test.autoconfigure.restdocs.RestDocsTestExecutionListener@130d63be, org.springframework.boot.test.autoconfigure.web.servlet.MockMvcPrintOnlyOnFailureTestExecutionListener@42a48628, org.springframework.boot.test.mock.mockito.MockitoTestExecutionListener@293a5bf6, org.springframework.boot.test.autoconfigure.web.servlet.WebDriverTestExecutionListener@6aeb35e6, org.springframework.boot.test.mock.mockito.ResetMocksTestExecutionListener@1283bb96, org.springframework.boot.test.autoconfigure.web.client.MockRestServiceServerResetTestExecutionListener@74f0ea28]
04:47:56.305 [main] DEBUG org.springframework.test.context.junit4.SpringJUnit4ClassRunner - SpringJUnit4ClassRunner constructor called with [class com.vir.controller.AnalizerControlerTest]
04:47:56.305 [main] DEBUG org.springframework.test.context.BootstrapUtils - Instantiating CacheAwareContextLoaderDelegate from class [org.springframework.test.context.cache.DefaultCacheAwareContextLoaderDelegate]
04:47:56.305 [main] DEBUG org.springframework.test.context.BootstrapUtils - Instantiating BootstrapContext using constructor [public org.springframework.test.context.support.DefaultBootstrapContext(java.lang.Class,org.springframework.test.context.CacheAwareContextLoaderDelegate)]
04:47:56.305 [main] DEBUG org.springframework.test.context.BootstrapUtils - Instantiating TestContextBootstrapper for test class [com.vir.controller.AnalizerControlerTest] from class [org.springframework.boot.test.context.SpringBootTestContextBootstrapper]
04:47:56.306 [main] INFO org.springframework.boot.test.context.SpringBootTestContextBootstrapper - Neither @ContextConfiguration nor @ContextHierarchy found for test class [com.vir.controller.AnalizerControlerTest], using SpringBootContextLoader
04:47:56.307 [main] DEBUG org.springframework.test.context.support.AbstractContextLoader - Did not detect default resource location for test class [com.vir.controller.AnalizerControlerTest]: class path resource [com/vir/controller/AnalizerControlerTest-context.xml] does not exist
04:47:56.307 [main] DEBUG org.springframework.test.context.support.AbstractContextLoader - Did not detect default resource location for test class [com.vir.controller.AnalizerControlerTest]: class path resource [com/vir/controller/AnalizerControlerTestContext.groovy] does not exist
04:47:56.308 [main] INFO org.springframework.test.context.support.AbstractContextLoader - Could not detect default resource locations for test class [com.vir.controller.AnalizerControlerTest]: no resource found for suffixes {-context.xml, Context.groovy}.
04:47:56.308 [main] INFO org.springframework.test.context.support.AnnotationConfigContextLoaderUtils - Could not detect default configuration classes for test class [com.vir.controller.AnalizerControlerTest]: AnalizerControlerTest does not declare any static, non-private, non-final, nested classes annotated with @Configuration.
04:47:56.335 [main] DEBUG org.springframework.core.env.StandardEnvironment - Adding [systemProperties] PropertySource with lowest search precedence
04:47:56.335 [main] DEBUG org.springframework.core.env.StandardEnvironment - Adding [systemEnvironment] PropertySource with lowest search precedence
04:47:56.335 [main] DEBUG org.springframework.core.env.StandardEnvironment - Initialized StandardEnvironment with PropertySources [systemProperties,systemEnvironment]
04:47:56.335 [main] INFO org.springframework.boot.test.context.SpringBootTestContextBootstrapper - Found @SpringBootConfiguration com.vir.VirBackendApplication for test class com.vir.controller.AnalizerControlerTest
04:47:56.336 [main] DEBUG org.springframework.boot.test.context.SpringBootTestContextBootstrapper - @TestExecutionListeners is not present for class [com.vir.controller.AnalizerControlerTest]: using defaults.
04:47:56.349 [main] INFO org.springframework.boot.test.context.SpringBootTestContextBootstrapper - Loaded default TestExecutionListener class names from location [META-INF/spring.factories]: [org.springframework.boot.test.mock.mockito.MockitoTestExecutionListener, org.springframework.boot.test.mock.mockito.ResetMocksTestExecutionListener, org.springframework.boot.test.autoconfigure.restdocs.RestDocsTestExecutionListener, org.springframework.boot.test.autoconfigure.web.client.MockRestServiceServerResetTestExecutionListener, org.springframework.boot.test.autoconfigure.web.servlet.MockMvcPrintOnlyOnFailureTestExecutionListener, org.springframework.boot.test.autoconfigure.web.servlet.WebDriverTestExecutionListener, org.springframework.test.context.web.ServletTestExecutionListener, org.springframework.test.context.support.DirtiesContextBeforeModesTestExecutionListener, org.springframework.test.context.support.DependencyInjectionTestExecutionListener, org.springframework.test.context.support.DirtiesContextTestExecutionListener, org.springframework.test.context.transaction.TransactionalTestExecutionListener, org.springframework.test.context.jdbc.SqlScriptsTestExecutionListener]
04:47:56.355 [main] INFO org.springframework.boot.test.context.SpringBootTestContextBootstrapper - Using TestExecutionListeners: [org.springframework.test.context.web.ServletTestExecutionListener@179ece50, org.springframework.test.context.support.DirtiesContextBeforeModesTestExecutionListener@3b0090a4, org.springframework.boot.test.autoconfigure.SpringBootDependencyInjectionTestExecutionListener@3cd3e762, org.springframework.test.context.support.DirtiesContextTestExecutionListener@1fa121e2, org.springframework.test.context.transaction.TransactionalTestExecutionListener@7eac9008, org.springframework.test.context.jdbc.SqlScriptsTestExecutionListener@4116aac9, org.springframework.boot.test.autoconfigure.restdocs.RestDocsTestExecutionListener@62ddbd7e, org.springframework.boot.test.autoconfigure.web.servlet.MockMvcPrintOnlyOnFailureTestExecutionListener@74e52ef6, org.springframework.boot.test.mock.mockito.MockitoTestExecutionListener@6ed3ccb2, org.springframework.boot.test.autoconfigure.web.servlet.WebDriverTestExecutionListener@1a677343, org.springframework.boot.test.mock.mockito.ResetMocksTestExecutionListener@15de0b3c, org.springframework.boot.test.autoconfigure.web.client.MockRestServiceServerResetTestExecutionListener@489115ef]
04:47:56.355 [main] DEBUG org.springframework.test.context.junit4.SpringJUnit4ClassRunner - SpringJUnit4ClassRunner constructor called with [class com.vir.controller.AngularRedirectControllerTest]
04:47:56.355 [main] DEBUG org.springframework.test.context.BootstrapUtils - Instantiating CacheAwareContextLoaderDelegate from class [org.springframework.test.context.cache.DefaultCacheAwareContextLoaderDelegate]
04:47:56.355 [main] DEBUG org.springframework.test.context.BootstrapUtils - Instantiating BootstrapContext using constructor [public org.springframework.test.context.support.DefaultBootstrapContext(java.lang.Class,org.springframework.test.context.CacheAwareContextLoaderDelegate)]
04:47:56.356 [main] DEBUG org.springframework.test.context.BootstrapUtils - Instantiating TestContextBootstrapper for test class [com.vir.controller.AngularRedirectControllerTest] from class [org.springframework.boot.test.context.SpringBootTestContextBootstrapper]
04:47:56.356 [main] INFO org.springframework.boot.test.context.SpringBootTestContextBootstrapper - Neither @ContextConfiguration nor @ContextHierarchy found for test class [com.vir.controller.AngularRedirectControllerTest], using SpringBootContextLoader
04:47:56.357 [main] DEBUG org.springframework.test.context.support.AbstractContextLoader - Did not detect default resource location for test class [com.vir.controller.AngularRedirectControllerTest]: class path resource [com/vir/controller/AngularRedirectControllerTest-context.xml] does not exist
04:47:56.357 [main] DEBUG org.springframework.test.context.support.AbstractContextLoader - Did not detect default resource location for test class [com.vir.controller.AngularRedirectControllerTest]: class path resource [com/vir/controller/AngularRedirectControllerTestContext.groovy] does not exist
04:47:56.358 [main] INFO org.springframework.test.context.support.AbstractContextLoader - Could not detect default resource locations for test class [com.vir.controller.AngularRedirectControllerTest]: no resource found for suffixes {-context.xml, Context.groovy}.
04:47:56.358 [main] INFO org.springframework.test.context.support.AnnotationConfigContextLoaderUtils - Could not detect default configuration classes for test class [com.vir.controller.AngularRedirectControllerTest]: AngularRedirectControllerTest does not declare any static, non-private, non-final, nested classes annotated with @Configuration.
04:47:56.373 [main] DEBUG org.springframework.core.env.StandardEnvironment - Adding [systemProperties] PropertySource with lowest search precedence
04:47:56.373 [main] DEBUG org.springframework.core.env.StandardEnvironment - Adding [systemEnvironment] PropertySource with lowest search precedence
04:47:56.374 [main] DEBUG org.springframework.core.env.StandardEnvironment - Initialized StandardEnvironment with PropertySources [systemProperties,systemEnvironment]
04:47:56.374 [main] INFO org.springframework.boot.test.context.SpringBootTestContextBootstrapper - Found @SpringBootConfiguration com.vir.VirBackendApplication for test class com.vir.controller.AngularRedirectControllerTest
04:47:56.374 [main] DEBUG org.springframework.boot.test.context.SpringBootTestContextBootstrapper - @TestExecutionListeners is not present for class [com.vir.controller.AngularRedirectControllerTest]: using defaults.
04:47:56.380 [main] INFO org.springframework.boot.test.context.SpringBootTestContextBootstrapper - Loaded default TestExecutionListener class names from location [META-INF/spring.factories]: [org.springframework.boot.test.mock.mockito.MockitoTestExecutionListener, org.springframework.boot.test.mock.mockito.ResetMocksTestExecutionListener, org.springframework.boot.test.autoconfigure.restdocs.RestDocsTestExecutionListener, org.springframework.boot.test.autoconfigure.web.client.MockRestServiceServerResetTestExecutionListener, org.springframework.boot.test.autoconfigure.web.servlet.MockMvcPrintOnlyOnFailureTestExecutionListener, org.springframework.boot.test.autoconfigure.web.servlet.WebDriverTestExecutionListener, org.springframework.test.context.web.ServletTestExecutionListener, org.springframework.test.context.support.DirtiesContextBeforeModesTestExecutionListener, org.springframework.test.context.support.DependencyInjectionTestExecutionListener, org.springframework.test.context.support.DirtiesContextTestExecutionListener, org.springframework.test.context.transaction.TransactionalTestExecutionListener, org.springframework.test.context.jdbc.SqlScriptsTestExecutionListener]
04:47:56.386 [main] INFO org.springframework.boot.test.context.SpringBootTestContextBootstrapper - Using TestExecutionListeners: [org.springframework.test.context.web.ServletTestExecutionListener@445b295b, org.springframework.test.context.support.DirtiesContextBeforeModesTestExecutionListener@49e5f737, org.springframework.boot.test.autoconfigure.SpringBootDependencyInjectionTestExecutionListener@5c671d7f, org.springframework.test.context.support.DirtiesContextTestExecutionListener@757277dc, org.springframework.test.context.transaction.TransactionalTestExecutionListener@687e99d8, org.springframework.test.context.jdbc.SqlScriptsTestExecutionListener@e4487af, org.springframework.boot.test.autoconfigure.restdocs.RestDocsTestExecutionListener@6aaceffd, org.springframework.boot.test.autoconfigure.web.servlet.MockMvcPrintOnlyOnFailureTestExecutionListener@c86b9e3, org.springframework.boot.test.mock.mockito.MockitoTestExecutionListener@10aa41f2, org.springframework.boot.test.autoconfigure.web.servlet.WebDriverTestExecutionListener@3af9c5b7, org.springframework.boot.test.mock.mockito.ResetMocksTestExecutionListener@37271612, org.springframework.boot.test.autoconfigure.web.client.MockRestServiceServerResetTestExecutionListener@ed7f8b4]
04:47:56.386 [main] DEBUG org.springframework.test.context.junit4.SpringJUnit4ClassRunner - SpringJUnit4ClassRunner constructor called with [class com.vir.controller.DictionaryControlerTest]
04:47:56.386 [main] DEBUG org.springframework.test.context.BootstrapUtils - Instantiating CacheAwareContextLoaderDelegate from class [org.springframework.test.context.cache.DefaultCacheAwareContextLoaderDelegate]
04:47:56.387 [main] DEBUG org.springframework.test.context.BootstrapUtils - Instantiating BootstrapContext using constructor [public org.springframework.test.context.support.DefaultBootstrapContext(java.lang.Class,org.springframework.test.context.CacheAwareContextLoaderDelegate)]
04:47:56.387 [main] DEBUG org.springframework.test.context.BootstrapUtils - Instantiating TestContextBootstrapper for test class [com.vir.controller.DictionaryControlerTest] from class [org.springframework.boot.test.context.SpringBootTestContextBootstrapper]
04:47:56.387 [main] INFO org.springframework.boot.test.context.SpringBootTestContextBootstrapper - Neither @ContextConfiguration nor @ContextHierarchy found for test class [com.vir.controller.DictionaryControlerTest], using SpringBootContextLoader
04:47:56.388 [main] DEBUG org.springframework.test.context.support.AbstractContextLoader - Did not detect default resource location for test class [com.vir.controller.DictionaryControlerTest]: class path resource [com/vir/controller/DictionaryControlerTest-context.xml] does not exist
04:47:56.389 [main] DEBUG org.springframework.test.context.support.AbstractContextLoader - Did not detect default resource location for test class [com.vir.controller.DictionaryControlerTest]: class path resource [com/vir/controller/DictionaryControlerTestContext.groovy] does not exist
04:47:56.389 [main] INFO org.springframework.test.context.support.AbstractContextLoader - Could not detect default resource locations for test class [com.vir.controller.DictionaryControlerTest]: no resource found for suffixes {-context.xml, Context.groovy}.
04:47:56.389 [main] INFO org.springframework.test.context.support.AnnotationConfigContextLoaderUtils - Could not detect default configuration classes for test class [com.vir.controller.DictionaryControlerTest]: DictionaryControlerTest does not declare any static, non-private, non-final, nested classes annotated with @Configuration.
04:47:56.402 [main] DEBUG org.springframework.core.env.StandardEnvironment - Adding [systemProperties] PropertySource with lowest search precedence
04:47:56.402 [main] DEBUG org.springframework.core.env.StandardEnvironment - Adding [systemEnvironment] PropertySource with lowest search precedence
04:47:56.402 [main] DEBUG org.springframework.core.env.StandardEnvironment - Initialized StandardEnvironment with PropertySources [systemProperties,systemEnvironment]
04:47:56.402 [main] INFO org.springframework.boot.test.context.SpringBootTestContextBootstrapper - Found @SpringBootConfiguration com.vir.VirBackendApplication for test class com.vir.controller.DictionaryControlerTest
04:47:56.403 [main] DEBUG org.springframework.boot.test.context.SpringBootTestContextBootstrapper - @TestExecutionListeners is not present for class [com.vir.controller.DictionaryControlerTest]: using defaults.
04:47:56.408 [main] INFO org.springframework.boot.test.context.SpringBootTestContextBootstrapper - Loaded default TestExecutionListener class names from location [META-INF/spring.factories]: [org.springframework.boot.test.mock.mockito.MockitoTestExecutionListener, org.springframework.boot.test.mock.mockito.ResetMocksTestExecutionListener, org.springframework.boot.test.autoconfigure.restdocs.RestDocsTestExecutionListener, org.springframework.boot.test.autoconfigure.web.client.MockRestServiceServerResetTestExecutionListener, org.springframework.boot.test.autoconfigure.web.servlet.MockMvcPrintOnlyOnFailureTestExecutionListener, org.springframework.boot.test.autoconfigure.web.servlet.WebDriverTestExecutionListener, org.springframework.test.context.web.ServletTestExecutionListener, org.springframework.test.context.support.DirtiesContextBeforeModesTestExecutionListener, org.springframework.test.context.support.DependencyInjectionTestExecutionListener, org.springframework.test.context.support.DirtiesContextTestExecutionListener, org.springframework.test.context.transaction.TransactionalTestExecutionListener, org.springframework.test.context.jdbc.SqlScriptsTestExecutionListener]
04:47:56.414 [main] INFO org.springframework.boot.test.context.SpringBootTestContextBootstrapper - Using TestExecutionListeners: [org.springframework.test.context.web.ServletTestExecutionListener@6c779568, org.springframework.test.context.support.DirtiesContextBeforeModesTestExecutionListener@f381794, org.springframework.boot.test.autoconfigure.SpringBootDependencyInjectionTestExecutionListener@2cdd0d4b, org.springframework.test.context.support.DirtiesContextTestExecutionListener@7e9131d5, org.springframework.test.context.transaction.TransactionalTestExecutionListener@2e1d27ba, org.springframework.test.context.jdbc.SqlScriptsTestExecutionListener@61d6015a, org.springframework.boot.test.autoconfigure.restdocs.RestDocsTestExecutionListener@2525ff7e, org.springframework.boot.test.autoconfigure.web.servlet.MockMvcPrintOnlyOnFailureTestExecutionListener@524d6d96, org.springframework.boot.test.mock.mockito.MockitoTestExecutionListener@152aa092, org.springframework.boot.test.autoconfigure.web.servlet.WebDriverTestExecutionListener@44a7bfbc, org.springframework.boot.test.mock.mockito.ResetMocksTestExecutionListener@4ef37659, org.springframework.boot.test.autoconfigure.web.client.MockRestServiceServerResetTestExecutionListener@776b83cc]
04:47:56.414 [main] DEBUG org.springframework.test.context.junit4.SpringJUnit4ClassRunner - SpringJUnit4ClassRunner constructor called with [class com.vir.controller.ExceptionAdviceControllerTest]
04:47:56.414 [main] DEBUG org.springframework.test.context.BootstrapUtils - Instantiating CacheAwareContextLoaderDelegate from class [org.springframework.test.context.cache.DefaultCacheAwareContextLoaderDelegate]
04:47:56.414 [main] DEBUG org.springframework.test.context.BootstrapUtils - Instantiating BootstrapContext using constructor [public org.springframework.test.context.support.DefaultBootstrapContext(java.lang.Class,org.springframework.test.context.CacheAwareContextLoaderDelegate)]
04:47:56.414 [main] DEBUG org.springframework.test.context.BootstrapUtils - Instantiating TestContextBootstrapper for test class [com.vir.controller.ExceptionAdviceControllerTest] from class [org.springframework.boot.test.context.SpringBootTestContextBootstrapper]
04:47:56.415 [main] INFO org.springframework.boot.test.context.SpringBootTestContextBootstrapper - Neither @ContextConfiguration nor @ContextHierarchy found for test class [com.vir.controller.ExceptionAdviceControllerTest], using SpringBootContextLoader
04:47:56.416 [main] DEBUG org.springframework.test.context.support.AbstractContextLoader - Did not detect default resource location for test class [com.vir.controller.ExceptionAdviceControllerTest]: class path resource [com/vir/controller/ExceptionAdviceControllerTest-context.xml] does not exist
04:47:56.416 [main] DEBUG org.springframework.test.context.support.AbstractContextLoader - Did not detect default resource location for test class [com.vir.controller.ExceptionAdviceControllerTest]: class path resource [com/vir/controller/ExceptionAdviceControllerTestContext.groovy] does not exist
04:47:56.416 [main] INFO org.springframework.test.context.support.AbstractContextLoader - Could not detect default resource locations for test class [com.vir.controller.ExceptionAdviceControllerTest]: no resource found for suffixes {-context.xml, Context.groovy}.
04:47:56.416 [main] INFO org.springframework.test.context.support.AnnotationConfigContextLoaderUtils - Could not detect default configuration classes for test class [com.vir.controller.ExceptionAdviceControllerTest]: ExceptionAdviceControllerTest does not declare any static, non-private, non-final, nested classes annotated with @Configuration.
04:47:56.428 [main] DEBUG org.springframework.core.env.StandardEnvironment - Adding [systemProperties] PropertySource with lowest search precedence
04:47:56.428 [main] DEBUG org.springframework.core.env.StandardEnvironment - Adding [systemEnvironment] PropertySource with lowest search precedence
04:47:56.428 [main] DEBUG org.springframework.core.env.StandardEnvironment - Initialized StandardEnvironment with PropertySources [systemProperties,systemEnvironment]
04:47:56.428 [main] INFO org.springframework.boot.test.context.SpringBootTestContextBootstrapper - Found @SpringBootConfiguration com.vir.VirBackendApplication for test class com.vir.controller.ExceptionAdviceControllerTest
04:47:56.428 [main] DEBUG org.springframework.boot.test.context.SpringBootTestContextBootstrapper - @TestExecutionListeners is not present for class [com.vir.controller.ExceptionAdviceControllerTest]: using defaults.
04:47:56.434 [main] INFO org.springframework.boot.test.context.SpringBootTestContextBootstrapper - Loaded default TestExecutionListener class names from location [META-INF/spring.factories]: [org.springframework.boot.test.mock.mockito.MockitoTestExecutionListener, org.springframework.boot.test.mock.mockito.ResetMocksTestExecutionListener, org.springframework.boot.test.autoconfigure.restdocs.RestDocsTestExecutionListener, org.springframework.boot.test.autoconfigure.web.client.MockRestServiceServerResetTestExecutionListener, org.springframework.boot.test.autoconfigure.web.servlet.MockMvcPrintOnlyOnFailureTestExecutionListener, org.springframework.boot.test.autoconfigure.web.servlet.WebDriverTestExecutionListener, org.springframework.test.context.web.ServletTestExecutionListener, org.springframework.test.context.support.DirtiesContextBeforeModesTestExecutionListener, org.springframework.test.context.support.DependencyInjectionTestExecutionListener, org.springframework.test.context.support.DirtiesContextTestExecutionListener, org.springframework.test.context.transaction.TransactionalTestExecutionListener, org.springframework.test.context.jdbc.SqlScriptsTestExecutionListener]
04:47:56.440 [main] INFO org.springframework.boot.test.context.SpringBootTestContextBootstrapper - Using TestExecutionListeners: [org.springframework.test.context.web.ServletTestExecutionListener@50ad3bc1, org.springframework.test.context.support.DirtiesContextBeforeModesTestExecutionListener@223aa2f7, org.springframework.boot.test.autoconfigure.SpringBootDependencyInjectionTestExecutionListener@6d3a388c, org.springframework.test.context.support.DirtiesContextTestExecutionListener@193f604a, org.springframework.test.context.transaction.TransactionalTestExecutionListener@20f5239f, org.springframework.test.context.jdbc.SqlScriptsTestExecutionListener@57af006c, org.springframework.boot.test.autoconfigure.restdocs.RestDocsTestExecutionListener@6bedbc4d, org.springframework.boot.test.autoconfigure.web.servlet.MockMvcPrintOnlyOnFailureTestExecutionListener@932bc4a, org.springframework.boot.test.mock.mockito.MockitoTestExecutionListener@d29f28, org.springframework.boot.test.autoconfigure.web.servlet.WebDriverTestExecutionListener@2fd1433e, org.springframework.boot.test.mock.mockito.ResetMocksTestExecutionListener@29d89d5d, org.springframework.boot.test.autoconfigure.web.client.MockRestServiceServerResetTestExecutionListener@3514a4c0]
04:47:56.440 [main] DEBUG org.springframework.test.context.junit4.SpringJUnit4ClassRunner - SpringJUnit4ClassRunner constructor called with [class com.vir.controller.ResourceControlerTest]
04:47:56.440 [main] DEBUG org.springframework.test.context.BootstrapUtils - Instantiating CacheAwareContextLoaderDelegate from class [org.springframework.test.context.cache.DefaultCacheAwareContextLoaderDelegate]
04:47:56.441 [main] DEBUG org.springframework.test.context.BootstrapUtils - Instantiating BootstrapContext using constructor [public org.springframework.test.context.support.DefaultBootstrapContext(java.lang.Class,org.springframework.test.context.CacheAwareContextLoaderDelegate)]
04:47:56.441 [main] DEBUG org.springframework.test.context.BootstrapUtils - Instantiating TestContextBootstrapper for test class [com.vir.controller.ResourceControlerTest] from class [org.springframework.boot.test.context.SpringBootTestContextBootstrapper]
04:47:56.441 [main] INFO org.springframework.boot.test.context.SpringBootTestContextBootstrapper - Neither @ContextConfiguration nor @ContextHierarchy found for test class [com.vir.controller.ResourceControlerTest], using SpringBootContextLoader
04:47:56.442 [main] DEBUG org.springframework.test.context.support.AbstractContextLoader - Did not detect default resource location for test class [com.vir.controller.ResourceControlerTest]: class path resource [com/vir/controller/ResourceControlerTest-context.xml] does not exist
04:47:56.443 [main] DEBUG org.springframework.test.context.support.AbstractContextLoader - Did not detect default resource location for test class [com.vir.controller.ResourceControlerTest]: class path resource [com/vir/controller/ResourceControlerTestContext.groovy] does not exist
04:47:56.443 [main] INFO org.springframework.test.context.support.AbstractContextLoader - Could not detect default resource locations for test class [com.vir.controller.ResourceControlerTest]: no resource found for suffixes {-context.xml, Context.groovy}.
04:47:56.443 [main] INFO org.springframework.test.context.support.AnnotationConfigContextLoaderUtils - Could not detect default configuration classes for test class [com.vir.controller.ResourceControlerTest]: ResourceControlerTest does not declare any static, non-private, non-final, nested classes annotated with @Configuration.
04:47:56.455 [main] DEBUG org.springframework.core.env.StandardEnvironment - Adding [systemProperties] PropertySource with lowest search precedence
04:47:56.456 [main] DEBUG org.springframework.core.env.StandardEnvironment - Adding [systemEnvironment] PropertySource with lowest search precedence
04:47:56.456 [main] DEBUG org.springframework.core.env.StandardEnvironment - Initialized StandardEnvironment with PropertySources [systemProperties,systemEnvironment]
04:47:56.456 [main] INFO org.springframework.boot.test.context.SpringBootTestContextBootstrapper - Found @SpringBootConfiguration com.vir.VirBackendApplication for test class com.vir.controller.ResourceControlerTest
04:47:56.456 [main] DEBUG org.springframework.boot.test.context.SpringBootTestContextBootstrapper - @TestExecutionListeners is not present for class [com.vir.controller.ResourceControlerTest]: using defaults.
04:47:56.461 [main] INFO org.springframework.boot.test.context.SpringBootTestContextBootstrapper - Loaded default TestExecutionListener class names from location [META-INF/spring.factories]: [org.springframework.boot.test.mock.mockito.MockitoTestExecutionListener, org.springframework.boot.test.mock.mockito.ResetMocksTestExecutionListener, org.springframework.boot.test.autoconfigure.restdocs.RestDocsTestExecutionListener, org.springframework.boot.test.autoconfigure.web.client.MockRestServiceServerResetTestExecutionListener, org.springframework.boot.test.autoconfigure.web.servlet.MockMvcPrintOnlyOnFailureTestExecutionListener, org.springframework.boot.test.autoconfigure.web.servlet.WebDriverTestExecutionListener, org.springframework.test.context.web.ServletTestExecutionListener, org.springframework.test.context.support.DirtiesContextBeforeModesTestExecutionListener, org.springframework.test.context.support.DependencyInjectionTestExecutionListener, org.springframework.test.context.support.DirtiesContextTestExecutionListener, org.springframework.test.context.transaction.TransactionalTestExecutionListener, org.springframework.test.context.jdbc.SqlScriptsTestExecutionListener]
04:47:56.467 [main] INFO org.springframework.boot.test.context.SpringBootTestContextBootstrapper - Using TestExecutionListeners: [org.springframework.test.context.web.ServletTestExecutionListener@209da20d, org.springframework.test.context.support.DirtiesContextBeforeModesTestExecutionListener@e15b7e8, org.springframework.boot.test.autoconfigure.SpringBootDependencyInjectionTestExecutionListener@1b2abca6, org.springframework.test.context.support.DirtiesContextTestExecutionListener@6392827e, org.springframework.test.context.transaction.TransactionalTestExecutionListener@2ed2d9cb, org.springframework.test.context.jdbc.SqlScriptsTestExecutionListener@d5b810e, org.springframework.boot.test.autoconfigure.restdocs.RestDocsTestExecutionListener@43dac38f, org.springframework.boot.test.autoconfigure.web.servlet.MockMvcPrintOnlyOnFailureTestExecutionListener@342c38f8, org.springframework.boot.test.mock.mockito.MockitoTestExecutionListener@c88a337, org.springframework.boot.test.autoconfigure.web.servlet.WebDriverTestExecutionListener@5d0a1059, org.springframework.boot.test.mock.mockito.ResetMocksTestExecutionListener@485966cc, org.springframework.boot.test.autoconfigure.web.client.MockRestServiceServerResetTestExecutionListener@1de76cc7]
04:47:56.467 [main] DEBUG org.springframework.test.context.junit4.SpringJUnit4ClassRunner - SpringJUnit4ClassRunner constructor called with [class com.vir.controller.WordControlerTest]
04:47:56.467 [main] DEBUG org.springframework.test.context.BootstrapUtils - Instantiating CacheAwareContextLoaderDelegate from class [org.springframework.test.context.cache.DefaultCacheAwareContextLoaderDelegate]
04:47:56.467 [main] DEBUG org.springframework.test.context.BootstrapUtils - Instantiating BootstrapContext using constructor [public org.springframework.test.context.support.DefaultBootstrapContext(java.lang.Class,org.springframework.test.context.CacheAwareContextLoaderDelegate)]
04:47:56.467 [main] DEBUG org.springframework.test.context.BootstrapUtils - Instantiating TestContextBootstrapper for test class [com.vir.controller.WordControlerTest] from class [org.springframework.boot.test.context.SpringBootTestContextBootstrapper]
04:47:56.467 [main] INFO org.springframework.boot.test.context.SpringBootTestContextBootstrapper - Neither @ContextConfiguration nor @ContextHierarchy found for test class [com.vir.controller.WordControlerTest], using SpringBootContextLoader
04:47:56.468 [main] DEBUG org.springframework.test.context.support.AbstractContextLoader - Did not detect default resource location for test class [com.vir.controller.WordControlerTest]: class path resource [com/vir/controller/WordControlerTest-context.xml] does not exist
04:47:56.469 [main] DEBUG org.springframework.test.context.support.AbstractContextLoader - Did not detect default resource location for test class [com.vir.controller.WordControlerTest]: class path resource [com/vir/controller/WordControlerTestContext.groovy] does not exist
04:47:56.469 [main] INFO org.springframework.test.context.support.AbstractContextLoader - Could not detect default resource locations for test class [com.vir.controller.WordControlerTest]: no resource found for suffixes {-context.xml, Context.groovy}.
04:47:56.469 [main] INFO org.springframework.test.context.support.AnnotationConfigContextLoaderUtils - Could not detect default configuration classes for test class [com.vir.controller.WordControlerTest]: WordControlerTest does not declare any static, non-private, non-final, nested classes annotated with @Configuration.
04:47:56.481 [main] DEBUG org.springframework.core.env.StandardEnvironment - Adding [systemProperties] PropertySource with lowest search precedence
04:47:56.481 [main] DEBUG org.springframework.core.env.StandardEnvironment - Adding [systemEnvironment] PropertySource with lowest search precedence
04:47:56.481 [main] DEBUG org.springframework.core.env.StandardEnvironment - Initialized StandardEnvironment with PropertySources [systemProperties,systemEnvironment]
04:47:56.481 [main] INFO org.springframework.boot.test.context.SpringBootTestContextBootstrapper - Found @SpringBootConfiguration com.vir.VirBackendApplication for test class com.vir.controller.WordControlerTest
04:47:56.481 [main] DEBUG org.springframework.boot.test.context.SpringBootTestContextBootstrapper - @TestExecutionListeners is not present for class [com.vir.controller.WordControlerTest]: using defaults.
04:47:56.486 [main] INFO org.springframework.boot.test.context.SpringBootTestContextBootstrapper - Loaded default TestExecutionListener class names from location [META-INF/spring.factories]: [org.springframework.boot.test.mock.mockito.MockitoTestExecutionListener, org.springframework.boot.test.mock.mockito.ResetMocksTestExecutionListener, org.springframework.boot.test.autoconfigure.restdocs.RestDocsTestExecutionListener, org.springframework.boot.test.autoconfigure.web.client.MockRestServiceServerResetTestExecutionListener, org.springframework.boot.test.autoconfigure.web.servlet.MockMvcPrintOnlyOnFailureTestExecutionListener, org.springframework.boot.test.autoconfigure.web.servlet.WebDriverTestExecutionListener, org.springframework.test.context.web.ServletTestExecutionListener, org.springframework.test.context.support.DirtiesContextBeforeModesTestExecutionListener, org.springframework.test.context.support.DependencyInjectionTestExecutionListener, org.springframework.test.context.support.DirtiesContextTestExecutionListener, org.springframework.test.context.transaction.TransactionalTestExecutionListener, org.springframework.test.context.jdbc.SqlScriptsTestExecutionListener]
04:47:56.491 [main] INFO org.springframework.boot.test.context.SpringBootTestContextBootstrapper - Using TestExecutionListeners: [org.springframework.test.context.web.ServletTestExecutionListener@229c6181, org.springframework.test.context.support.DirtiesContextBeforeModesTestExecutionListener@4686afc2, org.springframework.boot.test.autoconfigure.SpringBootDependencyInjectionTestExecutionListener@1e0b4072, org.springframework.test.context.support.DirtiesContextTestExecutionListener@791f145a, org.springframework.test.context.transaction.TransactionalTestExecutionListener@38cee291, org.springframework.test.context.jdbc.SqlScriptsTestExecutionListener@4b45a2f5, org.springframework.boot.test.autoconfigure.restdocs.RestDocsTestExecutionListener@f09733f, org.springframework.boot.test.autoconfigure.web.servlet.MockMvcPrintOnlyOnFailureTestExecutionListener@e350b40, org.springframework.boot.test.mock.mockito.MockitoTestExecutionListener@41a0aa7d, org.springframework.boot.test.autoconfigure.web.servlet.WebDriverTestExecutionListener@2794eab6, org.springframework.boot.test.mock.mockito.ResetMocksTestExecutionListener@6340e5f0, org.springframework.boot.test.autoconfigure.web.client.MockRestServiceServerResetTestExecutionListener@45099dd3]
04:47:56.492 [main] DEBUG org.springframework.test.context.junit4.SpringJUnit4ClassRunner - SpringJUnit4ClassRunner constructor called with [class com.vir.model.translator.WordTranslatorTest]
04:47:56.492 [main] DEBUG org.springframework.test.context.BootstrapUtils - Instantiating CacheAwareContextLoaderDelegate from class [org.springframework.test.context.cache.DefaultCacheAwareContextLoaderDelegate]
04:47:56.492 [main] DEBUG org.springframework.test.context.BootstrapUtils - Instantiating BootstrapContext using constructor [public org.springframework.test.context.support.DefaultBootstrapContext(java.lang.Class,org.springframework.test.context.CacheAwareContextLoaderDelegate)]
04:47:56.492 [main] DEBUG org.springframework.test.context.BootstrapUtils - Instantiating TestContextBootstrapper for test class [com.vir.model.translator.WordTranslatorTest] from class [org.springframework.boot.test.context.SpringBootTestContextBootstrapper]
04:47:56.492 [main] INFO org.springframework.boot.test.context.SpringBootTestContextBootstrapper - Neither @ContextConfiguration nor @ContextHierarchy found for test class [com.vir.model.translator.WordTranslatorTest], using SpringBootContextLoader
04:47:56.495 [main] DEBUG org.springframework.test.context.support.AbstractContextLoader - Did not detect default resource location for test class [com.vir.model.translator.WordTranslatorTest]: class path resource [com/vir/model/translator/WordTranslatorTest-context.xml] does not exist
04:47:56.495 [main] DEBUG org.springframework.test.context.support.AbstractContextLoader - Did not detect default resource location for test class [com.vir.model.translator.WordTranslatorTest]: class path resource [com/vir/model/translator/WordTranslatorTestContext.groovy] does not exist
04:47:56.495 [main] INFO org.springframework.test.context.support.AbstractContextLoader - Could not detect default resource locations for test class [com.vir.model.translator.WordTranslatorTest]: no resource found for suffixes {-context.xml, Context.groovy}.
04:47:56.495 [main] INFO org.springframework.test.context.support.AnnotationConfigContextLoaderUtils - Could not detect default configuration classes for test class [com.vir.model.translator.WordTranslatorTest]: WordTranslatorTest does not declare any static, non-private, non-final, nested classes annotated with @Configuration.
04:47:56.501 [main] DEBUG org.springframework.core.env.StandardEnvironment - Adding [systemProperties] PropertySource with lowest search precedence
04:47:56.501 [main] DEBUG org.springframework.core.env.StandardEnvironment - Adding [systemEnvironment] PropertySource with lowest search precedence
04:47:56.501 [main] DEBUG org.springframework.core.env.StandardEnvironment - Initialized StandardEnvironment with PropertySources [systemProperties,systemEnvironment]
04:47:56.502 [main] DEBUG org.springframework.core.io.support.PathMatchingResourcePatternResolver - Resolved classpath location [com/vir/model/translator/] to resources [URL [file:/C:/Users/Windows%2010/VIRS-Vocabulary-In-Reading/Code/VIRS%209.0%20Final%20Code/Code/VIR-Backend/target/test-classes/com/vir/model/translator/], URL [file:/C:/Users/Windows%2010/VIRS-Vocabulary-In-Reading/Code/VIRS%209.0%20Final%20Code/Code/VIR-Backend/target/classes/com/vir/model/translator/]]
04:47:56.502 [main] DEBUG org.springframework.core.io.support.PathMatchingResourcePatternResolver - Looking for matching resources in directory tree [C:\Users\Windows 10\VIRS-Vocabulary-In-Reading\Code\VIRS 9.0 Final Code\Code\VIR-Backend\target\test-classes\com\vir\model\translator]
04:47:56.503 [main] DEBUG org.springframework.core.io.support.PathMatchingResourcePatternResolver - Searching directory [C:\Users\Windows 10\VIRS-Vocabulary-In-Reading\Code\VIRS 9.0 Final Code\Code\VIR-Backend\target\test-classes\com\vir\model\translator] for files matching pattern [C:/Users/Windows 10/VIRS-Vocabulary-In-Reading/Code/VIRS 9.0 Final Code/Code/VIR-Backend/target/test-classes/com/vir/model/translator/*.class]
04:47:56.503 [main] DEBUG org.springframework.core.io.support.PathMatchingResourcePatternResolver - Looking for matching resources in directory tree [C:\Users\Windows 10\VIRS-Vocabulary-In-Reading\Code\VIRS 9.0 Final Code\Code\VIR-Backend\target\classes\com\vir\model\translator]
04:47:56.503 [main] DEBUG org.springframework.core.io.support.PathMatchingResourcePatternResolver - Searching directory [C:\Users\Windows 10\VIRS-Vocabulary-In-Reading\Code\VIRS 9.0 Final Code\Code\VIR-Backend\target\classes\com\vir\model\translator] for files matching pattern [C:/Users/Windows 10/VIRS-Vocabulary-In-Reading/Code/VIRS 9.0 Final Code/Code/VIR-Backend/target/classes/com/vir/model/translator/*.class]
04:47:56.504 [main] DEBUG org.springframework.core.io.support.PathMatchingResourcePatternResolver - Resolved location pattern [classpath*:com/vir/model/translator/*.class] to resources [file [C:\Users\Windows 10\VIRS-Vocabulary-In-Reading\Code\VIRS 9.0 Final Code\Code\VIR-Backend\target\test-classes\com\vir\model\translator\WordTranslatorTest.class], file [C:\Users\Windows 10\VIRS-Vocabulary-In-Reading\Code\VIRS 9.0 Final Code\Code\VIR-Backend\target\classes\com\vir\model\translator\WordTranslator.class]]
04:47:56.506 [main] DEBUG org.springframework.core.io.support.PathMatchingResourcePatternResolver - Resolved classpath location [com/vir/model/] to resources [URL [file:/C:/Users/Windows%2010/VIRS-Vocabulary-In-Reading/Code/VIRS%209.0%20Final%20Code/Code/VIR-Backend/target/test-classes/com/vir/model/], URL [file:/C:/Users/Windows%2010/VIRS-Vocabulary-In-Reading/Code/VIRS%209.0%20Final%20Code/Code/VIR-Backend/target/classes/com/vir/model/]]
04:47:56.506 [main] DEBUG org.springframework.core.io.support.PathMatchingResourcePatternResolver - Looking for matching resources in directory tree [C:\Users\Windows 10\VIRS-Vocabulary-In-Reading\Code\VIRS 9.0 Final Code\Code\VIR-Backend\target\test-classes\com\vir\model]
04:47:56.506 [main] DEBUG org.springframework.core.io.support.PathMatchingResourcePatternResolver - Searching directory [C:\Users\Windows 10\VIRS-Vocabulary-In-Reading\Code\VIRS 9.0 Final Code\Code\VIR-Backend\target\test-classes\com\vir\model] for files matching pattern [C:/Users/Windows 10/VIRS-Vocabulary-In-Reading/Code/VIRS 9.0 Final Code/Code/VIR-Backend/target/test-classes/com/vir/model/*.class]
04:47:56.506 [main] DEBUG org.springframework.core.io.support.PathMatchingResourcePatternResolver - Looking for matching resources in directory tree [C:\Users\Windows 10\VIRS-Vocabulary-In-Reading\Code\VIRS 9.0 Final Code\Code\VIR-Backend\target\classes\com\vir\model]
04:47:56.507 [main] DEBUG org.springframework.core.io.support.PathMatchingResourcePatternResolver - Searching directory [C:\Users\Windows 10\VIRS-Vocabulary-In-Reading\Code\VIRS 9.0 Final Code\Code\VIR-Backend\target\classes\com\vir\model] for files matching pattern [C:/Users/Windows 10/VIRS-Vocabulary-In-Reading/Code/VIRS 9.0 Final Code/Code/VIR-Backend/target/classes/com/vir/model/*.class]
04:47:56.509 [main] DEBUG org.springframework.core.io.support.PathMatchingResourcePatternResolver - Resolved location pattern [classpath*:com/vir/model/*.class] to resources [file [C:\Users\Windows 10\VIRS-Vocabulary-In-Reading\Code\VIRS 9.0 Final Code\Code\VIR-Backend\target\test-classes\com\vir\model\UserTest.class], file [C:\Users\Windows 10\VIRS-Vocabulary-In-Reading\Code\VIRS 9.0 Final Code\Code\VIR-Backend\target\classes\com\vir\model\Count.class], file [C:\Users\Windows 10\VIRS-Vocabulary-In-Reading\Code\VIRS 9.0 Final Code\Code\VIR-Backend\target\classes\com\vir\model\Dictionary.class], file [C:\Users\Windows 10\VIRS-Vocabulary-In-Reading\Code\VIRS 9.0 Final Code\Code\VIR-Backend\target\classes\com\vir\model\DictionaryEntry.class], file [C:\Users\Windows 10\VIRS-Vocabulary-In-Reading\Code\VIRS 9.0 Final Code\Code\VIR-Backend\target\classes\com\vir\model\EmailMessage.class], file [C:\Users\Windows 10\VIRS-Vocabulary-In-Reading\Code\VIRS 9.0 Final Code\Code\VIR-Backend\target\classes\com\vir\model\FileType.class], file [C:\Users\Windows 10\VIRS-Vocabulary-In-Reading\Code\VIRS 9.0 Final Code\Code\VIR-Backend\target\classes\com\vir\model\ItranslateRequest.class], file [C:\Users\Windows 10\VIRS-Vocabulary-In-Reading\Code\VIRS 9.0 Final Code\Code\VIR-Backend\target\classes\com\vir\model\Itranslator.class], file [C:\Users\Windows 10\VIRS-Vocabulary-In-Reading\Code\VIRS 9.0 Final Code\Code\VIR-Backend\target\classes\com\vir\model\Percent.class], file [C:\Users\Windows 10\VIRS-Vocabulary-In-Reading\Code\VIRS 9.0 Final Code\Code\VIR-Backend\target\classes\com\vir\model\Recovery.class], file [C:\Users\Windows 10\VIRS-Vocabulary-In-Reading\Code\VIRS 9.0 Final Code\Code\VIR-Backend\target\classes\com\vir\model\SourceType.class], file [C:\Users\Windows 10\VIRS-Vocabulary-In-Reading\Code\VIRS 9.0 Final Code\Code\VIR-Backend\target\classes\com\vir\model\Statistics.class], file [C:\Users\Windows 10\VIRS-Vocabulary-In-Reading\Code\VIRS 9.0 Final Code\Code\VIR-Backend\target\classes\com\vir\model\Text.class], file [C:\Users\Windows 10\VIRS-Vocabulary-In-Reading\Code\VIRS 9.0 Final Code\Code\VIR-Backend\target\classes\com\vir\model\ThreadValue.class], file [C:\Users\Windows 10\VIRS-Vocabulary-In-Reading\Code\VIRS 9.0 Final Code\Code\VIR-Backend\target\classes\com\vir\model\User.class], file [C:\Users\Windows 10\VIRS-Vocabulary-In-Reading\Code\VIRS 9.0 Final Code\Code\VIR-Backend\target\classes\com\vir\model\Word.class], file [C:\Users\Windows 10\VIRS-Vocabulary-In-Reading\Code\VIRS 9.0 Final Code\Code\VIR-Backend\target\classes\com\vir\model\WordMatch.class]]
04:47:56.526 [main] DEBUG org.springframework.core.io.support.PathMatchingResourcePatternResolver - Resolved classpath location [com/vir/] to resources [URL [file:/C:/Users/Windows%2010/VIRS-Vocabulary-In-Reading/Code/VIRS%209.0%20Final%20Code/Code/VIR-Backend/target/test-classes/com/vir/], URL [file:/C:/Users/Windows%2010/VIRS-Vocabulary-In-Reading/Code/VIRS%209.0%20Final%20Code/Code/VIR-Backend/target/classes/com/vir/]]
04:47:56.527 [main] DEBUG org.springframework.core.io.support.PathMatchingResourcePatternResolver - Looking for matching resources in directory tree [C:\Users\Windows 10\VIRS-Vocabulary-In-Reading\Code\VIRS 9.0 Final Code\Code\VIR-Backend\target\test-classes\com\vir]
04:47:56.527 [main] DEBUG org.springframework.core.io.support.PathMatchingResourcePatternResolver - Searching directory [C:\Users\Windows 10\VIRS-Vocabulary-In-Reading\Code\VIRS 9.0 Final Code\Code\VIR-Backend\target\test-classes\com\vir] for files matching pattern [C:/Users/Windows 10/VIRS-Vocabulary-In-Reading/Code/VIRS 9.0 Final Code/Code/VIR-Backend/target/test-classes/com/vir/*.class]
04:47:56.528 [main] DEBUG org.springframework.core.io.support.PathMatchingResourcePatternResolver - Looking for matching resources in directory tree [C:\Users\Windows 10\VIRS-Vocabulary-In-Reading\Code\VIRS 9.0 Final Code\Code\VIR-Backend\target\classes\com\vir]
04:47:56.528 [main] DEBUG org.springframework.core.io.support.PathMatchingResourcePatternResolver - Searching directory [C:\Users\Windows 10\VIRS-Vocabulary-In-Reading\Code\VIRS 9.0 Final Code\Code\VIR-Backend\target\classes\com\vir] for files matching pattern [C:/Users/Windows 10/VIRS-Vocabulary-In-Reading/Code/VIRS 9.0 Final Code/Code/VIR-Backend/target/classes/com/vir/*.class]
04:47:56.529 [main] DEBUG org.springframework.core.io.support.PathMatchingResourcePatternResolver - Resolved location pattern [classpath*:com/vir/*.class] to resources [file [C:\Users\Windows 10\VIRS-Vocabulary-In-Reading\Code\VIRS 9.0 Final Code\Code\VIR-Backend\target\test-classes\com\vir\ControllerDevTest.class], file [C:\Users\Windows 10\VIRS-Vocabulary-In-Reading\Code\VIRS 9.0 Final Code\Code\VIR-Backend\target\test-classes\com\vir\GeneralDevTest.class], file [C:\Users\Windows 10\VIRS-Vocabulary-In-Reading\Code\VIRS 9.0 Final Code\Code\VIR-Backend\target\test-classes\com\vir\VirBackendApplicationTests.class], file [C:\Users\Windows 10\VIRS-Vocabulary-In-Reading\Code\VIRS 9.0 Final Code\Code\VIR-Backend\target\classes\com\vir\VirBackendApplication.class]]
04:47:56.532 [main] DEBUG org.springframework.context.annotation.ClassPathScanningCandidateComponentProvider - Identified candidate component class: file [C:\Users\Windows 10\VIRS-Vocabulary-In-Reading\Code\VIRS 9.0 Final Code\Code\VIR-Backend\target\classes\com\vir\VirBackendApplication.class]
04:47:56.532 [main] INFO org.springframework.boot.test.context.SpringBootTestContextBootstrapper - Found @SpringBootConfiguration com.vir.VirBackendApplication for test class com.vir.model.translator.WordTranslatorTest
04:47:56.533 [main] DEBUG org.springframework.boot.test.context.SpringBootTestContextBootstrapper - @TestExecutionListeners is not present for class [com.vir.model.translator.WordTranslatorTest]: using defaults.
04:47:56.537 [main] INFO org.springframework.boot.test.context.SpringBootTestContextBootstrapper - Loaded default TestExecutionListener class names from location [META-INF/spring.factories]: [org.springframework.boot.test.mock.mockito.MockitoTestExecutionListener, org.springframework.boot.test.mock.mockito.ResetMocksTestExecutionListener, org.springframework.boot.test.autoconfigure.restdocs.RestDocsTestExecutionListener, org.springframework.boot.test.autoconfigure.web.client.MockRestServiceServerResetTestExecutionListener, org.springframework.boot.test.autoconfigure.web.servlet.MockMvcPrintOnlyOnFailureTestExecutionListener, org.springframework.boot.test.autoconfigure.web.servlet.WebDriverTestExecutionListener, org.springframework.test.context.web.ServletTestExecutionListener, org.springframework.test.context.support.DirtiesContextBeforeModesTestExecutionListener, org.springframework.test.context.support.DependencyInjectionTestExecutionListener, org.springframework.test.context.support.DirtiesContextTestExecutionListener, org.springframework.test.context.transaction.TransactionalTestExecutionListener, org.springframework.test.context.jdbc.SqlScriptsTestExecutionListener]
04:47:56.542 [main] INFO org.springframework.boot.test.context.SpringBootTestContextBootstrapper - Using TestExecutionListeners: [org.springframework.test.context.web.ServletTestExecutionListener@606e4010, org.springframework.test.context.support.DirtiesContextBeforeModesTestExecutionListener@8458f04, org.springframework.boot.test.autoconfigure.SpringBootDependencyInjectionTestExecutionListener@48075da3, org.springframework.test.context.support.DirtiesContextTestExecutionListener@68c9133c, org.springframework.test.context.transaction.TransactionalTestExecutionListener@7a35b0f5, org.springframework.test.context.jdbc.SqlScriptsTestExecutionListener@5e2c3d18, org.springframework.boot.test.autoconfigure.restdocs.RestDocsTestExecutionListener@2cb4893b, org.springframework.boot.test.autoconfigure.web.servlet.MockMvcPrintOnlyOnFailureTestExecutionListener@cc43f62, org.springframework.boot.test.mock.mockito.MockitoTestExecutionListener@5b218417, org.springframework.boot.test.autoconfigure.web.servlet.WebDriverTestExecutionListener@645aa696, org.springframework.boot.test.mock.mockito.ResetMocksTestExecutionListener@6caf0677, org.springframework.boot.test.autoconfigure.web.client.MockRestServiceServerResetTestExecutionListener@413d1baf]
04:47:56.545 [main] DEBUG org.springframework.test.context.junit4.SpringJUnit4ClassRunner - SpringJUnit4ClassRunner constructor called with [class com.vir.repository.WordRepositoryTest]
04:47:56.545 [main] DEBUG org.springframework.test.context.BootstrapUtils - Instantiating CacheAwareContextLoaderDelegate from class [org.springframework.test.context.cache.DefaultCacheAwareContextLoaderDelegate]
04:47:56.545 [main] DEBUG org.springframework.test.context.BootstrapUtils - Instantiating BootstrapContext using constructor [public org.springframework.test.context.support.DefaultBootstrapContext(java.lang.Class,org.springframework.test.context.CacheAwareContextLoaderDelegate)]
04:47:56.545 [main] DEBUG org.springframework.test.context.BootstrapUtils - Instantiating TestContextBootstrapper for test class [com.vir.repository.WordRepositoryTest] from class [org.springframework.boot.test.context.SpringBootTestContextBootstrapper]
04:47:56.545 [main] INFO org.springframework.boot.test.context.SpringBootTestContextBootstrapper - Neither @ContextConfiguration nor @ContextHierarchy found for test class [com.vir.repository.WordRepositoryTest], using SpringBootContextLoader
04:47:56.546 [main] DEBUG org.springframework.test.context.support.AbstractContextLoader - Did not detect default resource location for test class [com.vir.repository.WordRepositoryTest]: class path resource [com/vir/repository/WordRepositoryTest-context.xml] does not exist
04:47:56.547 [main] DEBUG org.springframework.test.context.support.AbstractContextLoader - Did not detect default resource location for test class [com.vir.repository.WordRepositoryTest]: class path resource [com/vir/repository/WordRepositoryTestContext.groovy] does not exist
04:47:56.547 [main] INFO org.springframework.test.context.support.AbstractContextLoader - Could not detect default resource locations for test class [com.vir.repository.WordRepositoryTest]: no resource found for suffixes {-context.xml, Context.groovy}.
04:47:56.547 [main] INFO org.springframework.test.context.support.AnnotationConfigContextLoaderUtils - Could not detect default configuration classes for test class [com.vir.repository.WordRepositoryTest]: WordRepositoryTest does not declare any static, non-private, non-final, nested classes annotated with @Configuration.
04:47:56.552 [main] DEBUG org.springframework.core.env.StandardEnvironment - Adding [systemProperties] PropertySource with lowest search precedence
04:47:56.552 [main] DEBUG org.springframework.core.env.StandardEnvironment - Adding [systemEnvironment] PropertySource with lowest search precedence
04:47:56.552 [main] DEBUG org.springframework.core.env.StandardEnvironment - Initialized StandardEnvironment with PropertySources [systemProperties,systemEnvironment]
04:47:56.552 [main] DEBUG org.springframework.core.io.support.PathMatchingResourcePatternResolver - Resolved classpath location [com/vir/repository/] to resources [URL [file:/C:/Users/Windows%2010/VIRS-Vocabulary-In-Reading/Code/VIRS%209.0%20Final%20Code/Code/VIR-Backend/target/test-classes/com/vir/repository/], URL [file:/C:/Users/Windows%2010/VIRS-Vocabulary-In-Reading/Code/VIRS%209.0%20Final%20Code/Code/VIR-Backend/target/classes/com/vir/repository/]]
04:47:56.553 [main] DEBUG org.springframework.core.io.support.PathMatchingResourcePatternResolver - Looking for matching resources in directory tree [C:\Users\Windows 10\VIRS-Vocabulary-In-Reading\Code\VIRS 9.0 Final Code\Code\VIR-Backend\target\test-classes\com\vir\repository]
04:47:56.553 [main] DEBUG org.springframework.core.io.support.PathMatchingResourcePatternResolver - Searching directory [C:\Users\Windows 10\VIRS-Vocabulary-In-Reading\Code\VIRS 9.0 Final Code\Code\VIR-Backend\target\test-classes\com\vir\repository] for files matching pattern [C:/Users/Windows 10/VIRS-Vocabulary-In-Reading/Code/VIRS 9.0 Final Code/Code/VIR-Backend/target/test-classes/com/vir/repository/*.class]
04:47:56.553 [main] DEBUG org.springframework.core.io.support.PathMatchingResourcePatternResolver - Looking for matching resources in directory tree [C:\Users\Windows 10\VIRS-Vocabulary-In-Reading\Code\VIRS 9.0 Final Code\Code\VIR-Backend\target\classes\com\vir\repository]
04:47:56.553 [main] DEBUG org.springframework.core.io.support.PathMatchingResourcePatternResolver - Searching directory [C:\Users\Windows 10\VIRS-Vocabulary-In-Reading\Code\VIRS 9.0 Final Code\Code\VIR-Backend\target\classes\com\vir\repository] for files matching pattern [C:/Users/Windows 10/VIRS-Vocabulary-In-Reading/Code/VIRS 9.0 Final Code/Code/VIR-Backend/target/classes/com/vir/repository/*.class]
04:47:56.554 [main] DEBUG org.springframework.core.io.support.PathMatchingResourcePatternResolver - Resolved location pattern [classpath*:com/vir/repository/*.class] to resources [file [C:\Users\Windows 10\VIRS-Vocabulary-In-Reading\Code\VIRS 9.0 Final Code\Code\VIR-Backend\target\test-classes\com\vir\repository\WordRepositoryTest.class], file [C:\Users\Windows 10\VIRS-Vocabulary-In-Reading\Code\VIRS 9.0 Final Code\Code\VIR-Backend\target\classes\com\vir\repository\RecoveryRepository.class], file [C:\Users\Windows 10\VIRS-Vocabulary-In-Reading\Code\VIRS 9.0 Final Code\Code\VIR-Backend\target\classes\com\vir\repository\UserRepository.class], file [C:\Users\Windows 10\VIRS-Vocabulary-In-Reading\Code\VIRS 9.0 Final Code\Code\VIR-Backend\target\classes\com\vir\repository\WordRepository.class], file [C:\Users\Windows 10\VIRS-Vocabulary-In-Reading\Code\VIRS 9.0 Final Code\Code\VIR-Backend\target\classes\com\vir\repository\WordRepositoryHelper.class]]
04:47:56.562 [main] DEBUG org.springframework.core.io.support.PathMatchingResourcePatternResolver - Resolved classpath location [com/vir/] to resources [URL [file:/C:/Users/Windows%2010/VIRS-Vocabulary-In-Reading/Code/VIRS%209.0%20Final%20Code/Code/VIR-Backend/target/test-classes/com/vir/], URL [file:/C:/Users/Windows%2010/VIRS-Vocabulary-In-Reading/Code/VIRS%209.0%20Final%20Code/Code/VIR-Backend/target/classes/com/vir/]]
04:47:56.562 [main] DEBUG org.springframework.core.io.support.PathMatchingResourcePatternResolver - Looking for matching resources in directory tree [C:\Users\Windows 10\VIRS-Vocabulary-In-Reading\Code\VIRS 9.0 Final Code\Code\VIR-Backend\target\test-classes\com\vir]
04:47:56.562 [main] DEBUG org.springframework.core.io.support.PathMatchingResourcePatternResolver - Searching directory [C:\Users\Windows 10\VIRS-Vocabulary-In-Reading\Code\VIRS 9.0 Final Code\Code\VIR-Backend\target\test-classes\com\vir] for files matching pattern [C:/Users/Windows 10/VIRS-Vocabulary-In-Reading/Code/VIRS 9.0 Final Code/Code/VIR-Backend/target/test-classes/com/vir/*.class]
04:47:56.563 [main] DEBUG org.springframework.core.io.support.PathMatchingResourcePatternResolver - Looking for matching resources in directory tree [C:\Users\Windows 10\VIRS-Vocabulary-In-Reading\Code\VIRS 9.0 Final Code\Code\VIR-Backend\target\classes\com\vir]
04:47:56.563 [main] DEBUG org.springframework.core.io.support.PathMatchingResourcePatternResolver - Searching directory [C:\Users\Windows 10\VIRS-Vocabulary-In-Reading\Code\VIRS 9.0 Final Code\Code\VIR-Backend\target\classes\com\vir] for files matching pattern [C:/Users/Windows 10/VIRS-Vocabulary-In-Reading/Code/VIRS 9.0 Final Code/Code/VIR-Backend/target/classes/com/vir/*.class]
04:47:56.564 [main] DEBUG org.springframework.core.io.support.PathMatchingResourcePatternResolver - Resolved location pattern [classpath*:com/vir/*.class] to resources [file [C:\Users\Windows 10\VIRS-Vocabulary-In-Reading\Code\VIRS 9.0 Final Code\Code\VIR-Backend\target\test-classes\com\vir\ControllerDevTest.class], file [C:\Users\Windows 10\VIRS-Vocabulary-In-Reading\Code\VIRS 9.0 Final Code\Code\VIR-Backend\target\test-classes\com\vir\GeneralDevTest.class], file [C:\Users\Windows 10\VIRS-Vocabulary-In-Reading\Code\VIRS 9.0 Final Code\Code\VIR-Backend\target\test-classes\com\vir\VirBackendApplicationTests.class], file [C:\Users\Windows 10\VIRS-Vocabulary-In-Reading\Code\VIRS 9.0 Final Code\Code\VIR-Backend\target\classes\com\vir\VirBackendApplication.class]]
04:47:56.567 [main] DEBUG org.springframework.context.annotation.ClassPathScanningCandidateComponentProvider - Identified candidate component class: file [C:\Users\Windows 10\VIRS-Vocabulary-In-Reading\Code\VIRS 9.0 Final Code\Code\VIR-Backend\target\classes\com\vir\VirBackendApplication.class]
04:47:56.567 [main] INFO org.springframework.boot.test.context.SpringBootTestContextBootstrapper - Found @SpringBootConfiguration com.vir.VirBackendApplication for test class com.vir.repository.WordRepositoryTest
04:47:56.568 [main] DEBUG org.springframework.boot.test.context.SpringBootTestContextBootstrapper - @TestExecutionListeners is not present for class [com.vir.repository.WordRepositoryTest]: using defaults.
04:47:56.572 [main] INFO org.springframework.boot.test.context.SpringBootTestContextBootstrapper - Loaded default TestExecutionListener class names from location [META-INF/spring.factories]: [org.springframework.boot.test.mock.mockito.MockitoTestExecutionListener, org.springframework.boot.test.mock.mockito.ResetMocksTestExecutionListener, org.springframework.boot.test.autoconfigure.restdocs.RestDocsTestExecutionListener, org.springframework.boot.test.autoconfigure.web.client.MockRestServiceServerResetTestExecutionListener, org.springframework.boot.test.autoconfigure.web.servlet.MockMvcPrintOnlyOnFailureTestExecutionListener, org.springframework.boot.test.autoconfigure.web.servlet.WebDriverTestExecutionListener, org.springframework.test.context.web.ServletTestExecutionListener, org.springframework.test.context.support.DirtiesContextBeforeModesTestExecutionListener, org.springframework.test.context.support.DependencyInjectionTestExecutionListener, org.springframework.test.context.support.DirtiesContextTestExecutionListener, org.springframework.test.context.transaction.TransactionalTestExecutionListener, org.springframework.test.context.jdbc.SqlScriptsTestExecutionListener]
04:47:56.577 [main] INFO org.springframework.boot.test.context.SpringBootTestContextBootstrapper - Using TestExecutionListeners: [org.springframework.test.context.web.ServletTestExecutionListener@4722ef0c, org.springframework.test.context.support.DirtiesContextBeforeModesTestExecutionListener@48e1f6c7, org.springframework.boot.test.autoconfigure.SpringBootDependencyInjectionTestExecutionListener@55cb6996, org.springframework.test.context.support.DirtiesContextTestExecutionListener@1807e3f6, org.springframework.test.context.transaction.TransactionalTestExecutionListener@480d3575, org.springframework.test.context.jdbc.SqlScriptsTestExecutionListener@f1da57d, org.springframework.boot.test.autoconfigure.restdocs.RestDocsTestExecutionListener@194fad1, org.springframework.boot.test.autoconfigure.web.servlet.MockMvcPrintOnlyOnFailureTestExecutionListener@26abb146, org.springframework.boot.test.mock.mockito.MockitoTestExecutionListener@72c8e7b, org.springframework.boot.test.autoconfigure.web.servlet.WebDriverTestExecutionListener@65f8f5ae, org.springframework.boot.test.mock.mockito.ResetMocksTestExecutionListener@431cd9b2, org.springframework.boot.test.autoconfigure.web.client.MockRestServiceServerResetTestExecutionListener@38467116]
04:47:56.619 [main] DEBUG org.springframework.test.context.junit4.SpringJUnit4ClassRunner - SpringJUnit4ClassRunner constructor called with [class com.vir.service.impl.dictionary.SimpleDictionaryEntryServiceTest]
04:47:56.619 [main] DEBUG org.springframework.test.context.BootstrapUtils - Instantiating CacheAwareContextLoaderDelegate from class [org.springframework.test.context.cache.DefaultCacheAwareContextLoaderDelegate]
04:47:56.619 [main] DEBUG org.springframework.test.context.BootstrapUtils - Instantiating BootstrapContext using constructor [public org.springframework.test.context.support.DefaultBootstrapContext(java.lang.Class,org.springframework.test.context.CacheAwareContextLoaderDelegate)]
04:47:56.619 [main] DEBUG org.springframework.test.context.BootstrapUtils - Instantiating TestContextBootstrapper for test class [com.vir.service.impl.dictionary.SimpleDictionaryEntryServiceTest] from class [org.springframework.boot.test.context.SpringBootTestContextBootstrapper]
04:47:56.619 [main] INFO org.springframework.boot.test.context.SpringBootTestContextBootstrapper - Neither @ContextConfiguration nor @ContextHierarchy found for test class [com.vir.service.impl.dictionary.SimpleDictionaryEntryServiceTest], using SpringBootContextLoader
04:47:56.620 [main] DEBUG org.springframework.test.context.support.AbstractContextLoader - Did not detect default resource location for test class [com.vir.service.impl.dictionary.SimpleDictionaryEntryServiceTest]: class path resource [com/vir/service/impl/dictionary/SimpleDictionaryEntryServiceTest-context.xml] does not exist
04:47:56.621 [main] DEBUG org.springframework.test.context.support.AbstractContextLoader - Did not detect default resource location for test class [com.vir.service.impl.dictionary.SimpleDictionaryEntryServiceTest]: class path resource [com/vir/service/impl/dictionary/SimpleDictionaryEntryServiceTestContext.groovy] does not exist
04:47:56.621 [main] INFO org.springframework.test.context.support.AbstractContextLoader - Could not detect default resource locations for test class [com.vir.service.impl.dictionary.SimpleDictionaryEntryServiceTest]: no resource found for suffixes {-context.xml, Context.groovy}.
04:47:56.621 [main] INFO org.springframework.test.context.support.AnnotationConfigContextLoaderUtils - Could not detect default configuration classes for test class [com.vir.service.impl.dictionary.SimpleDictionaryEntryServiceTest]: SimpleDictionaryEntryServiceTest does not declare any static, non-private, non-final, nested classes annotated with @Configuration.
04:47:56.633 [main] DEBUG org.springframework.core.env.StandardEnvironment - Adding [systemProperties] PropertySource with lowest search precedence
04:47:56.633 [main] DEBUG org.springframework.core.env.StandardEnvironment - Adding [systemEnvironment] PropertySource with lowest search precedence
04:47:56.633 [main] DEBUG org.springframework.core.env.StandardEnvironment - Initialized StandardEnvironment with PropertySources [systemProperties,systemEnvironment]
04:47:56.634 [main] DEBUG org.springframework.core.io.support.PathMatchingResourcePatternResolver - Resolved classpath location [com/vir/service/impl/dictionary/] to resources [URL [file:/C:/Users/Windows%2010/VIRS-Vocabulary-In-Reading/Code/VIRS%209.0%20Final%20Code/Code/VIR-Backend/target/test-classes/com/vir/service/impl/dictionary/], URL [file:/C:/Users/Windows%2010/VIRS-Vocabulary-In-Reading/Code/VIRS%209.0%20Final%20Code/Code/VIR-Backend/target/classes/com/vir/service/impl/dictionary/]]
04:47:56.634 [main] DEBUG org.springframework.core.io.support.PathMatchingResourcePatternResolver - Looking for matching resources in directory tree [C:\Users\Windows 10\VIRS-Vocabulary-In-Reading\Code\VIRS 9.0 Final Code\Code\VIR-Backend\target\test-classes\com\vir\service\impl\dictionary]
04:47:56.635 [main] DEBUG org.springframework.core.io.support.PathMatchingResourcePatternResolver - Searching directory [C:\Users\Windows 10\VIRS-Vocabulary-In-Reading\Code\VIRS 9.0 Final Code\Code\VIR-Backend\target\test-classes\com\vir\service\impl\dictionary] for files matching pattern [C:/Users/Windows 10/VIRS-Vocabulary-In-Reading/Code/VIRS 9.0 Final Code/Code/VIR-Backend/target/test-classes/com/vir/service/impl/dictionary/*.class]
04:47:56.635 [main] DEBUG org.springframework.core.io.support.PathMatchingResourcePatternResolver - Looking for matching resources in directory tree [C:\Users\Windows 10\VIRS-Vocabulary-In-Reading\Code\VIRS 9.0 Final Code\Code\VIR-Backend\target\classes\com\vir\service\impl\dictionary]
04:47:56.636 [main] DEBUG org.springframework.core.io.support.PathMatchingResourcePatternResolver - Searching directory [C:\Users\Windows 10\VIRS-Vocabulary-In-Reading\Code\VIRS 9.0 Final Code\Code\VIR-Backend\target\classes\com\vir\service\impl\dictionary] for files matching pattern [C:/Users/Windows 10/VIRS-Vocabulary-In-Reading/Code/VIRS 9.0 Final Code/Code/VIR-Backend/target/classes/com/vir/service/impl/dictionary/*.class]
04:47:56.636 [main] DEBUG org.springframework.core.io.support.PathMatchingResourcePatternResolver - Resolved location pattern [classpath*:com/vir/service/impl/dictionary/*.class] to resources [file [C:\Users\Windows 10\VIRS-Vocabulary-In-Reading\Code\VIRS 9.0 Final Code\Code\VIR-Backend\target\test-classes\com\vir\service\impl\dictionary\SimpleDictionaryEntryServiceTest.class], file [C:\Users\Windows 10\VIRS-Vocabulary-In-Reading\Code\VIRS 9.0 Final Code\Code\VIR-Backend\target\test-classes\com\vir\service\impl\dictionary\WikiHtmlCleanerServiceTest.class], file [C:\Users\Windows 10\VIRS-Vocabulary-In-Reading\Code\VIRS 9.0 Final Code\Code\VIR-Backend\target\classes\com\vir\service\impl\dictionary\OxfordDictionaryEntryService.class], file [C:\Users\Windows 10\VIRS-Vocabulary-In-Reading\Code\VIRS 9.0 Final Code\Code\VIR-Backend\target\classes\com\vir\service\impl\dictionary\SimpleDictionaryEntryService$1.class], file [C:\Users\Windows 10\VIRS-Vocabulary-In-Reading\Code\VIRS 9.0 Final Code\Code\VIR-Backend\target\classes\com\vir\service\impl\dictionary\SimpleDictionaryEntryService.class], file [C:\Users\Windows 10\VIRS-Vocabulary-In-Reading\Code\VIRS 9.0 Final Code\Code\VIR-Backend\target\classes\com\vir\service\impl\dictionary\WikiDictionaryEntryService.class], file [C:\Users\Windows 10\VIRS-Vocabulary-In-Reading\Code\VIRS 9.0 Final Code\Code\VIR-Backend\target\classes\com\vir\service\impl\dictionary\WikiHtmlCleanerService.class]]
04:47:56.642 [main] DEBUG org.springframework.core.io.support.PathMatchingResourcePatternResolver - Resolved classpath location [com/vir/service/impl/] to resources [URL [file:/C:/Users/Windows%2010/VIRS-Vocabulary-In-Reading/Code/VIRS%209.0%20Final%20Code/Code/VIR-Backend/target/test-classes/com/vir/service/impl/], URL [file:/C:/Users/Windows%2010/VIRS-Vocabulary-In-Reading/Code/VIRS%209.0%20Final%20Code/Code/VIR-Backend/target/classes/com/vir/service/impl/]]
04:47:56.643 [main] DEBUG org.springframework.core.io.support.PathMatchingResourcePatternResolver - Looking for matching resources in directory tree [C:\Users\Windows 10\VIRS-Vocabulary-In-Reading\Code\VIRS 9.0 Final Code\Code\VIR-Backend\target\test-classes\com\vir\service\impl]
04:47:56.643 [main] DEBUG org.springframework.core.io.support.PathMatchingResourcePatternResolver - Searching directory [C:\Users\Windows 10\VIRS-Vocabulary-In-Reading\Code\VIRS 9.0 Final Code\Code\VIR-Backend\target\test-classes\com\vir\service\impl] for files matching pattern [C:/Users/Windows 10/VIRS-Vocabulary-In-Reading/Code/VIRS 9.0 Final Code/Code/VIR-Backend/target/test-classes/com/vir/service/impl/*.class]
04:47:56.644 [main] DEBUG org.springframework.core.io.support.PathMatchingResourcePatternResolver - Looking for matching resources in directory tree [C:\Users\Windows 10\VIRS-Vocabulary-In-Reading\Code\VIRS 9.0 Final Code\Code\VIR-Backend\target\classes\com\vir\service\impl]
04:47:56.644 [main] DEBUG org.springframework.core.io.support.PathMatchingResourcePatternResolver - Searching directory [C:\Users\Windows 10\VIRS-Vocabulary-In-Reading\Code\VIRS 9.0 Final Code\Code\VIR-Backend\target\classes\com\vir\service\impl] for files matching pattern [C:/Users/Windows 10/VIRS-Vocabulary-In-Reading/Code/VIRS 9.0 Final Code/Code/VIR-Backend/target/classes/com/vir/service/impl/*.class]
04:47:56.645 [main] DEBUG org.springframework.core.io.support.PathMatchingResourcePatternResolver - Resolved location pattern [classpath*:com/vir/service/impl/*.class] to resources [file [C:\Users\Windows 10\VIRS-Vocabulary-In-Reading\Code\VIRS 9.0 Final Code\Code\VIR-Backend\target\test-classes\com\vir\service\impl\OcrOptimizerServiceTest.class], file [C:\Users\Windows 10\VIRS-Vocabulary-In-Reading\Code\VIRS 9.0 Final Code\Code\VIR-Backend\target\classes\com\vir\service\impl\CSVResourceService.class], file [C:\Users\Windows 10\VIRS-Vocabulary-In-Reading\Code\VIRS 9.0 Final Code\Code\VIR-Backend\target\classes\com\vir\service\impl\DownloadWordsService.class], file [C:\Users\Windows 10\VIRS-Vocabulary-In-Reading\Code\VIRS 9.0 Final Code\Code\VIR-Backend\target\classes\com\vir\service\impl\OcrOptimizerService.class], file [C:\Users\Windows 10\VIRS-Vocabulary-In-Reading\Code\VIRS 9.0 Final Code\Code\VIR-Backend\target\classes\com\vir\service\impl\SendEmail.class], file [C:\Users\Windows 10\VIRS-Vocabulary-In-Reading\Code\VIRS 9.0 Final Code\Code\VIR-Backend\target\classes\com\vir\service\impl\SimpleWordService.class], file [C:\Users\Windows 10\VIRS-Vocabulary-In-Reading\Code\VIRS 9.0 Final Code\Code\VIR-Backend\target\classes\com\vir\service\impl\TesseractConfigurationService.class]]
04:47:56.650 [main] DEBUG org.springframework.core.io.support.PathMatchingResourcePatternResolver - Resolved classpath location [com/vir/service/] to resources [URL [file:/C:/Users/Windows%2010/VIRS-Vocabulary-In-Reading/Code/VIRS%209.0%20Final%20Code/Code/VIR-Backend/target/test-classes/com/vir/service/], URL [file:/C:/Users/Windows%2010/VIRS-Vocabulary-In-Reading/Code/VIRS%209.0%20Final%20Code/Code/VIR-Backend/target/classes/com/vir/service/]]
04:47:56.650 [main] DEBUG org.springframework.core.io.support.PathMatchingResourcePatternResolver - Looking for matching resources in directory tree [C:\Users\Windows 10\VIRS-Vocabulary-In-Reading\Code\VIRS 9.0 Final Code\Code\VIR-Backend\target\test-classes\com\vir\service]
04:47:56.650 [main] DEBUG org.springframework.core.io.support.PathMatchingResourcePatternResolver - Searching directory [C:\Users\Windows 10\VIRS-Vocabulary-In-Reading\Code\VIRS 9.0 Final Code\Code\VIR-Backend\target\test-classes\com\vir\service] for files matching pattern [C:/Users/Windows 10/VIRS-Vocabulary-In-Reading/Code/VIRS 9.0 Final Code/Code/VIR-Backend/target/test-classes/com/vir/service/*.class]
04:47:56.651 [main] DEBUG org.springframework.core.io.support.PathMatchingResourcePatternResolver - Looking for matching resources in directory tree [C:\Users\Windows 10\VIRS-Vocabulary-In-Reading\Code\VIRS 9.0 Final Code\Code\VIR-Backend\target\classes\com\vir\service]
04:47:56.651 [main] DEBUG org.springframework.core.io.support.PathMatchingResourcePatternResolver - Searching directory [C:\Users\Windows 10\VIRS-Vocabulary-In-Reading\Code\VIRS 9.0 Final Code\Code\VIR-Backend\target\classes\com\vir\service] for files matching pattern [C:/Users/Windows 10/VIRS-Vocabulary-In-Reading/Code/VIRS 9.0 Final Code/Code/VIR-Backend/target/classes/com/vir/service/*.class]
04:47:56.652 [main] DEBUG org.springframework.core.io.support.PathMatchingResourcePatternResolver - Resolved location pattern [classpath*:com/vir/service/*.class] to resources [file [C:\Users\Windows 10\VIRS-Vocabulary-In-Reading\Code\VIRS 9.0 Final Code\Code\VIR-Backend\target\classes\com\vir\service\DictionaryEntryService.class], file [C:\Users\Windows 10\VIRS-Vocabulary-In-Reading\Code\VIRS 9.0 Final Code\Code\VIR-Backend\target\classes\com\vir\service\EmailService.class], file [C:\Users\Windows 10\VIRS-Vocabulary-In-Reading\Code\VIRS 9.0 Final Code\Code\VIR-Backend\target\classes\com\vir\service\FileProcessorService.class], file [C:\Users\Windows 10\VIRS-Vocabulary-In-Reading\Code\VIRS 9.0 Final Code\Code\VIR-Backend\target\classes\com\vir\service\ResourceService.class], file [C:\Users\Windows 10\VIRS-Vocabulary-In-Reading\Code\VIRS 9.0 Final Code\Code\VIR-Backend\target\classes\com\vir\service\SendEmailService.class], file [C:\Users\Windows 10\VIRS-Vocabulary-In-Reading\Code\VIRS 9.0 Final Code\Code\VIR-Backend\target\classes\com\vir\service\TextProcessorService.class], file [C:\Users\Windows 10\VIRS-Vocabulary-In-Reading\Code\VIRS 9.0 Final Code\Code\VIR-Backend\target\classes\com\vir\service\WordService.class]]
04:47:56.656 [main] DEBUG org.springframework.core.io.support.PathMatchingResourcePatternResolver - Resolved classpath location [com/vir/] to resources [URL [file:/C:/Users/Windows%2010/VIRS-Vocabulary-In-Reading/Code/VIRS%209.0%20Final%20Code/Code/VIR-Backend/target/test-classes/com/vir/], URL [file:/C:/Users/Windows%2010/VIRS-Vocabulary-In-Reading/Code/VIRS%209.0%20Final%20Code/Code/VIR-Backend/target/classes/com/vir/]]
04:47:56.656 [main] DEBUG org.springframework.core.io.support.PathMatchingResourcePatternResolver - Looking for matching resources in directory tree [C:\Users\Windows 10\VIRS-Vocabulary-In-Reading\Code\VIRS 9.0 Final Code\Code\VIR-Backend\target\test-classes\com\vir]
04:47:56.656 [main] DEBUG org.springframework.core.io.support.PathMatchingResourcePatternResolver - Searching directory [C:\Users\Windows 10\VIRS-Vocabulary-In-Reading\Code\VIRS 9.0 Final Code\Code\VIR-Backend\target\test-classes\com\vir] for files matching pattern [C:/Users/Windows 10/VIRS-Vocabulary-In-Reading/Code/VIRS 9.0 Final Code/Code/VIR-Backend/target/test-classes/com/vir/*.class]
04:47:56.657 [main] DEBUG org.springframework.core.io.support.PathMatchingResourcePatternResolver - Looking for matching resources in directory tree [C:\Users\Windows 10\VIRS-Vocabulary-In-Reading\Code\VIRS 9.0 Final Code\Code\VIR-Backend\target\classes\com\vir]
04:47:56.657 [main] DEBUG org.springframework.core.io.support.PathMatchingResourcePatternResolver - Searching directory [C:\Users\Windows 10\VIRS-Vocabulary-In-Reading\Code\VIRS 9.0 Final Code\Code\VIR-Backend\target\classes\com\vir] for files matching pattern [C:/Users/Windows 10/VIRS-Vocabulary-In-Reading/Code/VIRS 9.0 Final Code/Code/VIR-Backend/target/classes/com/vir/*.class]
04:47:56.657 [main] DEBUG org.springframework.core.io.support.PathMatchingResourcePatternResolver - Resolved location pattern [classpath*:com/vir/*.class] to resources [file [C:\Users\Windows 10\VIRS-Vocabulary-In-Reading\Code\VIRS 9.0 Final Code\Code\VIR-Backend\target\test-classes\com\vir\ControllerDevTest.class], file [C:\Users\Windows 10\VIRS-Vocabulary-In-Reading\Code\VIRS 9.0 Final Code\Code\VIR-Backend\target\test-classes\com\vir\GeneralDevTest.class], file [C:\Users\Windows 10\VIRS-Vocabulary-In-Reading\Code\VIRS 9.0 Final Code\Code\VIR-Backend\target\test-classes\com\vir\VirBackendApplicationTests.class], file [C:\Users\Windows 10\VIRS-Vocabulary-In-Reading\Code\VIRS 9.0 Final Code\Code\VIR-Backend\target\classes\com\vir\VirBackendApplication.class]]
04:47:56.662 [main] DEBUG org.springframework.context.annotation.ClassPathScanningCandidateComponentProvider - Identified candidate component class: file [C:\Users\Windows 10\VIRS-Vocabulary-In-Reading\Code\VIRS 9.0 Final Code\Code\VIR-Backend\target\classes\com\vir\VirBackendApplication.class]
04:47:56.662 [main] INFO org.springframework.boot.test.context.SpringBootTestContextBootstrapper - Found @SpringBootConfiguration com.vir.VirBackendApplication for test class com.vir.service.impl.dictionary.SimpleDictionaryEntryServiceTest
04:47:56.663 [main] DEBUG org.springframework.boot.test.context.SpringBootTestContextBootstrapper - @TestExecutionListeners is not present for class [com.vir.service.impl.dictionary.SimpleDictionaryEntryServiceTest]: using defaults.
04:47:56.667 [main] INFO org.springframework.boot.test.context.SpringBootTestContextBootstrapper - Loaded default TestExecutionListener class names from location [META-INF/spring.factories]: [org.springframework.boot.test.mock.mockito.MockitoTestExecutionListener, org.springframework.boot.test.mock.mockito.ResetMocksTestExecutionListener, org.springframework.boot.test.autoconfigure.restdocs.RestDocsTestExecutionListener, org.springframework.boot.test.autoconfigure.web.client.MockRestServiceServerResetTestExecutionListener, org.springframework.boot.test.autoconfigure.web.servlet.MockMvcPrintOnlyOnFailureTestExecutionListener, org.springframework.boot.test.autoconfigure.web.servlet.WebDriverTestExecutionListener, org.springframework.test.context.web.ServletTestExecutionListener, org.springframework.test.context.support.DirtiesContextBeforeModesTestExecutionListener, org.springframework.test.context.support.DependencyInjectionTestExecutionListener, org.springframework.test.context.support.DirtiesContextTestExecutionListener, org.springframework.test.context.transaction.TransactionalTestExecutionListener, org.springframework.test.context.jdbc.SqlScriptsTestExecutionListener]
04:47:56.671 [main] INFO org.springframework.boot.test.context.SpringBootTestContextBootstrapper - Using TestExecutionListeners: [org.springframework.test.context.web.ServletTestExecutionListener@1b410b60, org.springframework.test.context.support.DirtiesContextBeforeModesTestExecutionListener@2462cb01, org.springframework.boot.test.autoconfigure.SpringBootDependencyInjectionTestExecutionListener@19b843ba, org.springframework.test.context.support.DirtiesContextTestExecutionListener@64ec96c6, org.springframework.test.context.transaction.TransactionalTestExecutionListener@77659b30, org.springframework.test.context.jdbc.SqlScriptsTestExecutionListener@456d6c1e, org.springframework.boot.test.autoconfigure.restdocs.RestDocsTestExecutionListener@1e13529a, org.springframework.boot.test.autoconfigure.web.servlet.MockMvcPrintOnlyOnFailureTestExecutionListener@1ec9bd38, org.springframework.boot.test.mock.mockito.MockitoTestExecutionListener@452e19ca, org.springframework.boot.test.autoconfigure.web.servlet.WebDriverTestExecutionListener@6b0d80ed, org.springframework.boot.test.mock.mockito.ResetMocksTestExecutionListener@6f8e8894, org.springframework.boot.test.autoconfigure.web.client.MockRestServiceServerResetTestExecutionListener@3cfdd820]
04:47:56.673 [main] DEBUG org.springframework.test.context.junit4.SpringJUnit4ClassRunner - SpringJUnit4ClassRunner constructor called with [class com.vir.service.impl.OcrOptimizerServiceTest]
04:47:56.674 [main] DEBUG org.springframework.test.context.BootstrapUtils - Instantiating CacheAwareContextLoaderDelegate from class [org.springframework.test.context.cache.DefaultCacheAwareContextLoaderDelegate]
04:47:56.674 [main] DEBUG org.springframework.test.context.BootstrapUtils - Instantiating BootstrapContext using constructor [public org.springframework.test.context.support.DefaultBootstrapContext(java.lang.Class,org.springframework.test.context.CacheAwareContextLoaderDelegate)]
04:47:56.674 [main] DEBUG org.springframework.test.context.BootstrapUtils - Instantiating TestContextBootstrapper for test class [com.vir.service.impl.OcrOptimizerServiceTest] from class [org.springframework.boot.test.context.SpringBootTestContextBootstrapper]
04:47:56.674 [main] INFO org.springframework.boot.test.context.SpringBootTestContextBootstrapper - Neither @ContextConfiguration nor @ContextHierarchy found for test class [com.vir.service.impl.OcrOptimizerServiceTest], using SpringBootContextLoader
04:47:56.675 [main] DEBUG org.springframework.test.context.support.AbstractContextLoader - Did not detect default resource location for test class [com.vir.service.impl.OcrOptimizerServiceTest]: class path resource [com/vir/service/impl/OcrOptimizerServiceTest-context.xml] does not exist
04:47:56.675 [main] DEBUG org.springframework.test.context.support.AbstractContextLoader - Did not detect default resource location for test class [com.vir.service.impl.OcrOptimizerServiceTest]: class path resource [com/vir/service/impl/OcrOptimizerServiceTestContext.groovy] does not exist
04:47:56.675 [main] INFO org.springframework.test.context.support.AbstractContextLoader - Could not detect default resource locations for test class [com.vir.service.impl.OcrOptimizerServiceTest]: no resource found for suffixes {-context.xml, Context.groovy}.
04:47:56.675 [main] INFO org.springframework.test.context.support.AnnotationConfigContextLoaderUtils - Could not detect default configuration classes for test class [com.vir.service.impl.OcrOptimizerServiceTest]: OcrOptimizerServiceTest does not declare any static, non-private, non-final, nested classes annotated with @Configuration.
04:47:56.680 [main] DEBUG org.springframework.core.env.StandardEnvironment - Adding [systemProperties] PropertySource with lowest search precedence
04:47:56.681 [main] DEBUG org.springframework.core.env.StandardEnvironment - Adding [systemEnvironment] PropertySource with lowest search precedence
04:47:56.681 [main] DEBUG org.springframework.core.env.StandardEnvironment - Initialized StandardEnvironment with PropertySources [systemProperties,systemEnvironment]
04:47:56.681 [main] DEBUG org.springframework.core.io.support.PathMatchingResourcePatternResolver - Resolved classpath location [com/vir/service/impl/] to resources [URL [file:/C:/Users/Windows%2010/VIRS-Vocabulary-In-Reading/Code/VIRS%209.0%20Final%20Code/Code/VIR-Backend/target/test-classes/com/vir/service/impl/], URL [file:/C:/Users/Windows%2010/VIRS-Vocabulary-In-Reading/Code/VIRS%209.0%20Final%20Code/Code/VIR-Backend/target/classes/com/vir/service/impl/]]
04:47:56.681 [main] DEBUG org.springframework.core.io.support.PathMatchingResourcePatternResolver - Looking for matching resources in directory tree [C:\Users\Windows 10\VIRS-Vocabulary-In-Reading\Code\VIRS 9.0 Final Code\Code\VIR-Backend\target\test-classes\com\vir\service\impl]
04:47:56.682 [main] DEBUG org.springframework.core.io.support.PathMatchingResourcePatternResolver - Searching directory [C:\Users\Windows 10\VIRS-Vocabulary-In-Reading\Code\VIRS 9.0 Final Code\Code\VIR-Backend\target\test-classes\com\vir\service\impl] for files matching pattern [C:/Users/Windows 10/VIRS-Vocabulary-In-Reading/Code/VIRS 9.0 Final Code/Code/VIR-Backend/target/test-classes/com/vir/service/impl/*.class]
04:47:56.682 [main] DEBUG org.springframework.core.io.support.PathMatchingResourcePatternResolver - Looking for matching resources in directory tree [C:\Users\Windows 10\VIRS-Vocabulary-In-Reading\Code\VIRS 9.0 Final Code\Code\VIR-Backend\target\classes\com\vir\service\impl]
04:47:56.683 [main] DEBUG org.springframework.core.io.support.PathMatchingResourcePatternResolver - Searching directory [C:\Users\Windows 10\VIRS-Vocabulary-In-Reading\Code\VIRS 9.0 Final Code\Code\VIR-Backend\target\classes\com\vir\service\impl] for files matching pattern [C:/Users/Windows 10/VIRS-Vocabulary-In-Reading/Code/VIRS 9.0 Final Code/Code/VIR-Backend/target/classes/com/vir/service/impl/*.class]
04:47:56.684 [main] DEBUG org.springframework.core.io.support.PathMatchingResourcePatternResolver - Resolved location pattern [classpath*:com/vir/service/impl/*.class] to resources [file [C:\Users\Windows 10\VIRS-Vocabulary-In-Reading\Code\VIRS 9.0 Final Code\Code\VIR-Backend\target\test-classes\com\vir\service\impl\OcrOptimizerServiceTest.class], file [C:\Users\Windows 10\VIRS-Vocabulary-In-Reading\Code\VIRS 9.0 Final Code\Code\VIR-Backend\target\classes\com\vir\service\impl\CSVResourceService.class], file [C:\Users\Windows 10\VIRS-Vocabulary-In-Reading\Code\VIRS 9.0 Final Code\Code\VIR-Backend\target\classes\com\vir\service\impl\DownloadWordsService.class], file [C:\Users\Windows 10\VIRS-Vocabulary-In-Reading\Code\VIRS 9.0 Final Code\Code\VIR-Backend\target\classes\com\vir\service\impl\OcrOptimizerService.class], file [C:\Users\Windows 10\VIRS-Vocabulary-In-Reading\Code\VIRS 9.0 Final Code\Code\VIR-Backend\target\classes\com\vir\service\impl\SendEmail.class], file [C:\Users\Windows 10\VIRS-Vocabulary-In-Reading\Code\VIRS 9.0 Final Code\Code\VIR-Backend\target\classes\com\vir\service\impl\SimpleWordService.class], file [C:\Users\Windows 10\VIRS-Vocabulary-In-Reading\Code\VIRS 9.0 Final Code\Code\VIR-Backend\target\classes\com\vir\service\impl\TesseractConfigurationService.class]]
04:47:56.688 [main] DEBUG org.springframework.core.io.support.PathMatchingResourcePatternResolver - Resolved classpath location [com/vir/service/] to resources [URL [file:/C:/Users/Windows%2010/VIRS-Vocabulary-In-Reading/Code/VIRS%209.0%20Final%20Code/Code/VIR-Backend/target/test-classes/com/vir/service/], URL [file:/C:/Users/Windows%2010/VIRS-Vocabulary-In-Reading/Code/VIRS%209.0%20Final%20Code/Code/VIR-Backend/target/classes/com/vir/service/]]
04:47:56.689 [main] DEBUG org.springframework.core.io.support.PathMatchingResourcePatternResolver - Looking for matching resources in directory tree [C:\Users\Windows 10\VIRS-Vocabulary-In-Reading\Code\VIRS 9.0 Final Code\Code\VIR-Backend\target\test-classes\com\vir\service]
04:47:56.689 [main] DEBUG org.springframework.core.io.support.PathMatchingResourcePatternResolver - Searching directory [C:\Users\Windows 10\VIRS-Vocabulary-In-Reading\Code\VIRS 9.0 Final Code\Code\VIR-Backend\target\test-classes\com\vir\service] for files matching pattern [C:/Users/Windows 10/VIRS-Vocabulary-In-Reading/Code/VIRS 9.0 Final Code/Code/VIR-Backend/target/test-classes/com/vir/service/*.class]
04:47:56.689 [main] DEBUG org.springframework.core.io.support.PathMatchingResourcePatternResolver - Looking for matching resources in directory tree [C:\Users\Windows 10\VIRS-Vocabulary-In-Reading\Code\VIRS 9.0 Final Code\Code\VIR-Backend\target\classes\com\vir\service]
04:47:56.689 [main] DEBUG org.springframework.core.io.support.PathMatchingResourcePatternResolver - Searching directory [C:\Users\Windows 10\VIRS-Vocabulary-In-Reading\Code\VIRS 9.0 Final Code\Code\VIR-Backend\target\classes\com\vir\service] for files matching pattern [C:/Users/Windows 10/VIRS-Vocabulary-In-Reading/Code/VIRS 9.0 Final Code/Code/VIR-Backend/target/classes/com/vir/service/*.class]
04:47:56.690 [main] DEBUG org.springframework.core.io.support.PathMatchingResourcePatternResolver - Resolved location pattern [classpath*:com/vir/service/*.class] to resources [file [C:\Users\Windows 10\VIRS-Vocabulary-In-Reading\Code\VIRS 9.0 Final Code\Code\VIR-Backend\target\classes\com\vir\service\DictionaryEntryService.class], file [C:\Users\Windows 10\VIRS-Vocabulary-In-Reading\Code\VIRS 9.0 Final Code\Code\VIR-Backend\target\classes\com\vir\service\EmailService.class], file [C:\Users\Windows 10\VIRS-Vocabulary-In-Reading\Code\VIRS 9.0 Final Code\Code\VIR-Backend\target\classes\com\vir\service\FileProcessorService.class], file [C:\Users\Windows 10\VIRS-Vocabulary-In-Reading\Code\VIRS 9.0 Final Code\Code\VIR-Backend\target\classes\com\vir\service\ResourceService.class], file [C:\Users\Windows 10\VIRS-Vocabulary-In-Reading\Code\VIRS 9.0 Final Code\Code\VIR-Backend\target\classes\com\vir\service\SendEmailService.class], file [C:\Users\Windows 10\VIRS-Vocabulary-In-Reading\Code\VIRS 9.0 Final Code\Code\VIR-Backend\target\classes\com\vir\service\TextProcessorService.class], file [C:\Users\Windows 10\VIRS-Vocabulary-In-Reading\Code\VIRS 9.0 Final Code\Code\VIR-Backend\target\classes\com\vir\service\WordService.class]]
04:47:56.694 [main] DEBUG org.springframework.core.io.support.PathMatchingResourcePatternResolver - Resolved classpath location [com/vir/] to resources [URL [file:/C:/Users/Windows%2010/VIRS-Vocabulary-In-Reading/Code/VIRS%209.0%20Final%20Code/Code/VIR-Backend/target/test-classes/com/vir/], URL [file:/C:/Users/Windows%2010/VIRS-Vocabulary-In-Reading/Code/VIRS%209.0%20Final%20Code/Code/VIR-Backend/target/classes/com/vir/]]
04:47:56.694 [main] DEBUG org.springframework.core.io.support.PathMatchingResourcePatternResolver - Looking for matching resources in directory tree [C:\Users\Windows 10\VIRS-Vocabulary-In-Reading\Code\VIRS 9.0 Final Code\Code\VIR-Backend\target\test-classes\com\vir]
04:47:56.694 [main] DEBUG org.springframework.core.io.support.PathMatchingResourcePatternResolver - Searching directory [C:\Users\Windows 10\VIRS-Vocabulary-In-Reading\Code\VIRS 9.0 Final Code\Code\VIR-Backend\target\test-classes\com\vir] for files matching pattern [C:/Users/Windows 10/VIRS-Vocabulary-In-Reading/Code/VIRS 9.0 Final Code/Code/VIR-Backend/target/test-classes/com/vir/*.class]
04:47:56.695 [main] DEBUG org.springframework.core.io.support.PathMatchingResourcePatternResolver - Looking for matching resources in directory tree [C:\Users\Windows 10\VIRS-Vocabulary-In-Reading\Code\VIRS 9.0 Final Code\Code\VIR-Backend\target\classes\com\vir]
04:47:56.695 [main] DEBUG org.springframework.core.io.support.PathMatchingResourcePatternResolver - Searching directory [C:\Users\Windows 10\VIRS-Vocabulary-In-Reading\Code\VIRS 9.0 Final Code\Code\VIR-Backend\target\classes\com\vir] for files matching pattern [C:/Users/Windows 10/VIRS-Vocabulary-In-Reading/Code/VIRS 9.0 Final Code/Code/VIR-Backend/target/classes/com/vir/*.class]
04:47:56.696 [main] DEBUG org.springframework.core.io.support.PathMatchingResourcePatternResolver - Resolved location pattern [classpath*:com/vir/*.class] to resources [file [C:\Users\Windows 10\VIRS-Vocabulary-In-Reading\Code\VIRS 9.0 Final Code\Code\VIR-Backend\target\test-classes\com\vir\ControllerDevTest.class], file [C:\Users\Windows 10\VIRS-Vocabulary-In-Reading\Code\VIRS 9.0 Final Code\Code\VIR-Backend\target\test-classes\com\vir\GeneralDevTest.class], file [C:\Users\Windows 10\VIRS-Vocabulary-In-Reading\Code\VIRS 9.0 Final Code\Code\VIR-Backend\target\test-classes\com\vir\VirBackendApplicationTests.class], file [C:\Users\Windows 10\VIRS-Vocabulary-In-Reading\Code\VIRS 9.0 Final Code\Code\VIR-Backend\target\classes\com\vir\VirBackendApplication.class]]
04:47:56.699 [main] DEBUG org.springframework.context.annotation.ClassPathScanningCandidateComponentProvider - Identified candidate component class: file [C:\Users\Windows 10\VIRS-Vocabulary-In-Reading\Code\VIRS 9.0 Final Code\Code\VIR-Backend\target\classes\com\vir\VirBackendApplication.class]
04:47:56.699 [main] INFO org.springframework.boot.test.context.SpringBootTestContextBootstrapper - Found @SpringBootConfiguration com.vir.VirBackendApplication for test class com.vir.service.impl.OcrOptimizerServiceTest
04:47:56.699 [main] DEBUG org.springframework.boot.test.context.SpringBootTestContextBootstrapper - @TestExecutionListeners is not present for class [com.vir.service.impl.OcrOptimizerServiceTest]: using defaults.
04:47:56.704 [main] INFO org.springframework.boot.test.context.SpringBootTestContextBootstrapper - Loaded default TestExecutionListener class names from location [META-INF/spring.factories]: [org.springframework.boot.test.mock.mockito.MockitoTestExecutionListener, org.springframework.boot.test.mock.mockito.ResetMocksTestExecutionListener, org.springframework.boot.test.autoconfigure.restdocs.RestDocsTestExecutionListener, org.springframework.boot.test.autoconfigure.web.client.MockRestServiceServerResetTestExecutionListener, org.springframework.boot.test.autoconfigure.web.servlet.MockMvcPrintOnlyOnFailureTestExecutionListener, org.springframework.boot.test.autoconfigure.web.servlet.WebDriverTestExecutionListener, org.springframework.test.context.web.ServletTestExecutionListener, org.springframework.test.context.support.DirtiesContextBeforeModesTestExecutionListener, org.springframework.test.context.support.DependencyInjectionTestExecutionListener, org.springframework.test.context.support.DirtiesContextTestExecutionListener, org.springframework.test.context.transaction.TransactionalTestExecutionListener, org.springframework.test.context.jdbc.SqlScriptsTestExecutionListener]
04:47:56.708 [main] INFO org.springframework.boot.test.context.SpringBootTestContextBootstrapper - Using TestExecutionListeners: [org.springframework.test.context.web.ServletTestExecutionListener@5f77d0f9, org.springframework.test.context.support.DirtiesContextBeforeModesTestExecutionListener@463fd068, org.springframework.boot.test.autoconfigure.SpringBootDependencyInjectionTestExecutionListener@895e367, org.springframework.test.context.support.DirtiesContextTestExecutionListener@1b266842, org.springframework.test.context.transaction.TransactionalTestExecutionListener@7a3793c7, org.springframework.test.context.jdbc.SqlScriptsTestExecutionListener@42b3b079, org.springframework.boot.test.autoconfigure.restdocs.RestDocsTestExecutionListener@651aed93, org.springframework.boot.test.autoconfigure.web.servlet.MockMvcPrintOnlyOnFailureTestExecutionListener@4dd6fd0a, org.springframework.boot.test.mock.mockito.MockitoTestExecutionListener@bb9e6dc, org.springframework.boot.test.autoconfigure.web.servlet.WebDriverTestExecutionListener@5456afaa, org.springframework.boot.test.mock.mockito.ResetMocksTestExecutionListener@6692b6c6, org.springframework.boot.test.autoconfigure.web.client.MockRestServiceServerResetTestExecutionListener@1cd629b3]
04:47:56.708 [main] DEBUG org.springframework.test.context.junit4.SpringJUnit4ClassRunner - SpringJUnit4ClassRunner constructor called with [class com.vir.service.impl.processor.DocProcessorServiceTest]
04:47:56.708 [main] DEBUG org.springframework.test.context.BootstrapUtils - Instantiating CacheAwareContextLoaderDelegate from class [org.springframework.test.context.cache.DefaultCacheAwareContextLoaderDelegate]
04:47:56.709 [main] DEBUG org.springframework.test.context.BootstrapUtils - Instantiating BootstrapContext using constructor [public org.springframework.test.context.support.DefaultBootstrapContext(java.lang.Class,org.springframework.test.context.CacheAwareContextLoaderDelegate)]
04:47:56.709 [main] DEBUG org.springframework.test.context.BootstrapUtils - Instantiating TestContextBootstrapper for test class [com.vir.service.impl.processor.DocProcessorServiceTest] from class [org.springframework.boot.test.context.SpringBootTestContextBootstrapper]
04:47:56.709 [main] INFO org.springframework.boot.test.context.SpringBootTestContextBootstrapper - Neither @ContextConfiguration nor @ContextHierarchy found for test class [com.vir.service.impl.processor.DocProcessorServiceTest], using SpringBootContextLoader
04:47:56.710 [main] DEBUG org.springframework.test.context.support.AbstractContextLoader - Did not detect default resource location for test class [com.vir.service.impl.processor.DocProcessorServiceTest]: class path resource [com/vir/service/impl/processor/DocProcessorServiceTest-context.xml] does not exist
04:47:56.710 [main] DEBUG org.springframework.test.context.support.AbstractContextLoader - Did not detect default resource location for test class [com.vir.service.impl.processor.DocProcessorServiceTest]: class path resource [com/vir/service/impl/processor/DocProcessorServiceTestContext.groovy] does not exist
04:47:56.710 [main] INFO org.springframework.test.context.support.AbstractContextLoader - Could not detect default resource locations for test class [com.vir.service.impl.processor.DocProcessorServiceTest]: no resource found for suffixes {-context.xml, Context.groovy}.
04:47:56.710 [main] INFO org.springframework.test.context.support.AnnotationConfigContextLoaderUtils - Could not detect default configuration classes for test class [com.vir.service.impl.processor.DocProcessorServiceTest]: DocProcessorServiceTest does not declare any static, non-private, non-final, nested classes annotated with @Configuration.
04:47:56.715 [main] DEBUG org.springframework.core.env.StandardEnvironment - Adding [systemProperties] PropertySource with lowest search precedence
04:47:56.715 [main] DEBUG org.springframework.core.env.StandardEnvironment - Adding [systemEnvironment] PropertySource with lowest search precedence
04:47:56.715 [main] DEBUG org.springframework.core.env.StandardEnvironment - Initialized StandardEnvironment with PropertySources [systemProperties,systemEnvironment]
04:47:56.716 [main] DEBUG org.springframework.core.io.support.PathMatchingResourcePatternResolver - Resolved classpath location [com/vir/service/impl/processor/] to resources [URL [file:/C:/Users/Windows%2010/VIRS-Vocabulary-In-Reading/Code/VIRS%209.0%20Final%20Code/Code/VIR-Backend/target/test-classes/com/vir/service/impl/processor/], URL [file:/C:/Users/Windows%2010/VIRS-Vocabulary-In-Reading/Code/VIRS%209.0%20Final%20Code/Code/VIR-Backend/target/classes/com/vir/service/impl/processor/]]
04:47:56.716 [main] DEBUG org.springframework.core.io.support.PathMatchingResourcePatternResolver - Looking for matching resources in directory tree [C:\Users\Windows 10\VIRS-Vocabulary-In-Reading\Code\VIRS 9.0 Final Code\Code\VIR-Backend\target\test-classes\com\vir\service\impl\processor]
04:47:56.716 [main] DEBUG org.springframework.core.io.support.PathMatchingResourcePatternResolver - Searching directory [C:\Users\Windows 10\VIRS-Vocabulary-In-Reading\Code\VIRS 9.0 Final Code\Code\VIR-Backend\target\test-classes\com\vir\service\impl\processor] for files matching pattern [C:/Users/Windows 10/VIRS-Vocabulary-In-Reading/Code/VIRS 9.0 Final Code/Code/VIR-Backend/target/test-classes/com/vir/service/impl/processor/*.class]
04:47:56.718 [main] DEBUG org.springframework.core.io.support.PathMatchingResourcePatternResolver - Looking for matching resources in directory tree [C:\Users\Windows 10\VIRS-Vocabulary-In-Reading\Code\VIRS 9.0 Final Code\Code\VIR-Backend\target\classes\com\vir\service\impl\processor]
04:47:56.718 [main] DEBUG org.springframework.core.io.support.PathMatchingResourcePatternResolver - Searching directory [C:\Users\Windows 10\VIRS-Vocabulary-In-Reading\Code\VIRS 9.0 Final Code\Code\VIR-Backend\target\classes\com\vir\service\impl\processor] for files matching pattern [C:/Users/Windows 10/VIRS-Vocabulary-In-Reading/Code/VIRS 9.0 Final Code/Code/VIR-Backend/target/classes/com/vir/service/impl/processor/*.class]
04:47:56.719 [main] DEBUG org.springframework.core.io.support.PathMatchingResourcePatternResolver - Resolved location pattern [classpath*:com/vir/service/impl/processor/*.class] to resources [file [C:\Users\Windows 10\VIRS-Vocabulary-In-Reading\Code\VIRS 9.0 Final Code\Code\VIR-Backend\target\test-classes\com\vir\service\impl\processor\DocProcessorServiceTest.class], file [C:\Users\Windows 10\VIRS-Vocabulary-In-Reading\Code\VIRS 9.0 Final Code\Code\VIR-Backend\target\test-classes\com\vir\service\impl\processor\ImgProcessorServiceIT.class], file [C:\Users\Windows 10\VIRS-Vocabulary-In-Reading\Code\VIRS 9.0 Final Code\Code\VIR-Backend\target\test-classes\com\vir\service\impl\processor\ImgProcessorServiceTest$LOG_TYPE.class], file [C:\Users\Windows 10\VIRS-Vocabulary-In-Reading\Code\VIRS 9.0 Final Code\Code\VIR-Backend\target\test-classes\com\vir\service\impl\processor\ImgProcessorServiceTest.class], file [C:\Users\Windows 10\VIRS-Vocabulary-In-Reading\Code\VIRS 9.0 Final Code\Code\VIR-Backend\target\test-classes\com\vir\service\impl\processor\OptimizedTextProcessorServiceTest.class], file [C:\Users\Windows 10\VIRS-Vocabulary-In-Reading\Code\VIRS 9.0 Final Code\Code\VIR-Backend\target\test-classes\com\vir\service\impl\processor\PdfProcessorServiceIT.class], file [C:\Users\Windows 10\VIRS-Vocabulary-In-Reading\Code\VIRS 9.0 Final Code\Code\VIR-Backend\target\test-classes\com\vir\service\impl\processor\PdfProcessorServiceTest.class], file [C:\Users\Windows 10\VIRS-Vocabulary-In-Reading\Code\VIRS 9.0 Final Code\Code\VIR-Backend\target\test-classes\com\vir\service\impl\processor\SimpleTextProcessorServiceTest.class], file [C:\Users\Windows 10\VIRS-Vocabulary-In-Reading\Code\VIRS 9.0 Final Code\Code\VIR-Backend\target\test-classes\com\vir\service\impl\processor\SimpleWordServiceTest.class], file [C:\Users\Windows 10\VIRS-Vocabulary-In-Reading\Code\VIRS 9.0 Final Code\Code\VIR-Backend\target\classes\com\vir\service\impl\processor\DocProcessorService.class], file [C:\Users\Windows 10\VIRS-Vocabulary-In-Reading\Code\VIRS 9.0 Final Code\Code\VIR-Backend\target\classes\com\vir\service\impl\processor\ImgProcessorService$StopWatchOutputOptions.class], file [C:\Users\Windows 10\VIRS-Vocabulary-In-Reading\Code\VIRS 9.0 Final Code\Code\VIR-Backend\target\classes\com\vir\service\impl\processor\ImgProcessorService.class], file [C:\Users\Windows 10\VIRS-Vocabulary-In-Reading\Code\VIRS 9.0 Final Code\Code\VIR-Backend\target\classes\com\vir\service\impl\processor\OptimizedTextProcessorService.class], file [C:\Users\Windows 10\VIRS-Vocabulary-In-Reading\Code\VIRS 9.0 Final Code\Code\VIR-Backend\target\classes\com\vir\service\impl\processor\PdfProcessorService.class], file [C:\Users\Windows 10\VIRS-Vocabulary-In-Reading\Code\VIRS 9.0 Final Code\Code\VIR-Backend\target\classes\com\vir\service\impl\processor\SimpleFileProcessorService$1.class], file [C:\Users\Windows 10\VIRS-Vocabulary-In-Reading\Code\VIRS 9.0 Final Code\Code\VIR-Backend\target\classes\com\vir\service\impl\processor\SimpleFileProcessorService.class], file [C:\Users\Windows 10\VIRS-Vocabulary-In-Reading\Code\VIRS 9.0 Final Code\Code\VIR-Backend\target\classes\com\vir\service\impl\processor\SimpleTextProcessorService.class]]
04:47:56.732 [main] DEBUG org.springframework.core.io.support.PathMatchingResourcePatternResolver - Resolved classpath location [com/vir/service/impl/] to resources [URL [file:/C:/Users/Windows%2010/VIRS-Vocabulary-In-Reading/Code/VIRS%209.0%20Final%20Code/Code/VIR-Backend/target/test-classes/com/vir/service/impl/], URL [file:/C:/Users/Windows%2010/VIRS-Vocabulary-In-Reading/Code/VIRS%209.0%20Final%20Code/Code/VIR-Backend/target/classes/com/vir/service/impl/]]
04:47:56.732 [main] DEBUG org.springframework.core.io.support.PathMatchingResourcePatternResolver - Looking for matching resources in directory tree [C:\Users\Windows 10\VIRS-Vocabulary-In-Reading\Code\VIRS 9.0 Final Code\Code\VIR-Backend\target\test-classes\com\vir\service\impl]
04:47:56.732 [main] DEBUG org.springframework.core.io.support.PathMatchingResourcePatternResolver - Searching directory [C:\Users\Windows 10\VIRS-Vocabulary-In-Reading\Code\VIRS 9.0 Final Code\Code\VIR-Backend\target\test-classes\com\vir\service\impl] for files matching pattern [C:/Users/Windows 10/VIRS-Vocabulary-In-Reading/Code/VIRS 9.0 Final Code/Code/VIR-Backend/target/test-classes/com/vir/service/impl/*.class]
04:47:56.733 [main] DEBUG org.springframework.core.io.support.PathMatchingResourcePatternResolver - Looking for matching resources in directory tree [C:\Users\Windows 10\VIRS-Vocabulary-In-Reading\Code\VIRS 9.0 Final Code\Code\VIR-Backend\target\classes\com\vir\service\impl]
04:47:56.733 [main] DEBUG org.springframework.core.io.support.PathMatchingResourcePatternResolver - Searching directory [C:\Users\Windows 10\VIRS-Vocabulary-In-Reading\Code\VIRS 9.0 Final Code\Code\VIR-Backend\target\classes\com\vir\service\impl] for files matching pattern [C:/Users/Windows 10/VIRS-Vocabulary-In-Reading/Code/VIRS 9.0 Final Code/Code/VIR-Backend/target/classes/com/vir/service/impl/*.class]
04:47:56.734 [main] DEBUG org.springframework.core.io.support.PathMatchingResourcePatternResolver - Resolved location pattern [classpath*:com/vir/service/impl/*.class] to resources [file [C:\Users\Windows 10\VIRS-Vocabulary-In-Reading\Code\VIRS 9.0 Final Code\Code\VIR-Backend\target\test-classes\com\vir\service\impl\OcrOptimizerServiceTest.class], file [C:\Users\Windows 10\VIRS-Vocabulary-In-Reading\Code\VIRS 9.0 Final Code\Code\VIR-Backend\target\classes\com\vir\service\impl\CSVResourceService.class], file [C:\Users\Windows 10\VIRS-Vocabulary-In-Reading\Code\VIRS 9.0 Final Code\Code\VIR-Backend\target\classes\com\vir\service\impl\DownloadWordsService.class], file [C:\Users\Windows 10\VIRS-Vocabulary-In-Reading\Code\VIRS 9.0 Final Code\Code\VIR-Backend\target\classes\com\vir\service\impl\OcrOptimizerService.class], file [C:\Users\Windows 10\VIRS-Vocabulary-In-Reading\Code\VIRS 9.0 Final Code\Code\VIR-Backend\target\classes\com\vir\service\impl\SendEmail.class], file [C:\Users\Windows 10\VIRS-Vocabulary-In-Reading\Code\VIRS 9.0 Final Code\Code\VIR-Backend\target\classes\com\vir\service\impl\SimpleWordService.class], file [C:\Users\Windows 10\VIRS-Vocabulary-In-Reading\Code\VIRS 9.0 Final Code\Code\VIR-Backend\target\classes\com\vir\service\impl\TesseractConfigurationService.class]]
04:47:56.739 [main] DEBUG org.springframework.core.io.support.PathMatchingResourcePatternResolver - Resolved classpath location [com/vir/service/] to resources [URL [file:/C:/Users/Windows%2010/VIRS-Vocabulary-In-Reading/Code/VIRS%209.0%20Final%20Code/Code/VIR-Backend/target/test-classes/com/vir/service/], URL [file:/C:/Users/Windows%2010/VIRS-Vocabulary-In-Reading/Code/VIRS%209.0%20Final%20Code/Code/VIR-Backend/target/classes/com/vir/service/]]
04:47:56.739 [main] DEBUG org.springframework.core.io.support.PathMatchingResourcePatternResolver - Looking for matching resources in directory tree [C:\Users\Windows 10\VIRS-Vocabulary-In-Reading\Code\VIRS 9.0 Final Code\Code\VIR-Backend\target\test-classes\com\vir\service]
04:47:56.739 [main] DEBUG org.springframework.core.io.support.PathMatchingResourcePatternResolver - Searching directory [C:\Users\Windows 10\VIRS-Vocabulary-In-Reading\Code\VIRS 9.0 Final Code\Code\VIR-Backend\target\test-classes\com\vir\service] for files matching pattern [C:/Users/Windows 10/VIRS-Vocabulary-In-Reading/Code/VIRS 9.0 Final Code/Code/VIR-Backend/target/test-classes/com/vir/service/*.class]
04:47:56.740 [main] DEBUG org.springframework.core.io.support.PathMatchingResourcePatternResolver - Looking for matching resources in directory tree [C:\Users\Windows 10\VIRS-Vocabulary-In-Reading\Code\VIRS 9.0 Final Code\Code\VIR-Backend\target\classes\com\vir\service]
04:47:56.740 [main] DEBUG org.springframework.core.io.support.PathMatchingResourcePatternResolver - Searching directory [C:\Users\Windows 10\VIRS-Vocabulary-In-Reading\Code\VIRS 9.0 Final Code\Code\VIR-Backend\target\classes\com\vir\service] for files matching pattern [C:/Users/Windows 10/VIRS-Vocabulary-In-Reading/Code/VIRS 9.0 Final Code/Code/VIR-Backend/target/classes/com/vir/service/*.class]
04:47:56.741 [main] DEBUG org.springframework.core.io.support.PathMatchingResourcePatternResolver - Resolved location pattern [classpath*:com/vir/service/*.class] to resources [file [C:\Users\Windows 10\VIRS-Vocabulary-In-Reading\Code\VIRS 9.0 Final Code\Code\VIR-Backend\target\classes\com\vir\service\DictionaryEntryService.class], file [C:\Users\Windows 10\VIRS-Vocabulary-In-Reading\Code\VIRS 9.0 Final Code\Code\VIR-Backend\target\classes\com\vir\service\EmailService.class], file [C:\Users\Windows 10\VIRS-Vocabulary-In-Reading\Code\VIRS 9.0 Final Code\Code\VIR-Backend\target\classes\com\vir\service\FileProcessorService.class], file [C:\Users\Windows 10\VIRS-Vocabulary-In-Reading\Code\VIRS 9.0 Final Code\Code\VIR-Backend\target\classes\com\vir\service\ResourceService.class], file [C:\Users\Windows 10\VIRS-Vocabulary-In-Reading\Code\VIRS 9.0 Final Code\Code\VIR-Backend\target\classes\com\vir\service\SendEmailService.class], file [C:\Users\Windows 10\VIRS-Vocabulary-In-Reading\Code\VIRS 9.0 Final Code\Code\VIR-Backend\target\classes\com\vir\service\TextProcessorService.class], file [C:\Users\Windows 10\VIRS-Vocabulary-In-Reading\Code\VIRS 9.0 Final Code\Code\VIR-Backend\target\classes\com\vir\service\WordService.class]]
04:47:56.744 [main] DEBUG org.springframework.core.io.support.PathMatchingResourcePatternResolver - Resolved classpath location [com/vir/] to resources [URL [file:/C:/Users/Windows%2010/VIRS-Vocabulary-In-Reading/Code/VIRS%209.0%20Final%20Code/Code/VIR-Backend/target/test-classes/com/vir/], URL [file:/C:/Users/Windows%2010/VIRS-Vocabulary-In-Reading/Code/VIRS%209.0%20Final%20Code/Code/VIR-Backend/target/classes/com/vir/]]
04:47:56.745 [main] DEBUG org.springframework.core.io.support.PathMatchingResourcePatternResolver - Looking for matching resources in directory tree [C:\Users\Windows 10\VIRS-Vocabulary-In-Reading\Code\VIRS 9.0 Final Code\Code\VIR-Backend\target\test-classes\com\vir]
04:47:56.745 [main] DEBUG org.springframework.core.io.support.PathMatchingResourcePatternResolver - Searching directory [C:\Users\Windows 10\VIRS-Vocabulary-In-Reading\Code\VIRS 9.0 Final Code\Code\VIR-Backend\target\test-classes\com\vir] for files matching pattern [C:/Users/Windows 10/VIRS-Vocabulary-In-Reading/Code/VIRS 9.0 Final Code/Code/VIR-Backend/target/test-classes/com/vir/*.class]
04:47:56.745 [main] DEBUG org.springframework.core.io.support.PathMatchingResourcePatternResolver - Looking for matching resources in directory tree [C:\Users\Windows 10\VIRS-Vocabulary-In-Reading\Code\VIRS 9.0 Final Code\Code\VIR-Backend\target\classes\com\vir]
04:47:56.746 [main] DEBUG org.springframework.core.io.support.PathMatchingResourcePatternResolver - Searching directory [C:\Users\Windows 10\VIRS-Vocabulary-In-Reading\Code\VIRS 9.0 Final Code\Code\VIR-Backend\target\classes\com\vir] for files matching pattern [C:/Users/Windows 10/VIRS-Vocabulary-In-Reading/Code/VIRS 9.0 Final Code/Code/VIR-Backend/target/classes/com/vir/*.class]
04:47:56.746 [main] DEBUG org.springframework.core.io.support.PathMatchingResourcePatternResolver - Resolved location pattern [classpath*:com/vir/*.class] to resources [file [C:\Users\Windows 10\VIRS-Vocabulary-In-Reading\Code\VIRS 9.0 Final Code\Code\VIR-Backend\target\test-classes\com\vir\ControllerDevTest.class], file [C:\Users\Windows 10\VIRS-Vocabulary-In-Reading\Code\VIRS 9.0 Final Code\Code\VIR-Backend\target\test-classes\com\vir\GeneralDevTest.class], file [C:\Users\Windows 10\VIRS-Vocabulary-In-Reading\Code\VIRS 9.0 Final Code\Code\VIR-Backend\target\test-classes\com\vir\VirBackendApplicationTests.class], file [C:\Users\Windows 10\VIRS-Vocabulary-In-Reading\Code\VIRS 9.0 Final Code\Code\VIR-Backend\target\classes\com\vir\VirBackendApplication.class]]
04:47:56.749 [main] DEBUG org.springframework.context.annotation.ClassPathScanningCandidateComponentProvider - Identified candidate component class: file [C:\Users\Windows 10\VIRS-Vocabulary-In-Reading\Code\VIRS 9.0 Final Code\Code\VIR-Backend\target\classes\com\vir\VirBackendApplication.class]
04:47:56.749 [main] INFO org.springframework.boot.test.context.SpringBootTestContextBootstrapper - Found @SpringBootConfiguration com.vir.VirBackendApplication for test class com.vir.service.impl.processor.DocProcessorServiceTest
04:47:56.750 [main] DEBUG org.springframework.boot.test.context.SpringBootTestContextBootstrapper - @TestExecutionListeners is not present for class [com.vir.service.impl.processor.DocProcessorServiceTest]: using defaults.
04:47:56.754 [main] INFO org.springframework.boot.test.context.SpringBootTestContextBootstrapper - Loaded default TestExecutionListener class names from location [META-INF/spring.factories]: [org.springframework.boot.test.mock.mockito.MockitoTestExecutionListener, org.springframework.boot.test.mock.mockito.ResetMocksTestExecutionListener, org.springframework.boot.test.autoconfigure.restdocs.RestDocsTestExecutionListener, org.springframework.boot.test.autoconfigure.web.client.MockRestServiceServerResetTestExecutionListener, org.springframework.boot.test.autoconfigure.web.servlet.MockMvcPrintOnlyOnFailureTestExecutionListener, org.springframework.boot.test.autoconfigure.web.servlet.WebDriverTestExecutionListener, org.springframework.test.context.web.ServletTestExecutionListener, org.springframework.test.context.support.DirtiesContextBeforeModesTestExecutionListener, org.springframework.test.context.support.DependencyInjectionTestExecutionListener, org.springframework.test.context.support.DirtiesContextTestExecutionListener, org.springframework.test.context.transaction.TransactionalTestExecutionListener, org.springframework.test.context.jdbc.SqlScriptsTestExecutionListener]
04:47:56.758 [main] INFO org.springframework.boot.test.context.SpringBootTestContextBootstrapper - Using TestExecutionListeners: [org.springframework.test.context.web.ServletTestExecutionListener@7ef27d7f, org.springframework.test.context.support.DirtiesContextBeforeModesTestExecutionListener@490caf5f, org.springframework.boot.test.autoconfigure.SpringBootDependencyInjectionTestExecutionListener@6337c201, org.springframework.test.context.support.DirtiesContextTestExecutionListener@5c669da8, org.springframework.test.context.transaction.TransactionalTestExecutionListener@31920ade, org.springframework.test.context.jdbc.SqlScriptsTestExecutionListener@1d483de4, org.springframework.boot.test.autoconfigure.restdocs.RestDocsTestExecutionListener@4032d386, org.springframework.boot.test.autoconfigure.web.servlet.MockMvcPrintOnlyOnFailureTestExecutionListener@28d18df5, org.springframework.boot.test.mock.mockito.MockitoTestExecutionListener@934b6cb, org.springframework.boot.test.autoconfigure.web.servlet.WebDriverTestExecutionListener@55cf0d14, org.springframework.boot.test.mock.mockito.ResetMocksTestExecutionListener@3b74ac8, org.springframework.boot.test.autoconfigure.web.client.MockRestServiceServerResetTestExecutionListener@27adc16e]
04:47:56.760 [main] DEBUG org.springframework.test.context.junit4.SpringJUnit4ClassRunner - SpringJUnit4ClassRunner constructor called with [class com.vir.service.impl.processor.OptimizedTextProcessorServiceTest]
04:47:56.761 [main] DEBUG org.springframework.test.context.BootstrapUtils - Instantiating CacheAwareContextLoaderDelegate from class [org.springframework.test.context.cache.DefaultCacheAwareContextLoaderDelegate]
04:47:56.761 [main] DEBUG org.springframework.test.context.BootstrapUtils - Instantiating BootstrapContext using constructor [public org.springframework.test.context.support.DefaultBootstrapContext(java.lang.Class,org.springframework.test.context.CacheAwareContextLoaderDelegate)]
04:47:56.761 [main] DEBUG org.springframework.test.context.BootstrapUtils - Instantiating TestContextBootstrapper for test class [com.vir.service.impl.processor.OptimizedTextProcessorServiceTest] from class [org.springframework.boot.test.context.SpringBootTestContextBootstrapper]
04:47:56.761 [main] INFO org.springframework.boot.test.context.SpringBootTestContextBootstrapper - Neither @ContextConfiguration nor @ContextHierarchy found for test class [com.vir.service.impl.processor.OptimizedTextProcessorServiceTest], using SpringBootContextLoader
04:47:56.762 [main] DEBUG org.springframework.test.context.support.AbstractContextLoader - Did not detect default resource location for test class [com.vir.service.impl.processor.OptimizedTextProcessorServiceTest]: class path resource [com/vir/service/impl/processor/OptimizedTextProcessorServiceTest-context.xml] does not exist
04:47:56.762 [main] DEBUG org.springframework.test.context.support.AbstractContextLoader - Did not detect default resource location for test class [com.vir.service.impl.processor.OptimizedTextProcessorServiceTest]: class path resource [com/vir/service/impl/processor/OptimizedTextProcessorServiceTestContext.groovy] does not exist
04:47:56.762 [main] INFO org.springframework.test.context.support.AbstractContextLoader - Could not detect default resource locations for test class [com.vir.service.impl.processor.OptimizedTextProcessorServiceTest]: no resource found for suffixes {-context.xml, Context.groovy}.
04:47:56.762 [main] INFO org.springframework.test.context.support.AnnotationConfigContextLoaderUtils - Could not detect default configuration classes for test class [com.vir.service.impl.processor.OptimizedTextProcessorServiceTest]: OptimizedTextProcessorServiceTest does not declare any static, non-private, non-final, nested classes annotated with @Configuration.
04:47:56.767 [main] DEBUG org.springframework.core.env.StandardEnvironment - Adding [systemProperties] PropertySource with lowest search precedence
04:47:56.767 [main] DEBUG org.springframework.core.env.StandardEnvironment - Adding [systemEnvironment] PropertySource with lowest search precedence
04:47:56.767 [main] DEBUG org.springframework.core.env.StandardEnvironment - Initialized StandardEnvironment with PropertySources [systemProperties,systemEnvironment]
04:47:56.767 [main] INFO org.springframework.boot.test.context.SpringBootTestContextBootstrapper - Found @SpringBootConfiguration com.vir.VirBackendApplication for test class com.vir.service.impl.processor.OptimizedTextProcessorServiceTest
04:47:56.768 [main] DEBUG org.springframework.boot.test.context.SpringBootTestContextBootstrapper - @TestExecutionListeners is not present for class [com.vir.service.impl.processor.OptimizedTextProcessorServiceTest]: using defaults.
04:47:56.772 [main] INFO org.springframework.boot.test.context.SpringBootTestContextBootstrapper - Loaded default TestExecutionListener class names from location [META-INF/spring.factories]: [org.springframework.boot.test.mock.mockito.MockitoTestExecutionListener, org.springframework.boot.test.mock.mockito.ResetMocksTestExecutionListener, org.springframework.boot.test.autoconfigure.restdocs.RestDocsTestExecutionListener, org.springframework.boot.test.autoconfigure.web.client.MockRestServiceServerResetTestExecutionListener, org.springframework.boot.test.autoconfigure.web.servlet.MockMvcPrintOnlyOnFailureTestExecutionListener, org.springframework.boot.test.autoconfigure.web.servlet.WebDriverTestExecutionListener, org.springframework.test.context.web.ServletTestExecutionListener, org.springframework.test.context.support.DirtiesContextBeforeModesTestExecutionListener, org.springframework.test.context.support.DependencyInjectionTestExecutionListener, org.springframework.test.context.support.DirtiesContextTestExecutionListener, org.springframework.test.context.transaction.TransactionalTestExecutionListener, org.springframework.test.context.jdbc.SqlScriptsTestExecutionListener]
04:47:56.776 [main] INFO org.springframework.boot.test.context.SpringBootTestContextBootstrapper - Using TestExecutionListeners: [org.springframework.test.context.web.ServletTestExecutionListener@5a9f4771, org.springframework.test.context.support.DirtiesContextBeforeModesTestExecutionListener@282cb7c7, org.springframework.boot.test.autoconfigure.SpringBootDependencyInjectionTestExecutionListener@7d898981, org.springframework.test.context.support.DirtiesContextTestExecutionListener@48d61b48, org.springframework.test.context.transaction.TransactionalTestExecutionListener@68d279ec, org.springframework.test.context.jdbc.SqlScriptsTestExecutionListener@258d79be, org.springframework.boot.test.autoconfigure.restdocs.RestDocsTestExecutionListener@14f9390f, org.springframework.boot.test.autoconfigure.web.servlet.MockMvcPrintOnlyOnFailureTestExecutionListener@6c0d7c83, org.springframework.boot.test.mock.mockito.MockitoTestExecutionListener@176b75f7, org.springframework.boot.test.autoconfigure.web.servlet.WebDriverTestExecutionListener@5965be2d, org.springframework.boot.test.mock.mockito.ResetMocksTestExecutionListener@409c54f, org.springframework.boot.test.autoconfigure.web.client.MockRestServiceServerResetTestExecutionListener@3e74829]
04:47:56.776 [main] DEBUG org.springframework.test.context.junit4.SpringJUnit4ClassRunner - SpringJUnit4ClassRunner constructor called with [class com.vir.service.impl.processor.PdfProcessorServiceTest]
04:47:56.776 [main] DEBUG org.springframework.test.context.BootstrapUtils - Instantiating CacheAwareContextLoaderDelegate from class [org.springframework.test.context.cache.DefaultCacheAwareContextLoaderDelegate]
04:47:56.776 [main] DEBUG org.springframework.test.context.BootstrapUtils - Instantiating BootstrapContext using constructor [public org.springframework.test.context.support.DefaultBootstrapContext(java.lang.Class,org.springframework.test.context.CacheAwareContextLoaderDelegate)]
04:47:56.776 [main] DEBUG org.springframework.test.context.BootstrapUtils - Instantiating TestContextBootstrapper for test class [com.vir.service.impl.processor.PdfProcessorServiceTest] from class [org.springframework.boot.test.context.SpringBootTestContextBootstrapper]
04:47:56.777 [main] INFO org.springframework.boot.test.context.SpringBootTestContextBootstrapper - Neither @ContextConfiguration nor @ContextHierarchy found for test class [com.vir.service.impl.processor.PdfProcessorServiceTest], using SpringBootContextLoader
04:47:56.777 [main] DEBUG org.springframework.test.context.support.AbstractContextLoader - Did not detect default resource location for test class [com.vir.service.impl.processor.PdfProcessorServiceTest]: class path resource [com/vir/service/impl/processor/PdfProcessorServiceTest-context.xml] does not exist
04:47:56.778 [main] DEBUG org.springframework.test.context.support.AbstractContextLoader - Did not detect default resource location for test class [com.vir.service.impl.processor.PdfProcessorServiceTest]: class path resource [com/vir/service/impl/processor/PdfProcessorServiceTestContext.groovy] does not exist
04:47:56.778 [main] INFO org.springframework.test.context.support.AbstractContextLoader - Could not detect default resource locations for test class [com.vir.service.impl.processor.PdfProcessorServiceTest]: no resource found for suffixes {-context.xml, Context.groovy}.
04:47:56.778 [main] INFO org.springframework.test.context.support.AnnotationConfigContextLoaderUtils - Could not detect default configuration classes for test class [com.vir.service.impl.processor.PdfProcessorServiceTest]: PdfProcessorServiceTest does not declare any static, non-private, non-final, nested classes annotated with @Configuration.
04:47:56.783 [main] DEBUG org.springframework.core.env.StandardEnvironment - Adding [systemProperties] PropertySource with lowest search precedence
04:47:56.783 [main] DEBUG org.springframework.core.env.StandardEnvironment - Adding [systemEnvironment] PropertySource with lowest search precedence
04:47:56.783 [main] DEBUG org.springframework.core.env.StandardEnvironment - Initialized StandardEnvironment with PropertySources [systemProperties,systemEnvironment]
04:47:56.783 [main] INFO org.springframework.boot.test.context.SpringBootTestContextBootstrapper - Found @SpringBootConfiguration com.vir.VirBackendApplication for test class com.vir.service.impl.processor.PdfProcessorServiceTest
04:47:56.784 [main] DEBUG org.springframework.boot.test.context.SpringBootTestContextBootstrapper - @TestExecutionListeners is not present for class [com.vir.service.impl.processor.PdfProcessorServiceTest]: using defaults.
04:47:56.788 [main] INFO org.springframework.boot.test.context.SpringBootTestContextBootstrapper - Loaded default TestExecutionListener class names from location [META-INF/spring.factories]: [org.springframework.boot.test.mock.mockito.MockitoTestExecutionListener, org.springframework.boot.test.mock.mockito.ResetMocksTestExecutionListener, org.springframework.boot.test.autoconfigure.restdocs.RestDocsTestExecutionListener, org.springframework.boot.test.autoconfigure.web.client.MockRestServiceServerResetTestExecutionListener, org.springframework.boot.test.autoconfigure.web.servlet.MockMvcPrintOnlyOnFailureTestExecutionListener, org.springframework.boot.test.autoconfigure.web.servlet.WebDriverTestExecutionListener, org.springframework.test.context.web.ServletTestExecutionListener, org.springframework.test.context.support.DirtiesContextBeforeModesTestExecutionListener, org.springframework.test.context.support.DependencyInjectionTestExecutionListener, org.springframework.test.context.support.DirtiesContextTestExecutionListener, org.springframework.test.context.transaction.TransactionalTestExecutionListener, org.springframework.test.context.jdbc.SqlScriptsTestExecutionListener]
04:47:56.792 [main] INFO org.springframework.boot.test.context.SpringBootTestContextBootstrapper - Using TestExecutionListeners: [org.springframework.test.context.web.ServletTestExecutionListener@ae3540e, org.springframework.test.context.support.DirtiesContextBeforeModesTestExecutionListener@600b9d27, org.springframework.boot.test.autoconfigure.SpringBootDependencyInjectionTestExecutionListener@3688eb5b, org.springframework.test.context.support.DirtiesContextTestExecutionListener@69f1a286, org.springframework.test.context.transaction.TransactionalTestExecutionListener@7922d892, org.springframework.test.context.jdbc.SqlScriptsTestExecutionListener@457c9034, org.springframework.boot.test.autoconfigure.restdocs.RestDocsTestExecutionListener@345f69f3, org.springframework.boot.test.autoconfigure.web.servlet.MockMvcPrintOnlyOnFailureTestExecutionListener@50de186c, org.springframework.boot.test.mock.mockito.MockitoTestExecutionListener@3f57bcad, org.springframework.boot.test.autoconfigure.web.servlet.WebDriverTestExecutionListener@1e8b7643, org.springframework.boot.test.mock.mockito.ResetMocksTestExecutionListener@51549490, org.springframework.boot.test.autoconfigure.web.client.MockRestServiceServerResetTestExecutionListener@71e9ebae]
04:47:56.792 [main] DEBUG org.springframework.test.context.junit4.SpringJUnit4ClassRunner - SpringJUnit4ClassRunner constructor called with [class com.vir.service.impl.processor.SimpleTextProcessorServiceTest]
04:47:56.792 [main] DEBUG org.springframework.test.context.BootstrapUtils - Instantiating CacheAwareContextLoaderDelegate from class [org.springframework.test.context.cache.DefaultCacheAwareContextLoaderDelegate]
04:47:56.792 [main] DEBUG org.springframework.test.context.BootstrapUtils - Instantiating BootstrapContext using constructor [public org.springframework.test.context.support.DefaultBootstrapContext(java.lang.Class,org.springframework.test.context.CacheAwareContextLoaderDelegate)]
04:47:56.792 [main] DEBUG org.springframework.test.context.BootstrapUtils - Instantiating TestContextBootstrapper for test class [com.vir.service.impl.processor.SimpleTextProcessorServiceTest] from class [org.springframework.boot.test.context.SpringBootTestContextBootstrapper]
04:47:56.793 [main] INFO org.springframework.boot.test.context.SpringBootTestContextBootstrapper - Neither @ContextConfiguration nor @ContextHierarchy found for test class [com.vir.service.impl.processor.SimpleTextProcessorServiceTest], using SpringBootContextLoader
04:47:56.793 [main] DEBUG org.springframework.test.context.support.AbstractContextLoader - Did not detect default resource location for test class [com.vir.service.impl.processor.SimpleTextProcessorServiceTest]: class path resource [com/vir/service/impl/processor/SimpleTextProcessorServiceTest-context.xml] does not exist
04:47:56.794 [main] DEBUG org.springframework.test.context.support.AbstractContextLoader - Did not detect default resource location for test class [com.vir.service.impl.processor.SimpleTextProcessorServiceTest]: class path resource [com/vir/service/impl/processor/SimpleTextProcessorServiceTestContext.groovy] does not exist
04:47:56.794 [main] INFO org.springframework.test.context.support.AbstractContextLoader - Could not detect default resource locations for test class [com.vir.service.impl.processor.SimpleTextProcessorServiceTest]: no resource found for suffixes {-context.xml, Context.groovy}.
04:47:56.794 [main] INFO org.springframework.test.context.support.AnnotationConfigContextLoaderUtils - Could not detect default configuration classes for test class [com.vir.service.impl.processor.SimpleTextProcessorServiceTest]: SimpleTextProcessorServiceTest does not declare any static, non-private, non-final, nested classes annotated with @Configuration.
04:47:56.799 [main] DEBUG org.springframework.core.env.StandardEnvironment - Adding [systemProperties] PropertySource with lowest search precedence
04:47:56.799 [main] DEBUG org.springframework.core.env.StandardEnvironment - Adding [systemEnvironment] PropertySource with lowest search precedence
04:47:56.799 [main] DEBUG org.springframework.core.env.StandardEnvironment - Initialized StandardEnvironment with PropertySources [systemProperties,systemEnvironment]
04:47:56.799 [main] INFO org.springframework.boot.test.context.SpringBootTestContextBootstrapper - Found @SpringBootConfiguration com.vir.VirBackendApplication for test class com.vir.service.impl.processor.SimpleTextProcessorServiceTest
04:47:56.799 [main] DEBUG org.springframework.boot.test.context.SpringBootTestContextBootstrapper - @TestExecutionListeners is not present for class [com.vir.service.impl.processor.SimpleTextProcessorServiceTest]: using defaults.
04:47:56.803 [main] INFO org.springframework.boot.test.context.SpringBootTestContextBootstrapper - Loaded default TestExecutionListener class names from location [META-INF/spring.factories]: [org.springframework.boot.test.mock.mockito.MockitoTestExecutionListener, org.springframework.boot.test.mock.mockito.ResetMocksTestExecutionListener, org.springframework.boot.test.autoconfigure.restdocs.RestDocsTestExecutionListener, org.springframework.boot.test.autoconfigure.web.client.MockRestServiceServerResetTestExecutionListener, org.springframework.boot.test.autoconfigure.web.servlet.MockMvcPrintOnlyOnFailureTestExecutionListener, org.springframework.boot.test.autoconfigure.web.servlet.WebDriverTestExecutionListener, org.springframework.test.context.web.ServletTestExecutionListener, org.springframework.test.context.support.DirtiesContextBeforeModesTestExecutionListener, org.springframework.test.context.support.DependencyInjectionTestExecutionListener, org.springframework.test.context.support.DirtiesContextTestExecutionListener, org.springframework.test.context.transaction.TransactionalTestExecutionListener, org.springframework.test.context.jdbc.SqlScriptsTestExecutionListener]
04:47:56.807 [main] INFO org.springframework.boot.test.context.SpringBootTestContextBootstrapper - Using TestExecutionListeners: [org.springframework.test.context.web.ServletTestExecutionListener@7c8c9a05, org.springframework.test.context.support.DirtiesContextBeforeModesTestExecutionListener@d41f816, org.springframework.boot.test.autoconfigure.SpringBootDependencyInjectionTestExecutionListener@5c2375a9, org.springframework.test.context.support.DirtiesContextTestExecutionListener@60129b9a, org.springframework.test.context.transaction.TransactionalTestExecutionListener@78d6692f, org.springframework.test.context.jdbc.SqlScriptsTestExecutionListener@7a55af6b, org.springframework.boot.test.autoconfigure.restdocs.RestDocsTestExecutionListener@3d9c13b5, org.springframework.boot.test.autoconfigure.web.servlet.MockMvcPrintOnlyOnFailureTestExecutionListener@492691d7, org.springframework.boot.test.mock.mockito.MockitoTestExecutionListener@27216cd, org.springframework.boot.test.autoconfigure.web.servlet.WebDriverTestExecutionListener@558bdf1f, org.springframework.boot.test.mock.mockito.ResetMocksTestExecutionListener@8576fa0, org.springframework.boot.test.autoconfigure.web.client.MockRestServiceServerResetTestExecutionListener@7582ff54]
04:47:56.808 [main] DEBUG org.springframework.test.context.junit4.SpringJUnit4ClassRunner - SpringJUnit4ClassRunner constructor called with [class com.vir.service.impl.processor.SimpleWordServiceTest]
04:47:56.808 [main] DEBUG org.springframework.test.context.BootstrapUtils - Instantiating CacheAwareContextLoaderDelegate from class [org.springframework.test.context.cache.DefaultCacheAwareContextLoaderDelegate]
04:47:56.808 [main] DEBUG org.springframework.test.context.BootstrapUtils - Instantiating BootstrapContext using constructor [public org.springframework.test.context.support.DefaultBootstrapContext(java.lang.Class,org.springframework.test.context.CacheAwareContextLoaderDelegate)]
04:47:56.808 [main] DEBUG org.springframework.test.context.BootstrapUtils - Instantiating TestContextBootstrapper for test class [com.vir.service.impl.processor.SimpleWordServiceTest] from class [org.springframework.boot.test.context.SpringBootTestContextBootstrapper]
04:47:56.809 [main] INFO org.springframework.boot.test.context.SpringBootTestContextBootstrapper - Neither @ContextConfiguration nor @ContextHierarchy found for test class [com.vir.service.impl.processor.SimpleWordServiceTest], using SpringBootContextLoader
04:47:56.809 [main] DEBUG org.springframework.test.context.support.AbstractContextLoader - Did not detect default resource location for test class [com.vir.service.impl.processor.SimpleWordServiceTest]: class path resource [com/vir/service/impl/processor/SimpleWordServiceTest-context.xml] does not exist
04:47:56.810 [main] DEBUG org.springframework.test.context.support.AbstractContextLoader - Did not detect default resource location for test class [com.vir.service.impl.processor.SimpleWordServiceTest]: class path resource [com/vir/service/impl/processor/SimpleWordServiceTestContext.groovy] does not exist
04:47:56.810 [main] INFO org.springframework.test.context.support.AbstractContextLoader - Could not detect default resource locations for test class [com.vir.service.impl.processor.SimpleWordServiceTest]: no resource found for suffixes {-context.xml, Context.groovy}.
04:47:56.810 [main] INFO org.springframework.test.context.support.AnnotationConfigContextLoaderUtils - Could not detect default configuration classes for test class [com.vir.service.impl.processor.SimpleWordServiceTest]: SimpleWordServiceTest does not declare any static, non-private, non-final, nested classes annotated with @Configuration.
04:47:56.818 [main] DEBUG org.springframework.core.env.StandardEnvironment - Adding [systemProperties] PropertySource with lowest search precedence
04:47:56.818 [main] DEBUG org.springframework.core.env.StandardEnvironment - Adding [systemEnvironment] PropertySource with lowest search precedence
04:47:56.818 [main] DEBUG org.springframework.core.env.StandardEnvironment - Initialized StandardEnvironment with PropertySources [systemProperties,systemEnvironment]
04:47:56.818 [main] INFO org.springframework.boot.test.context.SpringBootTestContextBootstrapper - Found @SpringBootConfiguration com.vir.VirBackendApplication for test class com.vir.service.impl.processor.SimpleWordServiceTest
04:47:56.818 [main] DEBUG org.springframework.boot.test.context.SpringBootTestContextBootstrapper - @TestExecutionListeners is not present for class [com.vir.service.impl.processor.SimpleWordServiceTest]: using defaults.
04:47:56.822 [main] INFO org.springframework.boot.test.context.SpringBootTestContextBootstrapper - Loaded default TestExecutionListener class names from location [META-INF/spring.factories]: [org.springframework.boot.test.mock.mockito.MockitoTestExecutionListener, org.springframework.boot.test.mock.mockito.ResetMocksTestExecutionListener, org.springframework.boot.test.autoconfigure.restdocs.RestDocsTestExecutionListener, org.springframework.boot.test.autoconfigure.web.client.MockRestServiceServerResetTestExecutionListener, org.springframework.boot.test.autoconfigure.web.servlet.MockMvcPrintOnlyOnFailureTestExecutionListener, org.springframework.boot.test.autoconfigure.web.servlet.WebDriverTestExecutionListener, org.springframework.test.context.web.ServletTestExecutionListener, org.springframework.test.context.support.DirtiesContextBeforeModesTestExecutionListener, org.springframework.test.context.support.DependencyInjectionTestExecutionListener, org.springframework.test.context.support.DirtiesContextTestExecutionListener, org.springframework.test.context.transaction.TransactionalTestExecutionListener, org.springframework.test.context.jdbc.SqlScriptsTestExecutionListener]
04:47:56.828 [main] INFO org.springframework.boot.test.context.SpringBootTestContextBootstrapper - Using TestExecutionListeners: [org.springframework.test.context.web.ServletTestExecutionListener@3d3e5463, org.springframework.test.context.support.DirtiesContextBeforeModesTestExecutionListener@64a40280, org.springframework.boot.test.autoconfigure.SpringBootDependencyInjectionTestExecutionListener@4b40f651, org.springframework.test.context.support.DirtiesContextTestExecutionListener@42b02722, org.springframework.test.context.transaction.TransactionalTestExecutionListener@d62fe5b, org.springframework.test.context.jdbc.SqlScriptsTestExecutionListener@49964d75, org.springframework.boot.test.autoconfigure.restdocs.RestDocsTestExecutionListener@528c868, org.springframework.boot.test.autoconfigure.web.servlet.MockMvcPrintOnlyOnFailureTestExecutionListener@466276d8, org.springframework.boot.test.mock.mockito.MockitoTestExecutionListener@5ce8d869, org.springframework.boot.test.autoconfigure.web.servlet.WebDriverTestExecutionListener@27eedb64, org.springframework.boot.test.mock.mockito.ResetMocksTestExecutionListener@64c63c79, org.springframework.boot.test.autoconfigure.web.client.MockRestServiceServerResetTestExecutionListener@31c7528f]
04:47:56.828 [main] DEBUG org.springframework.test.context.junit4.SpringJUnit4ClassRunner - SpringJUnit4ClassRunner constructor called with [class com.vir.VirBackendApplicationTests]
04:47:56.828 [main] DEBUG org.springframework.test.context.BootstrapUtils - Instantiating CacheAwareContextLoaderDelegate from class [org.springframework.test.context.cache.DefaultCacheAwareContextLoaderDelegate]
04:47:56.828 [main] DEBUG org.springframework.test.context.BootstrapUtils - Instantiating BootstrapContext using constructor [public org.springframework.test.context.support.DefaultBootstrapContext(java.lang.Class,org.springframework.test.context.CacheAwareContextLoaderDelegate)]
04:47:56.828 [main] DEBUG org.springframework.test.context.BootstrapUtils - Instantiating TestContextBootstrapper for test class [com.vir.VirBackendApplicationTests] from class [org.springframework.boot.test.context.SpringBootTestContextBootstrapper]
04:47:56.829 [main] INFO org.springframework.boot.test.context.SpringBootTestContextBootstrapper - Neither @ContextConfiguration nor @ContextHierarchy found for test class [com.vir.VirBackendApplicationTests], using SpringBootContextLoader
04:47:56.829 [main] DEBUG org.springframework.test.context.support.AbstractContextLoader - Did not detect default resource location for test class [com.vir.VirBackendApplicationTests]: class path resource [com/vir/VirBackendApplicationTests-context.xml] does not exist
04:47:56.830 [main] DEBUG org.springframework.test.context.support.AbstractContextLoader - Did not detect default resource location for test class [com.vir.VirBackendApplicationTests]: class path resource [com/vir/VirBackendApplicationTestsContext.groovy] does not exist
04:47:56.830 [main] INFO org.springframework.test.context.support.AbstractContextLoader - Could not detect default resource locations for test class [com.vir.VirBackendApplicationTests]: no resource found for suffixes {-context.xml, Context.groovy}.
04:47:56.830 [main] INFO org.springframework.test.context.support.AnnotationConfigContextLoaderUtils - Could not detect default configuration classes for test class [com.vir.VirBackendApplicationTests]: VirBackendApplicationTests does not declare any static, non-private, non-final, nested classes annotated with @Configuration.
04:47:56.834 [main] DEBUG org.springframework.core.env.StandardEnvironment - Adding [systemProperties] PropertySource with lowest search precedence
04:47:56.834 [main] DEBUG org.springframework.core.env.StandardEnvironment - Adding [systemEnvironment] PropertySource with lowest search precedence
04:47:56.834 [main] DEBUG org.springframework.core.env.StandardEnvironment - Initialized StandardEnvironment with PropertySources [systemProperties,systemEnvironment]
04:47:56.835 [main] DEBUG org.springframework.core.io.support.PathMatchingResourcePatternResolver - Resolved classpath location [com/vir/] to resources [URL [file:/C:/Users/Windows%2010/VIRS-Vocabulary-In-Reading/Code/VIRS%209.0%20Final%20Code/Code/VIR-Backend/target/test-classes/com/vir/], URL [file:/C:/Users/Windows%2010/VIRS-Vocabulary-In-Reading/Code/VIRS%209.0%20Final%20Code/Code/VIR-Backend/target/classes/com/vir/]]
04:47:56.835 [main] DEBUG org.springframework.core.io.support.PathMatchingResourcePatternResolver - Looking for matching resources in directory tree [C:\Users\Windows 10\VIRS-Vocabulary-In-Reading\Code\VIRS 9.0 Final Code\Code\VIR-Backend\target\test-classes\com\vir]
04:47:56.835 [main] DEBUG org.springframework.core.io.support.PathMatchingResourcePatternResolver - Searching directory [C:\Users\Windows 10\VIRS-Vocabulary-In-Reading\Code\VIRS 9.0 Final Code\Code\VIR-Backend\target\test-classes\com\vir] for files matching pattern [C:/Users/Windows 10/VIRS-Vocabulary-In-Reading/Code/VIRS 9.0 Final Code/Code/VIR-Backend/target/test-classes/com/vir/*.class]
04:47:56.836 [main] DEBUG org.springframework.core.io.support.PathMatchingResourcePatternResolver - Looking for matching resources in directory tree [C:\Users\Windows 10\VIRS-Vocabulary-In-Reading\Code\VIRS 9.0 Final Code\Code\VIR-Backend\target\classes\com\vir]
04:47:56.842 [main] DEBUG org.springframework.core.io.support.PathMatchingResourcePatternResolver - Searching directory [C:\Users\Windows 10\VIRS-Vocabulary-In-Reading\Code\VIRS 9.0 Final Code\Code\VIR-Backend\target\classes\com\vir] for files matching pattern [C:/Users/Windows 10/VIRS-Vocabulary-In-Reading/Code/VIRS 9.0 Final Code/Code/VIR-Backend/target/classes/com/vir/*.class]
04:47:56.843 [main] DEBUG org.springframework.core.io.support.PathMatchingResourcePatternResolver - Resolved location pattern [classpath*:com/vir/*.class] to resources [file [C:\Users\Windows 10\VIRS-Vocabulary-In-Reading\Code\VIRS 9.0 Final Code\Code\VIR-Backend\target\test-classes\com\vir\ControllerDevTest.class], file [C:\Users\Windows 10\VIRS-Vocabulary-In-Reading\Code\VIRS 9.0 Final Code\Code\VIR-Backend\target\test-classes\com\vir\GeneralDevTest.class], file [C:\Users\Windows 10\VIRS-Vocabulary-In-Reading\Code\VIRS 9.0 Final Code\Code\VIR-Backend\target\test-classes\com\vir\VirBackendApplicationTests.class], file [C:\Users\Windows 10\VIRS-Vocabulary-In-Reading\Code\VIRS 9.0 Final Code\Code\VIR-Backend\target\classes\com\vir\VirBackendApplication.class]]
04:47:56.846 [main] DEBUG org.springframework.context.annotation.ClassPathScanningCandidateComponentProvider - Identified candidate component class: file [C:\Users\Windows 10\VIRS-Vocabulary-In-Reading\Code\VIRS 9.0 Final Code\Code\VIR-Backend\target\classes\com\vir\VirBackendApplication.class]
04:47:56.846 [main] INFO org.springframework.boot.test.context.SpringBootTestContextBootstrapper - Found @SpringBootConfiguration com.vir.VirBackendApplication for test class com.vir.VirBackendApplicationTests
04:47:56.846 [main] DEBUG org.springframework.boot.test.context.SpringBootTestContextBootstrapper - @TestExecutionListeners is not present for class [com.vir.VirBackendApplicationTests]: using defaults.
04:47:56.850 [main] INFO org.springframework.boot.test.context.SpringBootTestContextBootstrapper - Loaded default TestExecutionListener class names from location [META-INF/spring.factories]: [org.springframework.boot.test.mock.mockito.MockitoTestExecutionListener, org.springframework.boot.test.mock.mockito.ResetMocksTestExecutionListener, org.springframework.boot.test.autoconfigure.restdocs.RestDocsTestExecutionListener, org.springframework.boot.test.autoconfigure.web.client.MockRestServiceServerResetTestExecutionListener, org.springframework.boot.test.autoconfigure.web.servlet.MockMvcPrintOnlyOnFailureTestExecutionListener, org.springframework.boot.test.autoconfigure.web.servlet.WebDriverTestExecutionListener, org.springframework.test.context.web.ServletTestExecutionListener, org.springframework.test.context.support.DirtiesContextBeforeModesTestExecutionListener, org.springframework.test.context.support.DependencyInjectionTestExecutionListener, org.springframework.test.context.support.DirtiesContextTestExecutionListener, org.springframework.test.context.transaction.TransactionalTestExecutionListener, org.springframework.test.context.jdbc.SqlScriptsTestExecutionListener]
04:47:56.854 [main] INFO org.springframework.boot.test.context.SpringBootTestContextBootstrapper - Using TestExecutionListeners: [org.springframework.test.context.web.ServletTestExecutionListener@34f22f9d, org.springframework.test.context.support.DirtiesContextBeforeModesTestExecutionListener@3d1848cc, org.springframework.boot.test.autoconfigure.SpringBootDependencyInjectionTestExecutionListener@7dda48d9, org.springframework.test.context.support.DirtiesContextTestExecutionListener@6e4566f1, org.springframework.test.context.transaction.TransactionalTestExecutionListener@4b6e2263, org.springframework.test.context.jdbc.SqlScriptsTestExecutionListener@344f4dea, org.springframework.boot.test.autoconfigure.restdocs.RestDocsTestExecutionListener@1b7c473a, org.springframework.boot.test.autoconfigure.web.servlet.MockMvcPrintOnlyOnFailureTestExecutionListener@5e4bd84a, org.springframework.boot.test.mock.mockito.MockitoTestExecutionListener@648c94da, org.springframework.boot.test.autoconfigure.web.servlet.WebDriverTestExecutionListener@2a62b5bc, org.springframework.boot.test.mock.mockito.ResetMocksTestExecutionListener@53de625d, org.springframework.boot.test.autoconfigure.web.client.MockRestServiceServerResetTestExecutionListener@535779e4]
04:47:56.857 [main] DEBUG org.springframework.test.annotation.ProfileValueUtils - Retrieved @ProfileValueSourceConfiguration [null] for test class [com.vir.controller.AceptanceOCRCriteriaBigFilesIntegrationTest]
04:47:56.858 [main] DEBUG org.springframework.test.annotation.ProfileValueUtils - Retrieved ProfileValueSource type [class org.springframework.test.annotation.SystemProfileValueSource] for class [com.vir.controller.AceptanceOCRCriteriaBigFilesIntegrationTest]
04:47:56.858 [main] DEBUG org.springframework.test.annotation.ProfileValueUtils - Retrieved @ProfileValueSourceConfiguration [null] for test class [com.vir.controller.AnalizerControlerTest]
04:47:56.858 [main] DEBUG org.springframework.test.annotation.ProfileValueUtils - Retrieved ProfileValueSource type [class org.springframework.test.annotation.SystemProfileValueSource] for class [com.vir.controller.AnalizerControlerTest]
04:47:56.858 [main] DEBUG org.springframework.test.annotation.ProfileValueUtils - Retrieved @ProfileValueSourceConfiguration [null] for test class [com.vir.controller.AngularRedirectControllerTest]
04:47:56.858 [main] DEBUG org.springframework.test.annotation.ProfileValueUtils - Retrieved ProfileValueSource type [class org.springframework.test.annotation.SystemProfileValueSource] for class [com.vir.controller.AngularRedirectControllerTest]
04:47:56.858 [main] DEBUG org.springframework.test.annotation.ProfileValueUtils - Retrieved @ProfileValueSourceConfiguration [null] for test class [com.vir.controller.DictionaryControlerTest]
04:47:56.858 [main] DEBUG org.springframework.test.annotation.ProfileValueUtils - Retrieved ProfileValueSource type [class org.springframework.test.annotation.SystemProfileValueSource] for class [com.vir.controller.DictionaryControlerTest]
04:47:56.858 [main] DEBUG org.springframework.test.annotation.ProfileValueUtils - Retrieved @ProfileValueSourceConfiguration [null] for test class [com.vir.controller.ExceptionAdviceControllerTest]
04:47:56.858 [main] DEBUG org.springframework.test.annotation.ProfileValueUtils - Retrieved ProfileValueSource type [class org.springframework.test.annotation.SystemProfileValueSource] for class [com.vir.controller.ExceptionAdviceControllerTest]
04:47:56.858 [main] DEBUG org.springframework.test.annotation.ProfileValueUtils - Retrieved @ProfileValueSourceConfiguration [null] for test class [com.vir.controller.ResourceControlerTest]
04:47:56.858 [main] DEBUG org.springframework.test.annotation.ProfileValueUtils - Retrieved ProfileValueSource type [class org.springframework.test.annotation.SystemProfileValueSource] for class [com.vir.controller.ResourceControlerTest]
04:47:56.859 [main] DEBUG org.springframework.test.annotation.ProfileValueUtils - Retrieved @ProfileValueSourceConfiguration [null] for test class [com.vir.controller.WordControlerTest]
04:47:56.859 [main] DEBUG org.springframework.test.annotation.ProfileValueUtils - Retrieved ProfileValueSource type [class org.springframework.test.annotation.SystemProfileValueSource] for class [com.vir.controller.WordControlerTest]
04:47:56.859 [main] DEBUG org.springframework.test.annotation.ProfileValueUtils - Retrieved @ProfileValueSourceConfiguration [null] for test class [com.vir.model.translator.WordTranslatorTest]
04:47:56.859 [main] DEBUG org.springframework.test.annotation.ProfileValueUtils - Retrieved ProfileValueSource type [class org.springframework.test.annotation.SystemProfileValueSource] for class [com.vir.model.translator.WordTranslatorTest]
04:47:56.859 [main] DEBUG org.springframework.test.annotation.ProfileValueUtils - Retrieved @ProfileValueSourceConfiguration [null] for test class [com.vir.repository.WordRepositoryTest]
04:47:56.859 [main] DEBUG org.springframework.test.annotation.ProfileValueUtils - Retrieved ProfileValueSource type [class org.springframework.test.annotation.SystemProfileValueSource] for class [com.vir.repository.WordRepositoryTest]
04:47:56.859 [main] DEBUG org.springframework.test.annotation.ProfileValueUtils - Retrieved @ProfileValueSourceConfiguration [null] for test class [com.vir.service.impl.dictionary.SimpleDictionaryEntryServiceTest]
04:47:56.859 [main] DEBUG org.springframework.test.annotation.ProfileValueUtils - Retrieved ProfileValueSource type [class org.springframework.test.annotation.SystemProfileValueSource] for class [com.vir.service.impl.dictionary.SimpleDictionaryEntryServiceTest]
04:47:56.859 [main] DEBUG org.springframework.test.annotation.ProfileValueUtils - Retrieved @ProfileValueSourceConfiguration [null] for test class [com.vir.service.impl.OcrOptimizerServiceTest]
04:47:56.859 [main] DEBUG org.springframework.test.annotation.ProfileValueUtils - Retrieved ProfileValueSource type [class org.springframework.test.annotation.SystemProfileValueSource] for class [com.vir.service.impl.OcrOptimizerServiceTest]
04:47:56.859 [main] DEBUG org.springframework.test.annotation.ProfileValueUtils - Retrieved @ProfileValueSourceConfiguration [null] for test class [com.vir.service.impl.processor.DocProcessorServiceTest]
04:47:56.859 [main] DEBUG org.springframework.test.annotation.ProfileValueUtils - Retrieved ProfileValueSource type [class org.springframework.test.annotation.SystemProfileValueSource] for class [com.vir.service.impl.processor.DocProcessorServiceTest]
04:47:56.859 [main] DEBUG org.springframework.test.annotation.ProfileValueUtils - Retrieved @ProfileValueSourceConfiguration [null] for test class [com.vir.service.impl.processor.OptimizedTextProcessorServiceTest]
04:47:56.859 [main] DEBUG org.springframework.test.annotation.ProfileValueUtils - Retrieved ProfileValueSource type [class org.springframework.test.annotation.SystemProfileValueSource] for class [com.vir.service.impl.processor.OptimizedTextProcessorServiceTest]
04:47:56.860 [main] DEBUG org.springframework.test.annotation.ProfileValueUtils - Retrieved @ProfileValueSourceConfiguration [null] for test class [com.vir.service.impl.processor.PdfProcessorServiceTest]
04:47:56.860 [main] DEBUG org.springframework.test.annotation.ProfileValueUtils - Retrieved ProfileValueSource type [class org.springframework.test.annotation.SystemProfileValueSource] for class [com.vir.service.impl.processor.PdfProcessorServiceTest]
04:47:56.860 [main] DEBUG org.springframework.test.annotation.ProfileValueUtils - Retrieved @ProfileValueSourceConfiguration [null] for test class [com.vir.service.impl.processor.SimpleTextProcessorServiceTest]
04:47:56.860 [main] DEBUG org.springframework.test.annotation.ProfileValueUtils - Retrieved ProfileValueSource type [class org.springframework.test.annotation.SystemProfileValueSource] for class [com.vir.service.impl.processor.SimpleTextProcessorServiceTest]
04:47:56.860 [main] DEBUG org.springframework.test.annotation.ProfileValueUtils - Retrieved @ProfileValueSourceConfiguration [null] for test class [com.vir.service.impl.processor.SimpleWordServiceTest]
04:47:56.860 [main] DEBUG org.springframework.test.annotation.ProfileValueUtils - Retrieved ProfileValueSource type [class org.springframework.test.annotation.SystemProfileValueSource] for class [com.vir.service.impl.processor.SimpleWordServiceTest]
04:47:56.860 [main] DEBUG org.springframework.test.annotation.ProfileValueUtils - Retrieved @ProfileValueSourceConfiguration [null] for test class [com.vir.VirBackendApplicationTests]
04:47:56.860 [main] DEBUG org.springframework.test.annotation.ProfileValueUtils - Retrieved ProfileValueSource type [class org.springframework.test.annotation.SystemProfileValueSource] for class [com.vir.VirBackendApplicationTests]
04:47:56.862 [main] DEBUG org.springframework.test.context.junit4.SpringJUnit4ClassRunner - SpringJUnit4ClassRunner constructor called with [class com.vir.controller.AceptanceOCRCriteriaBigFilesIntegrationTest]
04:47:56.862 [main] DEBUG org.springframework.test.context.BootstrapUtils - Instantiating CacheAwareContextLoaderDelegate from class [org.springframework.test.context.cache.DefaultCacheAwareContextLoaderDelegate]
04:47:56.862 [main] DEBUG org.springframework.test.context.BootstrapUtils - Instantiating BootstrapContext using constructor [public org.springframework.test.context.support.DefaultBootstrapContext(java.lang.Class,org.springframework.test.context.CacheAwareContextLoaderDelegate)]
04:47:56.863 [main] DEBUG org.springframework.test.context.BootstrapUtils - Instantiating TestContextBootstrapper for test class [com.vir.controller.AceptanceOCRCriteriaBigFilesIntegrationTest] from class [org.springframework.boot.test.context.SpringBootTestContextBootstrapper]
04:47:56.863 [main] INFO org.springframework.boot.test.context.SpringBootTestContextBootstrapper - Neither @ContextConfiguration nor @ContextHierarchy found for test class [com.vir.controller.AceptanceOCRCriteriaBigFilesIntegrationTest], using SpringBootContextLoader
04:47:56.864 [main] DEBUG org.springframework.test.context.support.AbstractContextLoader - Did not detect default resource location for test class [com.vir.controller.AceptanceOCRCriteriaBigFilesIntegrationTest]: class path resource [com/vir/controller/AceptanceOCRCriteriaBigFilesIntegrationTest-context.xml] does not exist
04:47:56.864 [main] DEBUG org.springframework.test.context.support.AbstractContextLoader - Did not detect default resource location for test class [com.vir.controller.AceptanceOCRCriteriaBigFilesIntegrationTest]: class path resource [com/vir/controller/AceptanceOCRCriteriaBigFilesIntegrationTestContext.groovy] does not exist
04:47:56.864 [main] INFO org.springframework.test.context.support.AbstractContextLoader - Could not detect default resource locations for test class [com.vir.controller.AceptanceOCRCriteriaBigFilesIntegrationTest]: no resource found for suffixes {-context.xml, Context.groovy}.
04:47:56.864 [main] DEBUG org.springframework.test.context.support.AnnotationConfigContextLoaderUtils - Ignoring class [com.vir.controller.AceptanceOCRCriteriaBigFilesIntegrationTest$Data]; it must be static, non-private, non-final, and annotated with @Configuration to be considered a default configuration class.
04:47:56.864 [main] INFO org.springframework.test.context.support.AnnotationConfigContextLoaderUtils - Could not detect default configuration classes for test class [com.vir.controller.AceptanceOCRCriteriaBigFilesIntegrationTest]: AceptanceOCRCriteriaBigFilesIntegrationTest does not declare any static, non-private, non-final, nested classes annotated with @Configuration.
04:47:56.869 [main] DEBUG org.springframework.core.env.StandardEnvironment - Adding [systemProperties] PropertySource with lowest search precedence
04:47:56.869 [main] DEBUG org.springframework.core.env.StandardEnvironment - Adding [systemEnvironment] PropertySource with lowest search precedence
04:47:56.869 [main] DEBUG org.springframework.core.env.StandardEnvironment - Initialized StandardEnvironment with PropertySources [systemProperties,systemEnvironment]
04:47:56.869 [main] INFO org.springframework.boot.test.context.SpringBootTestContextBootstrapper - Found @SpringBootConfiguration com.vir.VirBackendApplication for test class com.vir.controller.AceptanceOCRCriteriaBigFilesIntegrationTest
04:47:56.869 [main] DEBUG org.springframework.boot.test.context.SpringBootTestContextBootstrapper - @TestExecutionListeners is not present for class [com.vir.controller.AceptanceOCRCriteriaBigFilesIntegrationTest]: using defaults.
04:47:56.873 [main] INFO org.springframework.boot.test.context.SpringBootTestContextBootstrapper - Loaded default TestExecutionListener class names from location [META-INF/spring.factories]: [org.springframework.boot.test.mock.mockito.MockitoTestExecutionListener, org.springframework.boot.test.mock.mockito.ResetMocksTestExecutionListener, org.springframework.boot.test.autoconfigure.restdocs.RestDocsTestExecutionListener, org.springframework.boot.test.autoconfigure.web.client.MockRestServiceServerResetTestExecutionListener, org.springframework.boot.test.autoconfigure.web.servlet.MockMvcPrintOnlyOnFailureTestExecutionListener, org.springframework.boot.test.autoconfigure.web.servlet.WebDriverTestExecutionListener, org.springframework.test.context.web.ServletTestExecutionListener, org.springframework.test.context.support.DirtiesContextBeforeModesTestExecutionListener, org.springframework.test.context.support.DependencyInjectionTestExecutionListener, org.springframework.test.context.support.DirtiesContextTestExecutionListener, org.springframework.test.context.transaction.TransactionalTestExecutionListener, org.springframework.test.context.jdbc.SqlScriptsTestExecutionListener]
04:47:56.877 [main] INFO org.springframework.boot.test.context.SpringBootTestContextBootstrapper - Using TestExecutionListeners: [org.springframework.test.context.web.ServletTestExecutionListener@70f59913, org.springframework.test.context.support.DirtiesContextBeforeModesTestExecutionListener@77258e59, org.springframework.boot.test.autoconfigure.SpringBootDependencyInjectionTestExecutionListener@5dcd8c7a, org.springframework.test.context.support.DirtiesContextTestExecutionListener@2250b9f2, org.springframework.test.context.transaction.TransactionalTestExecutionListener@7e3181aa, org.springframework.test.context.jdbc.SqlScriptsTestExecutionListener@253d9f73, org.springframework.boot.test.autoconfigure.restdocs.RestDocsTestExecutionListener@142269f2, org.springframework.boot.test.autoconfigure.web.servlet.MockMvcPrintOnlyOnFailureTestExecutionListener@331acdad, org.springframework.boot.test.mock.mockito.MockitoTestExecutionListener@41d426b5, org.springframework.boot.test.autoconfigure.web.servlet.WebDriverTestExecutionListener@8dbfffb, org.springframework.boot.test.mock.mockito.ResetMocksTestExecutionListener@f316aeb, org.springframework.boot.test.autoconfigure.web.client.MockRestServiceServerResetTestExecutionListener@6aa3a905]
04:47:56.878 [main] DEBUG org.springframework.test.annotation.ProfileValueUtils - Retrieved @ProfileValueSourceConfiguration [null] for test class [com.vir.controller.AceptanceOCRCriteriaBigFilesIntegrationTest]
04:47:56.878 [main] DEBUG org.springframework.test.annotation.ProfileValueUtils - Retrieved ProfileValueSource type [class org.springframework.test.annotation.SystemProfileValueSource] for class [com.vir.controller.AceptanceOCRCriteriaBigFilesIntegrationTest]
04:47:56.878 [main] DEBUG org.springframework.test.annotation.ProfileValueUtils - Retrieved @ProfileValueSourceConfiguration [null] for test class [com.vir.controller.AceptanceOCRCriteriaBigFilesIntegrationTest]
04:47:56.878 [main] DEBUG org.springframework.test.annotation.ProfileValueUtils - Retrieved ProfileValueSource type [class org.springframework.test.annotation.SystemProfileValueSource] for class [com.vir.controller.AceptanceOCRCriteriaBigFilesIntegrationTest]
]]></system-out>
  </testcase>
</testsuite>